<!DOCTYPE html PUBLIC "-//W3C//DTD XHTML 1.1//EN" "http://www.w3.org/TR/xhtml11/DTD/xhtml11.dtd">
<html xmlns="http://www.w3.org/1999/xhtml">
<head>
<meta http-equiv="content-type" content="text/html; charset=UTF-8"/>
<title>TestNG Report</title>
<style type="text/css">table {margin-bottom:10px;border-collapse:collapse;empty-cells:show}th,td {border:1px solid #009;padding:.25em .5em}th {vertical-align:bottom}td {vertical-align:top}table a {font-weight:bold}.stripe td {background-color: #E6EBF9}.num {text-align:right}.passedodd td {background-color: #3F3}.passedeven td {background-color: #0A0}.skippedodd td {background-color: #DDD}.skippedeven td {background-color: #CCC}.failedodd td,.attn {background-color: #F33}.failedeven td,.stripe .attn {background-color: #D00}.stacktrace {white-space:pre;font-family:monospace}.totop {font-size:85%;text-align:center;border-bottom:2px solid #000}.invisible {display:none}</style>
</head>
<body>
<table>
<tr><th>Test</th><th># Passed</th><th># Skipped</th><th># Failed</th><th>Time (ms)</th><th>Included Groups</th><th>Excluded Groups</th></tr>
<tr><th colspan="7">Suite</th></tr>
<tr><td><a href="#t0">Test JZDT</a></td><td class="num">30</td><td class="num attn">3</td><td class="num attn">1</td><td class="num">186,932</td><td></td><td></td></tr>
</table>
<table id='summary'><thead><tr><th>Class</th><th>Method</th><th>Start</th><th>Time (ms)</th></tr></thead><tbody><tr><th colspan="4">Suite</th></tr></tbody><tbody id="t0"><tr><th colspan="4">Test JZDT &#8212; failed</th></tr><tr class="failedeven"><td rowspan="1">com.test.testSuite.TestCases</td><td><a href="#m0">testDataRecover</a></td><td rowspan="1">1549960855358</td><td rowspan="1">13260</td></tr><tr><th colspan="4">Test JZDT &#8212; skipped</th></tr><tr class="skippedeven"><td rowspan="3">com.test.testSuite.TestCases</td><td><a href="#m1">testDataRecover</a></td><td rowspan="2">1549960852241</td><td rowspan="2">3116</td></tr><tr class="skippedeven"><td><a href="#m2">testDataRecover</a></td></tr><tr class="skippedeven"><td><a href="#m3">testSelectFromDropListAndSearchUser</a></td><td rowspan="1">1549960719409</td><td rowspan="1">75</td></tr><tr><th colspan="4">Test JZDT &#8212; passed</th></tr><tr class="passedeven"><td rowspan="1">com.test.testSuite.Login</td><td><a href="#m4">logPass</a></td><td rowspan="1">1549960681716</td><td rowspan="1">4098</td></tr><tr class="passedodd"><td rowspan="29">com.test.testSuite.TestCases</td><td><a href="#m5">testAddDept</a></td><td rowspan="1">1549960793013</td><td rowspan="1">7808</td></tr><tr class="passedodd"><td><a href="#m6">testAddRolePass</a></td><td rowspan="1">1549960743409</td><td rowspan="1">7238</td></tr><tr class="passedodd"><td><a href="#m7">testAddUserFieldLength</a></td><td rowspan="1">1549960710407</td><td rowspan="1">1281</td></tr><tr class="passedodd"><td><a href="#m8">testAddUserFiledNotNull</a></td><td rowspan="1">1549960709210</td><td rowspan="1">1196</td></tr><tr class="passedodd"><td><a href="#m9">testAddUserPass</a></td><td rowspan="1">1549960711690</td><td rowspan="1">7411</td></tr><tr class="passedodd"><td><a href="#m10">testConditionQueryAndLocate</a></td><td rowspan="1">1549960698946</td><td rowspan="1">7349</td></tr><tr class="passedodd"><td><a href="#m11">testDataBrowseFolder</a></td><td rowspan="1">1549960695340</td><td rowspan="1">1715</td></tr><tr class="passedodd"><td><a href="#m12">testDataUpdateUploadFile</a></td><td rowspan="1">1549960824658</td><td rowspan="1">14490</td></tr><tr class="passedodd"><td><a href="#m13">testDeleteDept</a></td><td rowspan="1">1549960812072</td><td rowspan="1">12586</td></tr><tr class="passedodd"><td><a href="#m14">testDeleteRole</a></td><td rowspan="1">1549960780342</td><td rowspan="1">12671</td></tr><tr class="passedodd"><td><a href="#m15">testDeleteUser</a></td><td rowspan="1">1549960730668</td><td rowspan="1">12741</td></tr><tr class="passedodd"><td><a href="#m16">testEditDept</a></td><td rowspan="1">1549960804324</td><td rowspan="1">7748</td></tr><tr class="passedodd"><td><a href="#m17">testEditRole</a></td><td rowspan="1">1549960753941</td><td rowspan="1">7150</td></tr><tr class="passedodd"><td><a href="#m18">testEditUser</a></td><td rowspan="1">1549960719891</td><td rowspan="1">9317</td></tr><tr class="passedodd"><td><a href="#m19">testFenYeInUserRole</a></td><td rowspan="1">1549960761092</td><td rowspan="1">19250</td></tr><tr class="passedodd"><td><a href="#m20">testInputKeywordAndSearchDept</a></td><td rowspan="1">1549960802971</td><td rowspan="1">973</td></tr><tr class="passedodd"><td><a href="#m21">testInputKeywordAndSearchRole</a></td><td rowspan="1">1549960752693</td><td rowspan="1">285</td></tr><tr class="passedodd"><td><a href="#m22">testInputKeywordAndSearchUser</a></td><td rowspan="1">1549960719102</td><td rowspan="1">306</td></tr><tr class="passedodd"><td><a href="#m23">testInputRoadNameAndLocate</a></td><td rowspan="1">1549960684507</td><td rowspan="1">9269</td></tr><tr class="passedodd"><td><a href="#m24">testInputRoadNameAndLocateInDataExport</a></td><td rowspan="1">1549960708625</td><td rowspan="1">584</td></tr><tr class="passedodd"><td><a href="#m25">testRoleNameFieldVerify</a></td><td rowspan="1">1549960750648</td><td rowspan="1">2044</td></tr><tr class="passedodd"><td><a href="#m26">testSelectDataTypeAndAreaMeasureInDataQueryFolder</a></td><td rowspan="1">1549960697055</td><td rowspan="1">1891</td></tr><tr class="passedodd"><td><a href="#m27">testSelectDataTypeAndMeasureInDataExport</a></td><td rowspan="1">1549960706295</td><td rowspan="1">2330</td></tr><tr class="passedodd"><td><a href="#m28">testSelectDataType_HongGuan</a></td><td rowspan="1">1549960693777</td><td rowspan="1">1563</td></tr><tr class="passedodd"><td><a href="#m29">testSelectFromDropListAndSearchDept</a></td><td rowspan="1">1549960803944</td><td rowspan="1">379</td></tr><tr class="passedodd"><td><a href="#m30">testSelectFromDropListAndSearchRole</a></td><td rowspan="1">1549960752979</td><td rowspan="1">962</td></tr><tr class="passedodd"><td><a href="#m31">testSelectFromDropListAndSearchUser</a></td><td rowspan="1">1549960719485</td><td rowspan="1">406</td></tr><tr class="passedodd"><td><a href="#m32">testUserNameNotAllowedDuplicate</a></td><td rowspan="1">1549960729209</td><td rowspan="1">1459</td></tr><tr class="passedodd"><td><a href="#m33">testVerifyDeptNameField</a></td><td rowspan="1">1549960800822</td><td rowspan="1">2149</td></tr></tbody>
</table>
<h2>Test JZDT</h2><h3 id="m0">com.test.testSuite.TestCases#testDataRecover</h3><table class="result"><tr><th>Exception</th></tr><tr><td><div class="stacktrace">org.openqa.selenium.TimeoutException: Expected condition failed: waiting for visibility of [org.openqa.selenium.remote.RemoteWebElement@6d7798c1 -&gt; unknown locator] (tried for 10 second(s) with 500 milliseconds interval)
Build info: version: &apos;3.12.0&apos;, revision: &apos;7c6e0b3&apos;, time: &apos;2018-05-08T14:04:26.12Z&apos;
System info: host: &apos;DESKTOP-LPMN131&apos;, ip: &apos;192.168.10.160&apos;, os.name: &apos;Windows 8.1&apos;, os.arch: &apos;amd64&apos;, os.version: &apos;6.3&apos;, java.version: &apos;1.8.0&apos;
Driver info: org.openqa.selenium.chrome.ChromeDriver
Capabilities {acceptInsecureCerts: false, acceptSslCerts: false, applicationCacheEnabled: false, browserConnectionEnabled: false, browserName: chrome, chrome: {chromedriverVersion: 2.40.565498 (ea082db3280dd6..., userDataDir: C:\Users\w\AppData\Local\Te...}, cssSelectorsEnabled: true, databaseEnabled: false, handlesAlerts: true, hasTouchScreen: false, javascriptEnabled: true, locationContextEnabled: true, mobileEmulationEnabled: false, nativeEvents: true, networkConnectionEnabled: false, pageLoadStrategy: normal, platform: XP, platformName: XP, rotatable: false, setWindowRect: true, takesHeapSnapshot: true, takesScreenshot: true, unexpectedAlertBehaviour: , unhandledPromptBehavior: , version: 72.0.3626.96, webStorageEnabled: true}
Session ID: 38045fe94289b0d2fbfd054a0389e392
	at org.openqa.selenium.support.ui.WebDriverWait.timeoutException(WebDriverWait.java:81)
	at org.openqa.selenium.support.ui.FluentWait.until(FluentWait.java:271)
	at com.test.testSuite.TestCases.testDataRecover(TestCases.java:163)
	at sun.reflect.NativeMethodAccessorImpl.invoke0(Native Method)
	at sun.reflect.NativeMethodAccessorImpl.invoke(NativeMethodAccessorImpl.java:62)
	at sun.reflect.DelegatingMethodAccessorImpl.invoke(DelegatingMethodAccessorImpl.java:43)
	at java.lang.reflect.Method.invoke(Method.java:483)
	at org.testng.internal.MethodInvocationHelper.invokeMethod(MethodInvocationHelper.java:124)
	at org.testng.internal.Invoker.invokeMethod(Invoker.java:583)
	at org.testng.internal.Invoker.retryFailed(Invoker.java:839)
	at org.testng.internal.Invoker.invokeTestMethods(Invoker.java:1010)
	at org.testng.internal.TestMethodWorker.invokeTestMethods(TestMethodWorker.java:125)
	at org.testng.internal.TestMethodWorker.run(TestMethodWorker.java:109)
	at java.util.concurrent.ThreadPoolExecutor.runWorker(ThreadPoolExecutor.java:1142)
	at java.util.concurrent.ThreadPoolExecutor$Worker.run(ThreadPoolExecutor.java:617)
	at java.lang.Thread.run(Thread.java:744)
</div></td></tr></table><p class="totop"><a href="#summary">back to summary</a></p>
<h3 id="m1">com.test.testSuite.TestCases#testDataRecover</h3><table class="result"><tr><th>Exception</th></tr><tr><td><div class="stacktrace">org.openqa.selenium.WebDriverException: unknown error: Element &lt;h2&gt;...&lt;/h2&gt; is not clickable at point (110, 271). Other element would receive the click: &lt;div id=&quot;dialog_overlay&quot; class=&quot;md-overlay md-fixed md-dialog-overlay&quot; style=&quot;&quot;&gt;&lt;/div&gt;
  (Session info: chrome=72.0.3626.96)
  (Driver info: chromedriver=2.40.565498 (ea082db3280dd6843ebfb08a625e3eb905c4f5ab),platform=Windows NT 10.0.17134 x86_64) (WARNING: The server did not provide any stacktrace information)
Command duration or timeout: 0 milliseconds
Build info: version: &apos;3.12.0&apos;, revision: &apos;7c6e0b3&apos;, time: &apos;2018-05-08T14:04:26.12Z&apos;
System info: host: &apos;DESKTOP-LPMN131&apos;, ip: &apos;192.168.10.160&apos;, os.name: &apos;Windows 8.1&apos;, os.arch: &apos;amd64&apos;, os.version: &apos;6.3&apos;, java.version: &apos;1.8.0&apos;
Driver info: org.openqa.selenium.chrome.ChromeDriver
Capabilities {acceptInsecureCerts: false, acceptSslCerts: false, applicationCacheEnabled: false, browserConnectionEnabled: false, browserName: chrome, chrome: {chromedriverVersion: 2.40.565498 (ea082db3280dd6..., userDataDir: C:\Users\w\AppData\Local\Te...}, cssSelectorsEnabled: true, databaseEnabled: false, handlesAlerts: true, hasTouchScreen: false, javascriptEnabled: true, locationContextEnabled: true, mobileEmulationEnabled: false, nativeEvents: true, networkConnectionEnabled: false, pageLoadStrategy: normal, platform: XP, platformName: XP, rotatable: false, setWindowRect: true, takesHeapSnapshot: true, takesScreenshot: true, unexpectedAlertBehaviour: , unhandledPromptBehavior: , version: 72.0.3626.96, webStorageEnabled: true}
Session ID: 38045fe94289b0d2fbfd054a0389e392
	at sun.reflect.NativeConstructorAccessorImpl.newInstance0(Native Method)
	at sun.reflect.NativeConstructorAccessorImpl.newInstance(NativeConstructorAccessorImpl.java:62)
	at sun.reflect.DelegatingConstructorAccessorImpl.newInstance(DelegatingConstructorAccessorImpl.java:45)
	at java.lang.reflect.Constructor.newInstance(Constructor.java:408)
	at org.openqa.selenium.remote.ErrorHandler.createThrowable(ErrorHandler.java:214)
	at org.openqa.selenium.remote.ErrorHandler.throwIfResponseFailed(ErrorHandler.java:166)
	at org.openqa.selenium.remote.http.JsonHttpResponseCodec.reconstructValue(JsonHttpResponseCodec.java:40)
	at org.openqa.selenium.remote.http.AbstractHttpResponseCodec.decode(AbstractHttpResponseCodec.java:80)
	at org.openqa.selenium.remote.http.AbstractHttpResponseCodec.decode(AbstractHttpResponseCodec.java:44)
	at org.openqa.selenium.remote.HttpCommandExecutor.execute(HttpCommandExecutor.java:158)
	at org.openqa.selenium.remote.service.DriverCommandExecutor.execute(DriverCommandExecutor.java:83)
	at org.openqa.selenium.remote.RemoteWebDriver.execute(RemoteWebDriver.java:543)
	at org.openqa.selenium.remote.RemoteWebElement.execute(RemoteWebElement.java:276)
	at org.openqa.selenium.remote.RemoteWebElement.click(RemoteWebElement.java:83)
	at com.test.testSuite.TestCases.testDataRecover(TestCases.java:163)
	at sun.reflect.NativeMethodAccessorImpl.invoke0(Native Method)
	at sun.reflect.NativeMethodAccessorImpl.invoke(NativeMethodAccessorImpl.java:62)
	at sun.reflect.DelegatingMethodAccessorImpl.invoke(DelegatingMethodAccessorImpl.java:43)
	at java.lang.reflect.Method.invoke(Method.java:483)
	at org.testng.internal.MethodInvocationHelper.invokeMethod(MethodInvocationHelper.java:124)
	at org.testng.internal.Invoker.invokeMethod(Invoker.java:583)
	at org.testng.internal.Invoker.retryFailed(Invoker.java:839)
	at org.testng.internal.Invoker.invokeTestMethods(Invoker.java:1010)
	at org.testng.internal.TestMethodWorker.invokeTestMethods(TestMethodWorker.java:125)
	at org.testng.internal.TestMethodWorker.run(TestMethodWorker.java:109)
	at java.util.concurrent.ThreadPoolExecutor.runWorker(ThreadPoolExecutor.java:1142)
	at java.util.concurrent.ThreadPoolExecutor$Worker.run(ThreadPoolExecutor.java:617)
	at java.lang.Thread.run(Thread.java:744)
</div></td></tr></table><p class="totop"><a href="#summary">back to summary</a></p>
<h3 id="m2">com.test.testSuite.TestCases#testDataRecover</h3><table class="result"><tr><th>Exception</th></tr><tr><td><div class="stacktrace">org.openqa.selenium.TimeoutException: Expected condition failed: waiting for visibility of [org.openqa.selenium.remote.RemoteWebElement@6d7798c1 -&gt; unknown locator] (tried for 10 second(s) with 500 milliseconds interval)
Build info: version: &apos;3.12.0&apos;, revision: &apos;7c6e0b3&apos;, time: &apos;2018-05-08T14:04:26.12Z&apos;
System info: host: &apos;DESKTOP-LPMN131&apos;, ip: &apos;192.168.10.160&apos;, os.name: &apos;Windows 8.1&apos;, os.arch: &apos;amd64&apos;, os.version: &apos;6.3&apos;, java.version: &apos;1.8.0&apos;
Driver info: org.openqa.selenium.chrome.ChromeDriver
Capabilities {acceptInsecureCerts: false, acceptSslCerts: false, applicationCacheEnabled: false, browserConnectionEnabled: false, browserName: chrome, chrome: {chromedriverVersion: 2.40.565498 (ea082db3280dd6..., userDataDir: C:\Users\w\AppData\Local\Te...}, cssSelectorsEnabled: true, databaseEnabled: false, handlesAlerts: true, hasTouchScreen: false, javascriptEnabled: true, locationContextEnabled: true, mobileEmulationEnabled: false, nativeEvents: true, networkConnectionEnabled: false, pageLoadStrategy: normal, platform: XP, platformName: XP, rotatable: false, setWindowRect: true, takesHeapSnapshot: true, takesScreenshot: true, unexpectedAlertBehaviour: , unhandledPromptBehavior: , version: 72.0.3626.96, webStorageEnabled: true}
Session ID: 38045fe94289b0d2fbfd054a0389e392
	at org.openqa.selenium.support.ui.WebDriverWait.timeoutException(WebDriverWait.java:81)
	at org.openqa.selenium.support.ui.FluentWait.until(FluentWait.java:271)
	at com.test.testSuite.TestCases.testDataRecover(TestCases.java:163)
	at sun.reflect.NativeMethodAccessorImpl.invoke0(Native Method)
	at sun.reflect.NativeMethodAccessorImpl.invoke(NativeMethodAccessorImpl.java:62)
	at sun.reflect.DelegatingMethodAccessorImpl.invoke(DelegatingMethodAccessorImpl.java:43)
	at java.lang.reflect.Method.invoke(Method.java:483)
	at org.testng.internal.MethodInvocationHelper.invokeMethod(MethodInvocationHelper.java:124)
	at org.testng.internal.Invoker.invokeMethod(Invoker.java:583)
	at org.testng.internal.Invoker.invokeTestMethod(Invoker.java:719)
	at org.testng.internal.Invoker.invokeTestMethods(Invoker.java:989)
	at org.testng.internal.TestMethodWorker.invokeTestMethods(TestMethodWorker.java:125)
	at org.testng.internal.TestMethodWorker.run(TestMethodWorker.java:109)
	at java.util.concurrent.ThreadPoolExecutor.runWorker(ThreadPoolExecutor.java:1142)
	at java.util.concurrent.ThreadPoolExecutor$Worker.run(ThreadPoolExecutor.java:617)
	at java.lang.Thread.run(Thread.java:744)
</div></td></tr></table><p class="totop"><a href="#summary">back to summary</a></p>
<h3 id="m3">com.test.testSuite.TestCases#testSelectFromDropListAndSearchUser</h3><table class="result"><tr><th>Exception</th></tr><tr><td><div class="stacktrace">org.openqa.selenium.WebDriverException: unknown error: Element &lt;h2 class=&quot;&quot;&gt;...&lt;/h2&gt; is not clickable at point (110, 301). Other element would receive the click: &lt;a href=&quot;usermaintain.html&quot; target=&quot;ifbox&quot;&gt;...&lt;/a&gt;
  (Session info: chrome=72.0.3626.96)
  (Driver info: chromedriver=2.40.565498 (ea082db3280dd6843ebfb08a625e3eb905c4f5ab),platform=Windows NT 10.0.17134 x86_64) (WARNING: The server did not provide any stacktrace information)
Command duration or timeout: 0 milliseconds
Build info: version: &apos;3.12.0&apos;, revision: &apos;7c6e0b3&apos;, time: &apos;2018-05-08T14:04:26.12Z&apos;
System info: host: &apos;DESKTOP-LPMN131&apos;, ip: &apos;192.168.10.160&apos;, os.name: &apos;Windows 8.1&apos;, os.arch: &apos;amd64&apos;, os.version: &apos;6.3&apos;, java.version: &apos;1.8.0&apos;
Driver info: org.openqa.selenium.chrome.ChromeDriver
Capabilities {acceptInsecureCerts: false, acceptSslCerts: false, applicationCacheEnabled: false, browserConnectionEnabled: false, browserName: chrome, chrome: {chromedriverVersion: 2.40.565498 (ea082db3280dd6..., userDataDir: C:\Users\w\AppData\Local\Te...}, cssSelectorsEnabled: true, databaseEnabled: false, handlesAlerts: true, hasTouchScreen: false, javascriptEnabled: true, locationContextEnabled: true, mobileEmulationEnabled: false, nativeEvents: true, networkConnectionEnabled: false, pageLoadStrategy: normal, platform: XP, platformName: XP, rotatable: false, setWindowRect: true, takesHeapSnapshot: true, takesScreenshot: true, unexpectedAlertBehaviour: , unhandledPromptBehavior: , version: 72.0.3626.96, webStorageEnabled: true}
Session ID: 38045fe94289b0d2fbfd054a0389e392
	at sun.reflect.NativeConstructorAccessorImpl.newInstance0(Native Method)
	at sun.reflect.NativeConstructorAccessorImpl.newInstance(NativeConstructorAccessorImpl.java:62)
	at sun.reflect.DelegatingConstructorAccessorImpl.newInstance(DelegatingConstructorAccessorImpl.java:45)
	at java.lang.reflect.Constructor.newInstance(Constructor.java:408)
	at org.openqa.selenium.remote.ErrorHandler.createThrowable(ErrorHandler.java:214)
	at org.openqa.selenium.remote.ErrorHandler.throwIfResponseFailed(ErrorHandler.java:166)
	at org.openqa.selenium.remote.http.JsonHttpResponseCodec.reconstructValue(JsonHttpResponseCodec.java:40)
	at org.openqa.selenium.remote.http.AbstractHttpResponseCodec.decode(AbstractHttpResponseCodec.java:80)
	at org.openqa.selenium.remote.http.AbstractHttpResponseCodec.decode(AbstractHttpResponseCodec.java:44)
	at org.openqa.selenium.remote.HttpCommandExecutor.execute(HttpCommandExecutor.java:158)
	at org.openqa.selenium.remote.service.DriverCommandExecutor.execute(DriverCommandExecutor.java:83)
	at org.openqa.selenium.remote.RemoteWebDriver.execute(RemoteWebDriver.java:543)
	at org.openqa.selenium.remote.RemoteWebElement.execute(RemoteWebElement.java:276)
	at org.openqa.selenium.remote.RemoteWebElement.click(RemoteWebElement.java:83)
	at com.test.pages.UserManagePage.goToUserManagePage(UserManagePage.java:17)
	at com.test.testSuite.TestCases.testSelectFromDropListAndSearchUser(TestCases.java:262)
	at sun.reflect.NativeMethodAccessorImpl.invoke0(Native Method)
	at sun.reflect.NativeMethodAccessorImpl.invoke(NativeMethodAccessorImpl.java:62)
	at sun.reflect.DelegatingMethodAccessorImpl.invoke(DelegatingMethodAccessorImpl.java:43)
	at java.lang.reflect.Method.invoke(Method.java:483)
	at org.testng.internal.MethodInvocationHelper.invokeMethod(MethodInvocationHelper.java:124)
	at org.testng.internal.Invoker.invokeMethod(Invoker.java:583)
	at org.testng.internal.Invoker.invokeTestMethod(Invoker.java:719)
	at org.testng.internal.Invoker.invokeTestMethods(Invoker.java:989)
	at org.testng.internal.TestMethodWorker.invokeTestMethods(TestMethodWorker.java:125)
	at org.testng.internal.TestMethodWorker.run(TestMethodWorker.java:109)
	at java.util.concurrent.ThreadPoolExecutor.runWorker(ThreadPoolExecutor.java:1142)
	at java.util.concurrent.ThreadPoolExecutor$Worker.run(ThreadPoolExecutor.java:617)
	at java.lang.Thread.run(Thread.java:744)
</div></td></tr></table><p class="totop"><a href="#summary">back to summary</a></p>
<h3 id="m4">com.test.testSuite.Login#logPass</h3><table class="result"><tr><th>Messages</th></tr><tr><td><div class="messages">登录成功</div></td></tr></table><p class="totop"><a href="#summary">back to summary</a></p>
<h3 id="m5">com.test.testSuite.TestCases#testAddDept</h3><table class="result"><tr class="param"><th>Parameter #1</th><th>Parameter #2</th></tr><tr class="param stripe"><td>testDept</td><td>testSpon</td></tr></table><p class="totop"><a href="#summary">back to summary</a></p>
<h3 id="m6">com.test.testSuite.TestCases#testAddRolePass</h3><table class="result"><tr class="param"><th>Parameter #1</th></tr><tr class="param stripe"><td>roleName</td></tr></table><p class="totop"><a href="#summary">back to summary</a></p>
<h3 id="m7">com.test.testSuite.TestCases#testAddUserFieldLength</h3><table class="result"><tr><th class="invisible"/></tr></table><p class="totop"><a href="#summary">back to summary</a></p>
<h3 id="m8">com.test.testSuite.TestCases#testAddUserFiledNotNull</h3><table class="result"><tr><th class="invisible"/></tr></table><p class="totop"><a href="#summary">back to summary</a></p>
<h3 id="m9">com.test.testSuite.TestCases#testAddUserPass</h3><table class="result"><tr class="param"><th>Parameter #1</th><th>Parameter #2</th></tr><tr class="param stripe"><td>test1</td><td>test1</td></tr></table><p class="totop"><a href="#summary">back to summary</a></p>
<h3 id="m10">com.test.testSuite.TestCases#testConditionQueryAndLocate</h3><table class="result"><tr><th class="invisible"/></tr></table><p class="totop"><a href="#summary">back to summary</a></p>
<h3 id="m11">com.test.testSuite.TestCases#testDataBrowseFolder</h3><table class="result"><tr><th class="invisible"/></tr></table><p class="totop"><a href="#summary">back to summary</a></p>
<h3 id="m12">com.test.testSuite.TestCases#testDataUpdateUploadFile</h3><table class="result"><tr><th class="invisible"/></tr></table><p class="totop"><a href="#summary">back to summary</a></p>
<h3 id="m13">com.test.testSuite.TestCases#testDeleteDept</h3><table class="result"><tr><th class="invisible"/></tr></table><p class="totop"><a href="#summary">back to summary</a></p>
<h3 id="m14">com.test.testSuite.TestCases#testDeleteRole</h3><table class="result"><tr><th class="invisible"/></tr></table><p class="totop"><a href="#summary">back to summary</a></p>
<h3 id="m15">com.test.testSuite.TestCases#testDeleteUser</h3><table class="result"><tr><th class="invisible"/></tr></table><p class="totop"><a href="#summary">back to summary</a></p>
<h3 id="m16">com.test.testSuite.TestCases#testEditDept</h3><table class="result"><tr><th class="invisible"/></tr></table><p class="totop"><a href="#summary">back to summary</a></p>
<h3 id="m17">com.test.testSuite.TestCases#testEditRole</h3><table class="result"><tr><th class="invisible"/></tr></table><p class="totop"><a href="#summary">back to summary</a></p>
<h3 id="m18">com.test.testSuite.TestCases#testEditUser</h3><table class="result"><tr><th class="invisible"/></tr></table><p class="totop"><a href="#summary">back to summary</a></p>
<h3 id="m19">com.test.testSuite.TestCases#testFenYeInUserRole</h3><table class="result"><tr><th class="invisible"/></tr></table><p class="totop"><a href="#summary">back to summary</a></p>
<h3 id="m20">com.test.testSuite.TestCases#testInputKeywordAndSearchDept</h3><table class="result"><tr class="param"><th>Parameter #1</th></tr><tr class="param stripe"><td>testDept</td></tr></table><p class="totop"><a href="#summary">back to summary</a></p>
<h3 id="m21">com.test.testSuite.TestCases#testInputKeywordAndSearchRole</h3><table class="result"><tr class="param"><th>Parameter #1</th></tr><tr class="param stripe"><td>roleName</td></tr></table><p class="totop"><a href="#summary">back to summary</a></p>
<h3 id="m22">com.test.testSuite.TestCases#testInputKeywordAndSearchUser</h3><table class="result"><tr><th class="invisible"/></tr></table><p class="totop"><a href="#summary">back to summary</a></p>
<h3 id="m23">com.test.testSuite.TestCases#testInputRoadNameAndLocate</h3><table class="result"><tr><th class="invisible"/></tr></table><p class="totop"><a href="#summary">back to summary</a></p>
<h3 id="m24">com.test.testSuite.TestCases#testInputRoadNameAndLocateInDataExport</h3><table class="result"><tr><th class="invisible"/></tr></table><p class="totop"><a href="#summary">back to summary</a></p>
<h3 id="m25">com.test.testSuite.TestCases#testRoleNameFieldVerify</h3><table class="result"><tr class="param"><th>Parameter #1</th></tr><tr class="param stripe"><td>roleName</td></tr></table><p class="totop"><a href="#summary">back to summary</a></p>
<h3 id="m26">com.test.testSuite.TestCases#testSelectDataTypeAndAreaMeasureInDataQueryFolder</h3><table class="result"><tr><th class="invisible"/></tr></table><p class="totop"><a href="#summary">back to summary</a></p>
<h3 id="m27">com.test.testSuite.TestCases#testSelectDataTypeAndMeasureInDataExport</h3><table class="result"><tr><th class="invisible"/></tr></table><p class="totop"><a href="#summary">back to summary</a></p>
<h3 id="m28">com.test.testSuite.TestCases#testSelectDataType_HongGuan</h3><table class="result"><tr><th class="invisible"/></tr></table><p class="totop"><a href="#summary">back to summary</a></p>
<h3 id="m29">com.test.testSuite.TestCases#testSelectFromDropListAndSearchDept</h3><table class="result"><tr><th class="invisible"/></tr></table><p class="totop"><a href="#summary">back to summary</a></p>
<h3 id="m30">com.test.testSuite.TestCases#testSelectFromDropListAndSearchRole</h3><table class="result"><tr><th class="invisible"/></tr></table><p class="totop"><a href="#summary">back to summary</a></p>
<h3 id="m31">com.test.testSuite.TestCases#testSelectFromDropListAndSearchUser</h3><table class="result"><tr><th class="invisible"/></tr></table><p class="totop"><a href="#summary">back to summary</a></p>
<h3 id="m32">com.test.testSuite.TestCases#testUserNameNotAllowedDuplicate</h3><table class="result"><tr class="param"><th>Parameter #1</th><th>Parameter #2</th></tr><tr class="param stripe"><td>test1</td><td>test1</td></tr></table><p class="totop"><a href="#summary">back to summary</a></p>
<h3 id="m33">com.test.testSuite.TestCases#testVerifyDeptNameField</h3><table class="result"><tr class="param"><th>Parameter #1</th><th>Parameter #2</th></tr><tr class="param stripe"><td>testDept</td><td>testSpon</td></tr></table><p class="totop"><a href="#summary">back to summary</a></p>
</body>
</html>
