<?xml version="1.0" encoding="UTF-8"?>
<testng-results skipped="3" failed="1" ignored="4" total="38" passed="30">
  <reporter-output>
    <line>
      <![CDATA[登录成功]]>
    </line>
  </reporter-output>
  <suite name="Suite" duration-ms="186932" started-at="2019-02-12T08:38:01Z" finished-at="2019-02-12T08:41:08Z">
    <groups>
    </groups>
    <test name="Test JZDT" duration-ms="186932" started-at="2019-02-12T08:38:01Z" finished-at="2019-02-12T08:41:08Z">
      <class name="com.test.testSuite.TestCases">
        <test-method status="PASS" signature="setUP()[pri:0, instance:com.test.testSuite.TestCases@550dbc7a]" name="setUP" is-config="true" duration-ms="2800" started-at="2019-02-12T08:38:01Z" finished-at="2019-02-12T08:38:04Z">
          <reporter-output>
          </reporter-output>
        </test-method> <!-- setUP -->
        <test-method status="PASS" signature="testInputRoadNameAndLocate()[pri:0, instance:com.test.testSuite.TestCases@550dbc7a]" name="testInputRoadNameAndLocate" duration-ms="9269" started-at="2019-02-12T08:38:04Z" finished-at="2019-02-12T08:38:13Z">
          <reporter-output>
          </reporter-output>
        </test-method> <!-- testInputRoadNameAndLocate -->
        <test-method status="PASS" signature="testSelectDataType_HongGuan()[pri:0, instance:com.test.testSuite.TestCases@550dbc7a]" name="testSelectDataType_HongGuan" duration-ms="1563" started-at="2019-02-12T08:38:13Z" finished-at="2019-02-12T08:38:15Z">
          <reporter-output>
          </reporter-output>
        </test-method> <!-- testSelectDataType_HongGuan -->
        <test-method status="PASS" signature="testDataBrowseFolder()[pri:0, instance:com.test.testSuite.TestCases@550dbc7a]" name="testDataBrowseFolder" duration-ms="1715" started-at="2019-02-12T08:38:15Z" finished-at="2019-02-12T08:38:17Z">
          <reporter-output>
          </reporter-output>
        </test-method> <!-- testDataBrowseFolder -->
        <test-method status="PASS" signature="testSelectDataTypeAndAreaMeasureInDataQueryFolder()[pri:0, instance:com.test.testSuite.TestCases@550dbc7a]" name="testSelectDataTypeAndAreaMeasureInDataQueryFolder" duration-ms="1891" started-at="2019-02-12T08:38:17Z" finished-at="2019-02-12T08:38:18Z">
          <reporter-output>
          </reporter-output>
        </test-method> <!-- testSelectDataTypeAndAreaMeasureInDataQueryFolder -->
        <test-method status="PASS" signature="testConditionQueryAndLocate()[pri:0, instance:com.test.testSuite.TestCases@550dbc7a]" name="testConditionQueryAndLocate" duration-ms="7349" started-at="2019-02-12T08:38:18Z" finished-at="2019-02-12T08:38:26Z">
          <reporter-output>
          </reporter-output>
        </test-method> <!-- testConditionQueryAndLocate -->
        <test-method status="PASS" signature="testSelectDataTypeAndMeasureInDataExport()[pri:0, instance:com.test.testSuite.TestCases@550dbc7a]" name="testSelectDataTypeAndMeasureInDataExport" duration-ms="2330" started-at="2019-02-12T08:38:26Z" finished-at="2019-02-12T08:38:28Z">
          <reporter-output>
          </reporter-output>
        </test-method> <!-- testSelectDataTypeAndMeasureInDataExport -->
        <test-method status="PASS" signature="testInputRoadNameAndLocateInDataExport()[pri:0, instance:com.test.testSuite.TestCases@550dbc7a]" name="testInputRoadNameAndLocateInDataExport" duration-ms="584" started-at="2019-02-12T08:38:28Z" finished-at="2019-02-12T08:38:29Z">
          <reporter-output>
          </reporter-output>
        </test-method> <!-- testInputRoadNameAndLocateInDataExport -->
        <test-method status="PASS" signature="testAddUserFiledNotNull()[pri:0, instance:com.test.testSuite.TestCases@550dbc7a]" name="testAddUserFiledNotNull" duration-ms="1196" started-at="2019-02-12T08:38:29Z" finished-at="2019-02-12T08:38:30Z">
          <reporter-output>
          </reporter-output>
        </test-method> <!-- testAddUserFiledNotNull -->
        <test-method status="PASS" signature="testAddUserFieldLength()[pri:0, instance:com.test.testSuite.TestCases@550dbc7a]" name="testAddUserFieldLength" duration-ms="1281" started-at="2019-02-12T08:38:30Z" finished-at="2019-02-12T08:38:31Z">
          <reporter-output>
          </reporter-output>
        </test-method> <!-- testAddUserFieldLength -->
        <test-method status="PASS" signature="testAddUserPass(java.lang.String, java.lang.String)[pri:0, instance:com.test.testSuite.TestCases@550dbc7a]" name="testAddUserPass" duration-ms="7411" started-at="2019-02-12T08:38:31Z" finished-at="2019-02-12T08:38:39Z">
          <params>
            <param index="0">
              <value>
                <![CDATA[test1]]>
              </value>
            </param>
            <param index="1">
              <value>
                <![CDATA[test1]]>
              </value>
            </param>
          </params>
          <reporter-output>
          </reporter-output>
        </test-method> <!-- testAddUserPass -->
        <test-method status="PASS" signature="testInputKeywordAndSearchUser()[pri:0, instance:com.test.testSuite.TestCases@550dbc7a]" name="testInputKeywordAndSearchUser" duration-ms="306" started-at="2019-02-12T08:38:39Z" finished-at="2019-02-12T08:38:39Z">
          <reporter-output>
          </reporter-output>
        </test-method> <!-- testInputKeywordAndSearchUser -->
        <test-method status="SKIP" signature="testSelectFromDropListAndSearchUser()[pri:0, instance:com.test.testSuite.TestCases@550dbc7a]" name="testSelectFromDropListAndSearchUser" duration-ms="75" started-at="2019-02-12T08:38:39Z" finished-at="2019-02-12T08:38:39Z">
          <exception class="org.openqa.selenium.WebDriverException">
            <message>
              <![CDATA[unknown error: Element <h2 class="">...</h2> is not clickable at point (110, 301). Other element would receive the click: <a href="usermaintain.html" target="ifbox">...</a>
  (Session info: chrome=72.0.3626.96)
  (Driver info: chromedriver=2.40.565498 (ea082db3280dd6843ebfb08a625e3eb905c4f5ab),platform=Windows NT 10.0.17134 x86_64) (WARNING: The server did not provide any stacktrace information)
Command duration or timeout: 0 milliseconds
Build info: version: '3.12.0', revision: '7c6e0b3', time: '2018-05-08T14:04:26.12Z'
System info: host: 'DESKTOP-LPMN131', ip: '192.168.10.160', os.name: 'Windows 8.1', os.arch: 'amd64', os.version: '6.3', java.version: '1.8.0'
Driver info: org.openqa.selenium.chrome.ChromeDriver
Capabilities {acceptInsecureCerts: false, acceptSslCerts: false, applicationCacheEnabled: false, browserConnectionEnabled: false, browserName: chrome, chrome: {chromedriverVersion: 2.40.565498 (ea082db3280dd6..., userDataDir: C:\Users\w\AppData\Local\Te...}, cssSelectorsEnabled: true, databaseEnabled: false, handlesAlerts: true, hasTouchScreen: false, javascriptEnabled: true, locationContextEnabled: true, mobileEmulationEnabled: false, nativeEvents: true, networkConnectionEnabled: false, pageLoadStrategy: normal, platform: XP, platformName: XP, rotatable: false, setWindowRect: true, takesHeapSnapshot: true, takesScreenshot: true, unexpectedAlertBehaviour: , unhandledPromptBehavior: , version: 72.0.3626.96, webStorageEnabled: true}
Session ID: 38045fe94289b0d2fbfd054a0389e392]]>
            </message>
            <full-stacktrace>
              <![CDATA[org.openqa.selenium.WebDriverException: unknown error: Element <h2 class="">...</h2> is not clickable at point (110, 301). Other element would receive the click: <a href="usermaintain.html" target="ifbox">...</a>
  (Session info: chrome=72.0.3626.96)
  (Driver info: chromedriver=2.40.565498 (ea082db3280dd6843ebfb08a625e3eb905c4f5ab),platform=Windows NT 10.0.17134 x86_64) (WARNING: The server did not provide any stacktrace information)
Command duration or timeout: 0 milliseconds
Build info: version: '3.12.0', revision: '7c6e0b3', time: '2018-05-08T14:04:26.12Z'
System info: host: 'DESKTOP-LPMN131', ip: '192.168.10.160', os.name: 'Windows 8.1', os.arch: 'amd64', os.version: '6.3', java.version: '1.8.0'
Driver info: org.openqa.selenium.chrome.ChromeDriver
Capabilities {acceptInsecureCerts: false, acceptSslCerts: false, applicationCacheEnabled: false, browserConnectionEnabled: false, browserName: chrome, chrome: {chromedriverVersion: 2.40.565498 (ea082db3280dd6..., userDataDir: C:\Users\w\AppData\Local\Te...}, cssSelectorsEnabled: true, databaseEnabled: false, handlesAlerts: true, hasTouchScreen: false, javascriptEnabled: true, locationContextEnabled: true, mobileEmulationEnabled: false, nativeEvents: true, networkConnectionEnabled: false, pageLoadStrategy: normal, platform: XP, platformName: XP, rotatable: false, setWindowRect: true, takesHeapSnapshot: true, takesScreenshot: true, unexpectedAlertBehaviour: , unhandledPromptBehavior: , version: 72.0.3626.96, webStorageEnabled: true}
Session ID: 38045fe94289b0d2fbfd054a0389e392
at sun.reflect.NativeConstructorAccessorImpl.newInstance0(Native Method)
at sun.reflect.NativeConstructorAccessorImpl.newInstance(NativeConstructorAccessorImpl.java:62)
at sun.reflect.DelegatingConstructorAccessorImpl.newInstance(DelegatingConstructorAccessorImpl.java:45)
at java.lang.reflect.Constructor.newInstance(Constructor.java:408)
at org.openqa.selenium.remote.ErrorHandler.createThrowable(ErrorHandler.java:214)
at org.openqa.selenium.remote.ErrorHandler.throwIfResponseFailed(ErrorHandler.java:166)
at org.openqa.selenium.remote.http.JsonHttpResponseCodec.reconstructValue(JsonHttpResponseCodec.java:40)
at org.openqa.selenium.remote.http.AbstractHttpResponseCodec.decode(AbstractHttpResponseCodec.java:80)
at org.openqa.selenium.remote.http.AbstractHttpResponseCodec.decode(AbstractHttpResponseCodec.java:44)
at org.openqa.selenium.remote.HttpCommandExecutor.execute(HttpCommandExecutor.java:158)
at org.openqa.selenium.remote.service.DriverCommandExecutor.execute(DriverCommandExecutor.java:83)
at org.openqa.selenium.remote.RemoteWebDriver.execute(RemoteWebDriver.java:543)
at org.openqa.selenium.remote.RemoteWebElement.execute(RemoteWebElement.java:276)
at org.openqa.selenium.remote.RemoteWebElement.click(RemoteWebElement.java:83)
at com.test.pages.UserManagePage.goToUserManagePage(UserManagePage.java:17)
at com.test.testSuite.TestCases.testSelectFromDropListAndSearchUser(TestCases.java:262)
at sun.reflect.NativeMethodAccessorImpl.invoke0(Native Method)
at sun.reflect.NativeMethodAccessorImpl.invoke(NativeMethodAccessorImpl.java:62)
at sun.reflect.DelegatingMethodAccessorImpl.invoke(DelegatingMethodAccessorImpl.java:43)
at java.lang.reflect.Method.invoke(Method.java:483)
at org.testng.internal.MethodInvocationHelper.invokeMethod(MethodInvocationHelper.java:124)
at org.testng.internal.Invoker.invokeMethod(Invoker.java:583)
at org.testng.internal.Invoker.invokeTestMethod(Invoker.java:719)
at org.testng.internal.Invoker.invokeTestMethods(Invoker.java:989)
at org.testng.internal.TestMethodWorker.invokeTestMethods(TestMethodWorker.java:125)
at org.testng.internal.TestMethodWorker.run(TestMethodWorker.java:109)
at java.util.concurrent.ThreadPoolExecutor.runWorker(ThreadPoolExecutor.java:1142)
at java.util.concurrent.ThreadPoolExecutor$Worker.run(ThreadPoolExecutor.java:617)
at java.lang.Thread.run(Thread.java:744)
]]>
            </full-stacktrace>
          </exception> <!-- org.openqa.selenium.WebDriverException -->
          <reporter-output>
          </reporter-output>
        </test-method> <!-- testSelectFromDropListAndSearchUser -->
        <test-method status="PASS" signature="testSelectFromDropListAndSearchUser()[pri:0, instance:com.test.testSuite.TestCases@550dbc7a]" name="testSelectFromDropListAndSearchUser" duration-ms="406" started-at="2019-02-12T08:38:39Z" finished-at="2019-02-12T08:38:39Z">
          <reporter-output>
          </reporter-output>
        </test-method> <!-- testSelectFromDropListAndSearchUser -->
        <test-method status="PASS" signature="testEditUser()[pri:0, instance:com.test.testSuite.TestCases@550dbc7a]" name="testEditUser" duration-ms="9317" started-at="2019-02-12T08:38:39Z" finished-at="2019-02-12T08:38:49Z">
          <reporter-output>
          </reporter-output>
        </test-method> <!-- testEditUser -->
        <test-method status="PASS" signature="testUserNameNotAllowedDuplicate(java.lang.String, java.lang.String)[pri:0, instance:com.test.testSuite.TestCases@550dbc7a]" name="testUserNameNotAllowedDuplicate" duration-ms="1459" started-at="2019-02-12T08:38:49Z" finished-at="2019-02-12T08:38:50Z">
          <params>
            <param index="0">
              <value>
                <![CDATA[test1]]>
              </value>
            </param>
            <param index="1">
              <value>
                <![CDATA[test1]]>
              </value>
            </param>
          </params>
          <reporter-output>
          </reporter-output>
        </test-method> <!-- testUserNameNotAllowedDuplicate -->
        <test-method status="PASS" signature="testDeleteUser()[pri:0, instance:com.test.testSuite.TestCases@550dbc7a]" name="testDeleteUser" duration-ms="12741" started-at="2019-02-12T08:38:50Z" finished-at="2019-02-12T08:39:03Z">
          <reporter-output>
          </reporter-output>
        </test-method> <!-- testDeleteUser -->
        <test-method status="PASS" signature="testAddRolePass(java.lang.String)[pri:0, instance:com.test.testSuite.TestCases@550dbc7a]" name="testAddRolePass" duration-ms="7238" started-at="2019-02-12T08:39:03Z" finished-at="2019-02-12T08:39:10Z">
          <params>
            <param index="0">
              <value>
                <![CDATA[roleName]]>
              </value>
            </param>
          </params>
          <reporter-output>
          </reporter-output>
        </test-method> <!-- testAddRolePass -->
        <test-method status="PASS" signature="testRoleNameFieldVerify(java.lang.String)[pri:0, instance:com.test.testSuite.TestCases@550dbc7a]" name="testRoleNameFieldVerify" duration-ms="2044" started-at="2019-02-12T08:39:10Z" finished-at="2019-02-12T08:39:12Z">
          <params>
            <param index="0">
              <value>
                <![CDATA[roleName]]>
              </value>
            </param>
          </params>
          <reporter-output>
          </reporter-output>
        </test-method> <!-- testRoleNameFieldVerify -->
        <test-method status="PASS" signature="testInputKeywordAndSearchRole(java.lang.String)[pri:0, instance:com.test.testSuite.TestCases@550dbc7a]" name="testInputKeywordAndSearchRole" duration-ms="285" started-at="2019-02-12T08:39:12Z" finished-at="2019-02-12T08:39:12Z">
          <params>
            <param index="0">
              <value>
                <![CDATA[roleName]]>
              </value>
            </param>
          </params>
          <reporter-output>
          </reporter-output>
        </test-method> <!-- testInputKeywordAndSearchRole -->
        <test-method status="PASS" signature="testSelectFromDropListAndSearchRole()[pri:0, instance:com.test.testSuite.TestCases@550dbc7a]" name="testSelectFromDropListAndSearchRole" duration-ms="962" started-at="2019-02-12T08:39:12Z" finished-at="2019-02-12T08:39:13Z">
          <reporter-output>
          </reporter-output>
        </test-method> <!-- testSelectFromDropListAndSearchRole -->
        <test-method status="PASS" signature="testEditRole()[pri:0, instance:com.test.testSuite.TestCases@550dbc7a]" name="testEditRole" duration-ms="7150" started-at="2019-02-12T08:39:13Z" finished-at="2019-02-12T08:39:21Z">
          <reporter-output>
          </reporter-output>
        </test-method> <!-- testEditRole -->
        <test-method status="PASS" signature="testFenYeInUserRole()[pri:0, instance:com.test.testSuite.TestCases@550dbc7a]" name="testFenYeInUserRole" duration-ms="19250" started-at="2019-02-12T08:39:21Z" finished-at="2019-02-12T08:39:40Z">
          <reporter-output>
          </reporter-output>
        </test-method> <!-- testFenYeInUserRole -->
        <test-method status="PASS" signature="testDeleteRole()[pri:0, instance:com.test.testSuite.TestCases@550dbc7a]" name="testDeleteRole" duration-ms="12671" started-at="2019-02-12T08:39:40Z" finished-at="2019-02-12T08:39:53Z">
          <reporter-output>
          </reporter-output>
        </test-method> <!-- testDeleteRole -->
        <test-method status="PASS" signature="testAddDept(java.lang.String, java.lang.String)[pri:0, instance:com.test.testSuite.TestCases@550dbc7a]" name="testAddDept" duration-ms="7808" started-at="2019-02-12T08:39:53Z" finished-at="2019-02-12T08:40:00Z">
          <params>
            <param index="0">
              <value>
                <![CDATA[testDept]]>
              </value>
            </param>
            <param index="1">
              <value>
                <![CDATA[testSpon]]>
              </value>
            </param>
          </params>
          <reporter-output>
          </reporter-output>
        </test-method> <!-- testAddDept -->
        <test-method status="PASS" signature="testVerifyDeptNameField(java.lang.String, java.lang.String)[pri:0, instance:com.test.testSuite.TestCases@550dbc7a]" name="testVerifyDeptNameField" duration-ms="2149" started-at="2019-02-12T08:40:00Z" finished-at="2019-02-12T08:40:02Z">
          <params>
            <param index="0">
              <value>
                <![CDATA[testDept]]>
              </value>
            </param>
            <param index="1">
              <value>
                <![CDATA[testSpon]]>
              </value>
            </param>
          </params>
          <reporter-output>
          </reporter-output>
        </test-method> <!-- testVerifyDeptNameField -->
        <test-method status="PASS" signature="testInputKeywordAndSearchDept(java.lang.String)[pri:0, instance:com.test.testSuite.TestCases@550dbc7a]" name="testInputKeywordAndSearchDept" duration-ms="973" started-at="2019-02-12T08:40:02Z" finished-at="2019-02-12T08:40:03Z">
          <params>
            <param index="0">
              <value>
                <![CDATA[testDept]]>
              </value>
            </param>
          </params>
          <reporter-output>
          </reporter-output>
        </test-method> <!-- testInputKeywordAndSearchDept -->
        <test-method status="PASS" signature="testSelectFromDropListAndSearchDept()[pri:0, instance:com.test.testSuite.TestCases@550dbc7a]" name="testSelectFromDropListAndSearchDept" duration-ms="379" started-at="2019-02-12T08:40:03Z" finished-at="2019-02-12T08:40:04Z">
          <reporter-output>
          </reporter-output>
        </test-method> <!-- testSelectFromDropListAndSearchDept -->
        <test-method status="PASS" signature="testEditDept()[pri:0, instance:com.test.testSuite.TestCases@550dbc7a]" name="testEditDept" duration-ms="7748" started-at="2019-02-12T08:40:04Z" finished-at="2019-02-12T08:40:12Z">
          <reporter-output>
          </reporter-output>
        </test-method> <!-- testEditDept -->
        <test-method status="PASS" signature="testDeleteDept()[pri:0, instance:com.test.testSuite.TestCases@550dbc7a]" name="testDeleteDept" duration-ms="12586" started-at="2019-02-12T08:40:12Z" finished-at="2019-02-12T08:40:24Z">
          <reporter-output>
          </reporter-output>
        </test-method> <!-- testDeleteDept -->
        <test-method status="PASS" signature="testDataUpdateUploadFile()[pri:0, instance:com.test.testSuite.TestCases@550dbc7a]" name="testDataUpdateUploadFile" duration-ms="14490" started-at="2019-02-12T08:40:24Z" finished-at="2019-02-12T08:40:39Z">
          <reporter-output>
          </reporter-output>
        </test-method> <!-- testDataUpdateUploadFile -->
        <test-method status="SKIP" signature="testDataRecover()[pri:0, instance:com.test.testSuite.TestCases@550dbc7a]" name="testDataRecover" duration-ms="13091" started-at="2019-02-12T08:40:39Z" finished-at="2019-02-12T08:40:52Z">
          <exception class="org.openqa.selenium.TimeoutException">
            <message>
              <![CDATA[Expected condition failed: waiting for visibility of [org.openqa.selenium.remote.RemoteWebElement@6d7798c1 -> unknown locator] (tried for 10 second(s) with 500 milliseconds interval)
Build info: version: '3.12.0', revision: '7c6e0b3', time: '2018-05-08T14:04:26.12Z'
System info: host: 'DESKTOP-LPMN131', ip: '192.168.10.160', os.name: 'Windows 8.1', os.arch: 'amd64', os.version: '6.3', java.version: '1.8.0'
Driver info: org.openqa.selenium.chrome.ChromeDriver
Capabilities {acceptInsecureCerts: false, acceptSslCerts: false, applicationCacheEnabled: false, browserConnectionEnabled: false, browserName: chrome, chrome: {chromedriverVersion: 2.40.565498 (ea082db3280dd6..., userDataDir: C:\Users\w\AppData\Local\Te...}, cssSelectorsEnabled: true, databaseEnabled: false, handlesAlerts: true, hasTouchScreen: false, javascriptEnabled: true, locationContextEnabled: true, mobileEmulationEnabled: false, nativeEvents: true, networkConnectionEnabled: false, pageLoadStrategy: normal, platform: XP, platformName: XP, rotatable: false, setWindowRect: true, takesHeapSnapshot: true, takesScreenshot: true, unexpectedAlertBehaviour: , unhandledPromptBehavior: , version: 72.0.3626.96, webStorageEnabled: true}
Session ID: 38045fe94289b0d2fbfd054a0389e392]]>
            </message>
            <full-stacktrace>
              <![CDATA[org.openqa.selenium.TimeoutException: Expected condition failed: waiting for visibility of [org.openqa.selenium.remote.RemoteWebElement@6d7798c1 -> unknown locator] (tried for 10 second(s) with 500 milliseconds interval)
Build info: version: '3.12.0', revision: '7c6e0b3', time: '2018-05-08T14:04:26.12Z'
System info: host: 'DESKTOP-LPMN131', ip: '192.168.10.160', os.name: 'Windows 8.1', os.arch: 'amd64', os.version: '6.3', java.version: '1.8.0'
Driver info: org.openqa.selenium.chrome.ChromeDriver
Capabilities {acceptInsecureCerts: false, acceptSslCerts: false, applicationCacheEnabled: false, browserConnectionEnabled: false, browserName: chrome, chrome: {chromedriverVersion: 2.40.565498 (ea082db3280dd6..., userDataDir: C:\Users\w\AppData\Local\Te...}, cssSelectorsEnabled: true, databaseEnabled: false, handlesAlerts: true, hasTouchScreen: false, javascriptEnabled: true, locationContextEnabled: true, mobileEmulationEnabled: false, nativeEvents: true, networkConnectionEnabled: false, pageLoadStrategy: normal, platform: XP, platformName: XP, rotatable: false, setWindowRect: true, takesHeapSnapshot: true, takesScreenshot: true, unexpectedAlertBehaviour: , unhandledPromptBehavior: , version: 72.0.3626.96, webStorageEnabled: true}
Session ID: 38045fe94289b0d2fbfd054a0389e392
at org.openqa.selenium.support.ui.WebDriverWait.timeoutException(WebDriverWait.java:81)
at org.openqa.selenium.support.ui.FluentWait.until(FluentWait.java:271)
at com.test.testSuite.TestCases.testDataRecover(TestCases.java:163)
at sun.reflect.NativeMethodAccessorImpl.invoke0(Native Method)
at sun.reflect.NativeMethodAccessorImpl.invoke(NativeMethodAccessorImpl.java:62)
at sun.reflect.DelegatingMethodAccessorImpl.invoke(DelegatingMethodAccessorImpl.java:43)
at java.lang.reflect.Method.invoke(Method.java:483)
at org.testng.internal.MethodInvocationHelper.invokeMethod(MethodInvocationHelper.java:124)
at org.testng.internal.Invoker.invokeMethod(Invoker.java:583)
at org.testng.internal.Invoker.invokeTestMethod(Invoker.java:719)
at org.testng.internal.Invoker.invokeTestMethods(Invoker.java:989)
at org.testng.internal.TestMethodWorker.invokeTestMethods(TestMethodWorker.java:125)
at org.testng.internal.TestMethodWorker.run(TestMethodWorker.java:109)
at java.util.concurrent.ThreadPoolExecutor.runWorker(ThreadPoolExecutor.java:1142)
at java.util.concurrent.ThreadPoolExecutor$Worker.run(ThreadPoolExecutor.java:617)
at java.lang.Thread.run(Thread.java:744)
]]>
            </full-stacktrace>
          </exception> <!-- org.openqa.selenium.TimeoutException -->
          <reporter-output>
          </reporter-output>
        </test-method> <!-- testDataRecover -->
        <test-method status="SKIP" signature="testDataRecover()[pri:0, instance:com.test.testSuite.TestCases@550dbc7a]" name="testDataRecover" duration-ms="3116" started-at="2019-02-12T08:40:52Z" finished-at="2019-02-12T08:40:55Z">
          <exception class="org.openqa.selenium.WebDriverException">
            <message>
              <![CDATA[unknown error: Element <h2>...</h2> is not clickable at point (110, 271). Other element would receive the click: <div id="dialog_overlay" class="md-overlay md-fixed md-dialog-overlay" style=""></div>
  (Session info: chrome=72.0.3626.96)
  (Driver info: chromedriver=2.40.565498 (ea082db3280dd6843ebfb08a625e3eb905c4f5ab),platform=Windows NT 10.0.17134 x86_64) (WARNING: The server did not provide any stacktrace information)
Command duration or timeout: 0 milliseconds
Build info: version: '3.12.0', revision: '7c6e0b3', time: '2018-05-08T14:04:26.12Z'
System info: host: 'DESKTOP-LPMN131', ip: '192.168.10.160', os.name: 'Windows 8.1', os.arch: 'amd64', os.version: '6.3', java.version: '1.8.0'
Driver info: org.openqa.selenium.chrome.ChromeDriver
Capabilities {acceptInsecureCerts: false, acceptSslCerts: false, applicationCacheEnabled: false, browserConnectionEnabled: false, browserName: chrome, chrome: {chromedriverVersion: 2.40.565498 (ea082db3280dd6..., userDataDir: C:\Users\w\AppData\Local\Te...}, cssSelectorsEnabled: true, databaseEnabled: false, handlesAlerts: true, hasTouchScreen: false, javascriptEnabled: true, locationContextEnabled: true, mobileEmulationEnabled: false, nativeEvents: true, networkConnectionEnabled: false, pageLoadStrategy: normal, platform: XP, platformName: XP, rotatable: false, setWindowRect: true, takesHeapSnapshot: true, takesScreenshot: true, unexpectedAlertBehaviour: , unhandledPromptBehavior: , version: 72.0.3626.96, webStorageEnabled: true}
Session ID: 38045fe94289b0d2fbfd054a0389e392]]>
            </message>
            <full-stacktrace>
              <![CDATA[org.openqa.selenium.WebDriverException: unknown error: Element <h2>...</h2> is not clickable at point (110, 271). Other element would receive the click: <div id="dialog_overlay" class="md-overlay md-fixed md-dialog-overlay" style=""></div>
  (Session info: chrome=72.0.3626.96)
  (Driver info: chromedriver=2.40.565498 (ea082db3280dd6843ebfb08a625e3eb905c4f5ab),platform=Windows NT 10.0.17134 x86_64) (WARNING: The server did not provide any stacktrace information)
Command duration or timeout: 0 milliseconds
Build info: version: '3.12.0', revision: '7c6e0b3', time: '2018-05-08T14:04:26.12Z'
System info: host: 'DESKTOP-LPMN131', ip: '192.168.10.160', os.name: 'Windows 8.1', os.arch: 'amd64', os.version: '6.3', java.version: '1.8.0'
Driver info: org.openqa.selenium.chrome.ChromeDriver
Capabilities {acceptInsecureCerts: false, acceptSslCerts: false, applicationCacheEnabled: false, browserConnectionEnabled: false, browserName: chrome, chrome: {chromedriverVersion: 2.40.565498 (ea082db3280dd6..., userDataDir: C:\Users\w\AppData\Local\Te...}, cssSelectorsEnabled: true, databaseEnabled: false, handlesAlerts: true, hasTouchScreen: false, javascriptEnabled: true, locationContextEnabled: true, mobileEmulationEnabled: false, nativeEvents: true, networkConnectionEnabled: false, pageLoadStrategy: normal, platform: XP, platformName: XP, rotatable: false, setWindowRect: true, takesHeapSnapshot: true, takesScreenshot: true, unexpectedAlertBehaviour: , unhandledPromptBehavior: , version: 72.0.3626.96, webStorageEnabled: true}
Session ID: 38045fe94289b0d2fbfd054a0389e392
at sun.reflect.NativeConstructorAccessorImpl.newInstance0(Native Method)
at sun.reflect.NativeConstructorAccessorImpl.newInstance(NativeConstructorAccessorImpl.java:62)
at sun.reflect.DelegatingConstructorAccessorImpl.newInstance(DelegatingConstructorAccessorImpl.java:45)
at java.lang.reflect.Constructor.newInstance(Constructor.java:408)
at org.openqa.selenium.remote.ErrorHandler.createThrowable(ErrorHandler.java:214)
at org.openqa.selenium.remote.ErrorHandler.throwIfResponseFailed(ErrorHandler.java:166)
at org.openqa.selenium.remote.http.JsonHttpResponseCodec.reconstructValue(JsonHttpResponseCodec.java:40)
at org.openqa.selenium.remote.http.AbstractHttpResponseCodec.decode(AbstractHttpResponseCodec.java:80)
at org.openqa.selenium.remote.http.AbstractHttpResponseCodec.decode(AbstractHttpResponseCodec.java:44)
at org.openqa.selenium.remote.HttpCommandExecutor.execute(HttpCommandExecutor.java:158)
at org.openqa.selenium.remote.service.DriverCommandExecutor.execute(DriverCommandExecutor.java:83)
at org.openqa.selenium.remote.RemoteWebDriver.execute(RemoteWebDriver.java:543)
at org.openqa.selenium.remote.RemoteWebElement.execute(RemoteWebElement.java:276)
at org.openqa.selenium.remote.RemoteWebElement.click(RemoteWebElement.java:83)
at com.test.testSuite.TestCases.testDataRecover(TestCases.java:163)
at sun.reflect.NativeMethodAccessorImpl.invoke0(Native Method)
at sun.reflect.NativeMethodAccessorImpl.invoke(NativeMethodAccessorImpl.java:62)
at sun.reflect.DelegatingMethodAccessorImpl.invoke(DelegatingMethodAccessorImpl.java:43)
at java.lang.reflect.Method.invoke(Method.java:483)
at org.testng.internal.MethodInvocationHelper.invokeMethod(MethodInvocationHelper.java:124)
at org.testng.internal.Invoker.invokeMethod(Invoker.java:583)
at org.testng.internal.Invoker.retryFailed(Invoker.java:839)
at org.testng.internal.Invoker.invokeTestMethods(Invoker.java:1010)
at org.testng.internal.TestMethodWorker.invokeTestMethods(TestMethodWorker.java:125)
at org.testng.internal.TestMethodWorker.run(TestMethodWorker.java:109)
at java.util.concurrent.ThreadPoolExecutor.runWorker(ThreadPoolExecutor.java:1142)
at java.util.concurrent.ThreadPoolExecutor$Worker.run(ThreadPoolExecutor.java:617)
at java.lang.Thread.run(Thread.java:744)
]]>
            </full-stacktrace>
          </exception> <!-- org.openqa.selenium.WebDriverException -->
          <reporter-output>
          </reporter-output>
        </test-method> <!-- testDataRecover -->
        <test-method status="FAIL" signature="testDataRecover()[pri:0, instance:com.test.testSuite.TestCases@550dbc7a]" name="testDataRecover" duration-ms="13260" started-at="2019-02-12T08:40:55Z" finished-at="2019-02-12T08:41:08Z">
          <exception class="org.openqa.selenium.TimeoutException">
            <message>
              <![CDATA[Expected condition failed: waiting for visibility of [org.openqa.selenium.remote.RemoteWebElement@6d7798c1 -> unknown locator] (tried for 10 second(s) with 500 milliseconds interval)
Build info: version: '3.12.0', revision: '7c6e0b3', time: '2018-05-08T14:04:26.12Z'
System info: host: 'DESKTOP-LPMN131', ip: '192.168.10.160', os.name: 'Windows 8.1', os.arch: 'amd64', os.version: '6.3', java.version: '1.8.0'
Driver info: org.openqa.selenium.chrome.ChromeDriver
Capabilities {acceptInsecureCerts: false, acceptSslCerts: false, applicationCacheEnabled: false, browserConnectionEnabled: false, browserName: chrome, chrome: {chromedriverVersion: 2.40.565498 (ea082db3280dd6..., userDataDir: C:\Users\w\AppData\Local\Te...}, cssSelectorsEnabled: true, databaseEnabled: false, handlesAlerts: true, hasTouchScreen: false, javascriptEnabled: true, locationContextEnabled: true, mobileEmulationEnabled: false, nativeEvents: true, networkConnectionEnabled: false, pageLoadStrategy: normal, platform: XP, platformName: XP, rotatable: false, setWindowRect: true, takesHeapSnapshot: true, takesScreenshot: true, unexpectedAlertBehaviour: , unhandledPromptBehavior: , version: 72.0.3626.96, webStorageEnabled: true}
Session ID: 38045fe94289b0d2fbfd054a0389e392]]>
            </message>
            <full-stacktrace>
              <![CDATA[org.openqa.selenium.TimeoutException: Expected condition failed: waiting for visibility of [org.openqa.selenium.remote.RemoteWebElement@6d7798c1 -> unknown locator] (tried for 10 second(s) with 500 milliseconds interval)
Build info: version: '3.12.0', revision: '7c6e0b3', time: '2018-05-08T14:04:26.12Z'
System info: host: 'DESKTOP-LPMN131', ip: '192.168.10.160', os.name: 'Windows 8.1', os.arch: 'amd64', os.version: '6.3', java.version: '1.8.0'
Driver info: org.openqa.selenium.chrome.ChromeDriver
Capabilities {acceptInsecureCerts: false, acceptSslCerts: false, applicationCacheEnabled: false, browserConnectionEnabled: false, browserName: chrome, chrome: {chromedriverVersion: 2.40.565498 (ea082db3280dd6..., userDataDir: C:\Users\w\AppData\Local\Te...}, cssSelectorsEnabled: true, databaseEnabled: false, handlesAlerts: true, hasTouchScreen: false, javascriptEnabled: true, locationContextEnabled: true, mobileEmulationEnabled: false, nativeEvents: true, networkConnectionEnabled: false, pageLoadStrategy: normal, platform: XP, platformName: XP, rotatable: false, setWindowRect: true, takesHeapSnapshot: true, takesScreenshot: true, unexpectedAlertBehaviour: , unhandledPromptBehavior: , version: 72.0.3626.96, webStorageEnabled: true}
Session ID: 38045fe94289b0d2fbfd054a0389e392
at org.openqa.selenium.support.ui.WebDriverWait.timeoutException(WebDriverWait.java:81)
at org.openqa.selenium.support.ui.FluentWait.until(FluentWait.java:271)
at com.test.testSuite.TestCases.testDataRecover(TestCases.java:163)
at sun.reflect.NativeMethodAccessorImpl.invoke0(Native Method)
at sun.reflect.NativeMethodAccessorImpl.invoke(NativeMethodAccessorImpl.java:62)
at sun.reflect.DelegatingMethodAccessorImpl.invoke(DelegatingMethodAccessorImpl.java:43)
at java.lang.reflect.Method.invoke(Method.java:483)
at org.testng.internal.MethodInvocationHelper.invokeMethod(MethodInvocationHelper.java:124)
at org.testng.internal.Invoker.invokeMethod(Invoker.java:583)
at org.testng.internal.Invoker.retryFailed(Invoker.java:839)
at org.testng.internal.Invoker.invokeTestMethods(Invoker.java:1010)
at org.testng.internal.TestMethodWorker.invokeTestMethods(TestMethodWorker.java:125)
at org.testng.internal.TestMethodWorker.run(TestMethodWorker.java:109)
at java.util.concurrent.ThreadPoolExecutor.runWorker(ThreadPoolExecutor.java:1142)
at java.util.concurrent.ThreadPoolExecutor$Worker.run(ThreadPoolExecutor.java:617)
at java.lang.Thread.run(Thread.java:744)
]]>
            </full-stacktrace>
          </exception> <!-- org.openqa.selenium.TimeoutException -->
          <reporter-output>
          </reporter-output>
        </test-method> <!-- testDataRecover -->
      </class> <!-- com.test.testSuite.TestCases -->
      <class name="com.test.testSuite.Login">
        <test-method status="PASS" signature="logPass()[pri:0, instance:com.test.testSuite.Login@66f57048]" name="logPass" duration-ms="4098" started-at="2019-02-12T08:38:01Z" finished-at="2019-02-12T08:38:05Z">
          <reporter-output>
            <line>
              <![CDATA[登录成功]]>
            </line>
          </reporter-output>
        </test-method> <!-- logPass -->
        <test-method status="PASS" signature="afterMethod()[pri:0, instance:com.test.testSuite.Login@66f57048]" name="afterMethod" is-config="true" duration-ms="55" started-at="2019-02-12T08:38:05Z" finished-at="2019-02-12T08:38:05Z">
          <reporter-output>
          </reporter-output>
        </test-method> <!-- afterMethod -->
      </class> <!-- com.test.testSuite.Login -->
    </test> <!-- Test JZDT -->
  </suite> <!-- Suite -->
</testng-results>
