<html>
<head>
<title>TestNG:  Test JZDT</title>
<link href="../testng.css" rel="stylesheet" type="text/css" />
<link href="../my-testng.css" rel="stylesheet" type="text/css" />

<style type="text/css">
.log { display: none;} 
.stack-trace { display: none;} 
</style>
<script type="text/javascript">
<!--
function flip(e) {
  current = e.style.display;
  if (current == 'block') {
    e.style.display = 'none';
    return 0;
  }
  else {
    e.style.display = 'block';
    return 1;
  }
}

function toggleBox(szDivId, elem, msg1, msg2)
{
  var res = -1;  if (document.getElementById) {
    res = flip(document.getElementById(szDivId));
  }
  else if (document.all) {
    // this is the way old msie versions work
    res = flip(document.all[szDivId]);
  }
  if(elem) {
    if(res == 0) elem.innerHTML = msg1; else elem.innerHTML = msg2;
  }

}

function toggleAllBoxes() {
  if (document.getElementsByTagName) {
    d = document.getElementsByTagName('div');
    for (i = 0; i < d.length; i++) {
      if (d[i].className == 'log') {
        flip(d[i]);
      }
    }
  }
}

// -->
</script>

</head>
<body>
<h2 align='center'>Test JZDT</h2><table border='1' align="center">
<tr>
<td>Tests passed/Failed/Skipped:</td><td>30/1/3</td>
</tr><tr>
<td>Started on:</td><td>Tue Feb 12 16:38:01 CST 2019</td>
</tr>
<tr><td>Total time:</td><td>186 seconds (186932 ms)</td>
</tr><tr>
<td>Included groups:</td><td></td>
</tr><tr>
<td>Excluded groups:</td><td></td>
</tr>
</table><p/>
<small><i>(Hover the method name to see the test class name)</i></small><p/>
<table width='100%' border='1' class='invocation-failed'>
<tr><td colspan='4' align='center'><b>FAILED TESTS</b></td></tr>
<tr><td><b>Test method</b></td>
<td width="30%"><b>Exception</b></td>
<td width="10%"><b>Time (seconds)</b></td>
<td><b>Instance</b></td>
</tr>
<tr>
<td title='com.test.testSuite.TestCases.testDataRecover()'><b>testDataRecover</b><br>Test class: com.test.testSuite.TestCases</td>
<td><div><pre>org.openqa.selenium.TimeoutException: Expected condition failed: waiting for visibility of [org.openqa.selenium.remote.RemoteWebElement@6d7798c1 -&gt; unknown locator] (tried for 10 second(s) with 500 milliseconds interval)
Build info: version: &apos;3.12.0&apos;, revision: &apos;7c6e0b3&apos;, time: &apos;2018-05-08T14:04:26.12Z&apos;
System info: host: &apos;DESKTOP-LPMN131&apos;, ip: &apos;192.168.10.160&apos;, os.name: &apos;Windows 8.1&apos;, os.arch: &apos;amd64&apos;, os.version: &apos;6.3&apos;, java.version: &apos;1.8.0&apos;
Driver info: org.openqa.selenium.chrome.ChromeDriver
Capabilities {acceptInsecureCerts: false, acceptSslCerts: false, applicationCacheEnabled: false, browserConnectionEnabled: false, browserName: chrome, chrome: {chromedriverVersion: 2.40.565498 (ea082db3280dd6..., userDataDir: C:\Users\w\AppData\Local\Te...}, cssSelectorsEnabled: true, databaseEnabled: false, handlesAlerts: true, hasTouchScreen: false, javascriptEnabled: true, locationContextEnabled: true, mobileEmulationEnabled: false, nativeEvents: true, networkConnectionEnabled: false, pageLoadStrategy: normal, platform: XP, platformName: XP, rotatable: false, setWindowRect: true, takesHeapSnapshot: true, takesScreenshot: true, unexpectedAlertBehaviour: , unhandledPromptBehavior: , version: 72.0.3626.96, webStorageEnabled: true}
Session ID: 38045fe94289b0d2fbfd054a0389e392
	at org.openqa.selenium.support.ui.WebDriverWait.timeoutException(WebDriverWait.java:81)
	at org.openqa.selenium.support.ui.FluentWait.until(FluentWait.java:271)
	at com.test.testSuite.TestCases.testDataRecover(TestCases.java:163)
	at sun.reflect.NativeMethodAccessorImpl.invoke0(Native Method)
	at sun.reflect.NativeMethodAccessorImpl.invoke(NativeMethodAccessorImpl.java:62)
	at sun.reflect.DelegatingMethodAccessorImpl.invoke(DelegatingMethodAccessorImpl.java:43)
	at java.lang.reflect.Method.invoke(Method.java:483)
	at org.testng.internal.MethodInvocationHelper.invokeMethod(MethodInvocationHelper.java:124)
	at org.testng.internal.Invoker.invokeMethod(Invoker.java:583)
	at org.testng.internal.Invoker.retryFailed(Invoker.java:839)
	at org.testng.internal.Invoker.invokeTestMethods(Invoker.java:1010)
	at org.testng.internal.TestMethodWorker.invokeTestMethods(TestMethodWorker.java:125)
	at org.testng.internal.TestMethodWorker.run(TestMethodWorker.java:109)
	at java.util.concurrent.ThreadPoolExecutor.runWorker(ThreadPoolExecutor.java:1142)
	at java.util.concurrent.ThreadPoolExecutor$Worker.run(ThreadPoolExecutor.java:617)
	at java.lang.Thread.run(Thread.java:744)
</pre></div><a href='#' onClick='toggleBox("stack-trace718284717", this, "Click to show all stack frames", "Click to hide stack frames")'>Click to show all stack frames</a>
<div class='stack-trace' id='stack-trace718284717'><pre>org.openqa.selenium.TimeoutException: Expected condition failed: waiting for visibility of [org.openqa.selenium.remote.RemoteWebElement@6d7798c1 -&gt; unknown locator] (tried for 10 second(s) with 500 milliseconds interval)
Build info: version: &apos;3.12.0&apos;, revision: &apos;7c6e0b3&apos;, time: &apos;2018-05-08T14:04:26.12Z&apos;
System info: host: &apos;DESKTOP-LPMN131&apos;, ip: &apos;192.168.10.160&apos;, os.name: &apos;Windows 8.1&apos;, os.arch: &apos;amd64&apos;, os.version: &apos;6.3&apos;, java.version: &apos;1.8.0&apos;
Driver info: org.openqa.selenium.chrome.ChromeDriver
Capabilities {acceptInsecureCerts: false, acceptSslCerts: false, applicationCacheEnabled: false, browserConnectionEnabled: false, browserName: chrome, chrome: {chromedriverVersion: 2.40.565498 (ea082db3280dd6..., userDataDir: C:\Users\w\AppData\Local\Te...}, cssSelectorsEnabled: true, databaseEnabled: false, handlesAlerts: true, hasTouchScreen: false, javascriptEnabled: true, locationContextEnabled: true, mobileEmulationEnabled: false, nativeEvents: true, networkConnectionEnabled: false, pageLoadStrategy: normal, platform: XP, platformName: XP, rotatable: false, setWindowRect: true, takesHeapSnapshot: true, takesScreenshot: true, unexpectedAlertBehaviour: , unhandledPromptBehavior: , version: 72.0.3626.96, webStorageEnabled: true}
Session ID: 38045fe94289b0d2fbfd054a0389e392
	at org.openqa.selenium.support.ui.WebDriverWait.timeoutException(WebDriverWait.java:81)
	at org.openqa.selenium.support.ui.FluentWait.until(FluentWait.java:271)
	at com.test.testSuite.TestCases.testDataRecover(TestCases.java:163)
	at sun.reflect.NativeMethodAccessorImpl.invoke0(Native Method)
	at sun.reflect.NativeMethodAccessorImpl.invoke(NativeMethodAccessorImpl.java:62)
	at sun.reflect.DelegatingMethodAccessorImpl.invoke(DelegatingMethodAccessorImpl.java:43)
	at java.lang.reflect.Method.invoke(Method.java:483)
	at org.testng.internal.MethodInvocationHelper.invokeMethod(MethodInvocationHelper.java:124)
	at org.testng.internal.Invoker.invokeMethod(Invoker.java:583)
	at org.testng.internal.Invoker.retryFailed(Invoker.java:839)
	at org.testng.internal.Invoker.invokeTestMethods(Invoker.java:1010)
	at org.testng.internal.TestMethodWorker.invokeTestMethods(TestMethodWorker.java:125)
	at org.testng.internal.TestMethodWorker.run(TestMethodWorker.java:109)
	at java.util.concurrent.ThreadPoolExecutor.runWorker(ThreadPoolExecutor.java:1142)
	at java.util.concurrent.ThreadPoolExecutor$Worker.run(ThreadPoolExecutor.java:617)
	at java.lang.Thread.run(Thread.java:744)
</pre></div></td>
<td>13</td>
<td>com.test.testSuite.TestCases@550dbc7a</td></tr>
</table><p>
<table width='100%' border='1' class='invocation-passed'>
<tr><td colspan='4' align='center'><b>PASSED TESTS</b></td></tr>
<tr><td><b>Test method</b></td>
<td width="30%"><b>Exception</b></td>
<td width="10%"><b>Time (seconds)</b></td>
<td><b>Instance</b></td>
</tr>
<tr>
<td title='com.test.testSuite.Login.logPass()'><b>logPass</b><br>Test class: com.test.testSuite.Login<br/>
<a href="#Output-41139589" onClick='toggleBox("Output-41139589", this, "Show output", "Hide output");'>Show output</a>

<a href="#Output-41139589" onClick="toggleAllBoxes();">Show all outputs</a>
<div class='log' id="Output-41139589">
登录成功<br/>
</div>
</td>
<td></td>
<td>4</td>
<td>com.test.testSuite.Login@66f57048</td></tr>
<tr>
<td title='com.test.testSuite.TestCases.testAddDept()'><b>testAddDept</b><br>Test class: com.test.testSuite.TestCases<br>Parameters: testDept, testSpon</td>
<td></td>
<td>7</td>
<td>com.test.testSuite.TestCases@550dbc7a</td></tr>
<tr>
<td title='com.test.testSuite.TestCases.testAddRolePass()'><b>testAddRolePass</b><br>Test class: com.test.testSuite.TestCases<br>Parameters: roleName</td>
<td></td>
<td>7</td>
<td>com.test.testSuite.TestCases@550dbc7a</td></tr>
<tr>
<td title='com.test.testSuite.TestCases.testAddUserFieldLength()'><b>testAddUserFieldLength</b><br>Test class: com.test.testSuite.TestCases</td>
<td></td>
<td>1</td>
<td>com.test.testSuite.TestCases@550dbc7a</td></tr>
<tr>
<td title='com.test.testSuite.TestCases.testAddUserFiledNotNull()'><b>testAddUserFiledNotNull</b><br>Test class: com.test.testSuite.TestCases</td>
<td></td>
<td>1</td>
<td>com.test.testSuite.TestCases@550dbc7a</td></tr>
<tr>
<td title='com.test.testSuite.TestCases.testAddUserPass()'><b>testAddUserPass</b><br>Test class: com.test.testSuite.TestCases<br>Parameters: test1, test1</td>
<td></td>
<td>7</td>
<td>com.test.testSuite.TestCases@550dbc7a</td></tr>
<tr>
<td title='com.test.testSuite.TestCases.testConditionQueryAndLocate()'><b>testConditionQueryAndLocate</b><br>Test class: com.test.testSuite.TestCases</td>
<td></td>
<td>7</td>
<td>com.test.testSuite.TestCases@550dbc7a</td></tr>
<tr>
<td title='com.test.testSuite.TestCases.testDataBrowseFolder()'><b>testDataBrowseFolder</b><br>Test class: com.test.testSuite.TestCases</td>
<td></td>
<td>1</td>
<td>com.test.testSuite.TestCases@550dbc7a</td></tr>
<tr>
<td title='com.test.testSuite.TestCases.testDataUpdateUploadFile()'><b>testDataUpdateUploadFile</b><br>Test class: com.test.testSuite.TestCases</td>
<td></td>
<td>14</td>
<td>com.test.testSuite.TestCases@550dbc7a</td></tr>
<tr>
<td title='com.test.testSuite.TestCases.testDeleteDept()'><b>testDeleteDept</b><br>Test class: com.test.testSuite.TestCases</td>
<td></td>
<td>12</td>
<td>com.test.testSuite.TestCases@550dbc7a</td></tr>
<tr>
<td title='com.test.testSuite.TestCases.testDeleteRole()'><b>testDeleteRole</b><br>Test class: com.test.testSuite.TestCases</td>
<td></td>
<td>12</td>
<td>com.test.testSuite.TestCases@550dbc7a</td></tr>
<tr>
<td title='com.test.testSuite.TestCases.testDeleteUser()'><b>testDeleteUser</b><br>Test class: com.test.testSuite.TestCases</td>
<td></td>
<td>12</td>
<td>com.test.testSuite.TestCases@550dbc7a</td></tr>
<tr>
<td title='com.test.testSuite.TestCases.testEditDept()'><b>testEditDept</b><br>Test class: com.test.testSuite.TestCases</td>
<td></td>
<td>7</td>
<td>com.test.testSuite.TestCases@550dbc7a</td></tr>
<tr>
<td title='com.test.testSuite.TestCases.testEditRole()'><b>testEditRole</b><br>Test class: com.test.testSuite.TestCases</td>
<td></td>
<td>7</td>
<td>com.test.testSuite.TestCases@550dbc7a</td></tr>
<tr>
<td title='com.test.testSuite.TestCases.testEditUser()'><b>testEditUser</b><br>Test class: com.test.testSuite.TestCases</td>
<td></td>
<td>9</td>
<td>com.test.testSuite.TestCases@550dbc7a</td></tr>
<tr>
<td title='com.test.testSuite.TestCases.testFenYeInUserRole()'><b>testFenYeInUserRole</b><br>Test class: com.test.testSuite.TestCases</td>
<td></td>
<td>19</td>
<td>com.test.testSuite.TestCases@550dbc7a</td></tr>
<tr>
<td title='com.test.testSuite.TestCases.testInputKeywordAndSearchDept()'><b>testInputKeywordAndSearchDept</b><br>Test class: com.test.testSuite.TestCases<br>Parameters: testDept</td>
<td></td>
<td>0</td>
<td>com.test.testSuite.TestCases@550dbc7a</td></tr>
<tr>
<td title='com.test.testSuite.TestCases.testInputKeywordAndSearchRole()'><b>testInputKeywordAndSearchRole</b><br>Test class: com.test.testSuite.TestCases<br>Parameters: roleName</td>
<td></td>
<td>0</td>
<td>com.test.testSuite.TestCases@550dbc7a</td></tr>
<tr>
<td title='com.test.testSuite.TestCases.testInputKeywordAndSearchUser()'><b>testInputKeywordAndSearchUser</b><br>Test class: com.test.testSuite.TestCases</td>
<td></td>
<td>0</td>
<td>com.test.testSuite.TestCases@550dbc7a</td></tr>
<tr>
<td title='com.test.testSuite.TestCases.testInputRoadNameAndLocate()'><b>testInputRoadNameAndLocate</b><br>Test class: com.test.testSuite.TestCases</td>
<td></td>
<td>9</td>
<td>com.test.testSuite.TestCases@550dbc7a</td></tr>
<tr>
<td title='com.test.testSuite.TestCases.testInputRoadNameAndLocateInDataExport()'><b>testInputRoadNameAndLocateInDataExport</b><br>Test class: com.test.testSuite.TestCases</td>
<td></td>
<td>0</td>
<td>com.test.testSuite.TestCases@550dbc7a</td></tr>
<tr>
<td title='com.test.testSuite.TestCases.testRoleNameFieldVerify()'><b>testRoleNameFieldVerify</b><br>Test class: com.test.testSuite.TestCases<br>Parameters: roleName</td>
<td></td>
<td>2</td>
<td>com.test.testSuite.TestCases@550dbc7a</td></tr>
<tr>
<td title='com.test.testSuite.TestCases.testSelectDataTypeAndAreaMeasureInDataQueryFolder()'><b>testSelectDataTypeAndAreaMeasureInDataQueryFolder</b><br>Test class: com.test.testSuite.TestCases</td>
<td></td>
<td>1</td>
<td>com.test.testSuite.TestCases@550dbc7a</td></tr>
<tr>
<td title='com.test.testSuite.TestCases.testSelectDataTypeAndMeasureInDataExport()'><b>testSelectDataTypeAndMeasureInDataExport</b><br>Test class: com.test.testSuite.TestCases</td>
<td></td>
<td>2</td>
<td>com.test.testSuite.TestCases@550dbc7a</td></tr>
<tr>
<td title='com.test.testSuite.TestCases.testSelectDataType_HongGuan()'><b>testSelectDataType_HongGuan</b><br>Test class: com.test.testSuite.TestCases</td>
<td></td>
<td>1</td>
<td>com.test.testSuite.TestCases@550dbc7a</td></tr>
<tr>
<td title='com.test.testSuite.TestCases.testSelectFromDropListAndSearchDept()'><b>testSelectFromDropListAndSearchDept</b><br>Test class: com.test.testSuite.TestCases</td>
<td></td>
<td>0</td>
<td>com.test.testSuite.TestCases@550dbc7a</td></tr>
<tr>
<td title='com.test.testSuite.TestCases.testSelectFromDropListAndSearchRole()'><b>testSelectFromDropListAndSearchRole</b><br>Test class: com.test.testSuite.TestCases</td>
<td></td>
<td>0</td>
<td>com.test.testSuite.TestCases@550dbc7a</td></tr>
<tr>
<td title='com.test.testSuite.TestCases.testSelectFromDropListAndSearchUser()'><b>testSelectFromDropListAndSearchUser</b><br>Test class: com.test.testSuite.TestCases</td>
<td></td>
<td>0</td>
<td>com.test.testSuite.TestCases@550dbc7a</td></tr>
<tr>
<td title='com.test.testSuite.TestCases.testUserNameNotAllowedDuplicate()'><b>testUserNameNotAllowedDuplicate</b><br>Test class: com.test.testSuite.TestCases<br>Parameters: test1, test1</td>
<td></td>
<td>1</td>
<td>com.test.testSuite.TestCases@550dbc7a</td></tr>
<tr>
<td title='com.test.testSuite.TestCases.testVerifyDeptNameField()'><b>testVerifyDeptNameField</b><br>Test class: com.test.testSuite.TestCases<br>Parameters: testDept, testSpon</td>
<td></td>
<td>2</td>
<td>com.test.testSuite.TestCases@550dbc7a</td></tr>
</table><p>
<table width='100%' border='1' class='invocation-skipped'>
<tr><td colspan='4' align='center'><b>SKIPPED TESTS</b></td></tr>
<tr><td><b>Test method</b></td>
<td width="30%"><b>Exception</b></td>
<td width="10%"><b>Time (seconds)</b></td>
<td><b>Instance</b></td>
</tr>
<tr>
<td title='com.test.testSuite.TestCases.testDataRecover()'><b>testDataRecover</b><br>Test class: com.test.testSuite.TestCases</td>
<td><div><pre>org.openqa.selenium.TimeoutException: Expected condition failed: waiting for visibility of [org.openqa.selenium.remote.RemoteWebElement@6d7798c1 -&gt; unknown locator] (tried for 10 second(s) with 500 milliseconds interval)
Build info: version: &apos;3.12.0&apos;, revision: &apos;7c6e0b3&apos;, time: &apos;2018-05-08T14:04:26.12Z&apos;
System info: host: &apos;DESKTOP-LPMN131&apos;, ip: &apos;192.168.10.160&apos;, os.name: &apos;Windows 8.1&apos;, os.arch: &apos;amd64&apos;, os.version: &apos;6.3&apos;, java.version: &apos;1.8.0&apos;
Driver info: org.openqa.selenium.chrome.ChromeDriver
Capabilities {acceptInsecureCerts: false, acceptSslCerts: false, applicationCacheEnabled: false, browserConnectionEnabled: false, browserName: chrome, chrome: {chromedriverVersion: 2.40.565498 (ea082db3280dd6..., userDataDir: C:\Users\w\AppData\Local\Te...}, cssSelectorsEnabled: true, databaseEnabled: false, handlesAlerts: true, hasTouchScreen: false, javascriptEnabled: true, locationContextEnabled: true, mobileEmulationEnabled: false, nativeEvents: true, networkConnectionEnabled: false, pageLoadStrategy: normal, platform: XP, platformName: XP, rotatable: false, setWindowRect: true, takesHeapSnapshot: true, takesScreenshot: true, unexpectedAlertBehaviour: , unhandledPromptBehavior: , version: 72.0.3626.96, webStorageEnabled: true}
Session ID: 38045fe94289b0d2fbfd054a0389e392
	at org.openqa.selenium.support.ui.WebDriverWait.timeoutException(WebDriverWait.java:81)
	at org.openqa.selenium.support.ui.FluentWait.until(FluentWait.java:271)
	at com.test.testSuite.TestCases.testDataRecover(TestCases.java:163)
	at sun.reflect.NativeMethodAccessorImpl.invoke0(Native Method)
	at sun.reflect.NativeMethodAccessorImpl.invoke(NativeMethodAccessorImpl.java:62)
	at sun.reflect.DelegatingMethodAccessorImpl.invoke(DelegatingMethodAccessorImpl.java:43)
	at java.lang.reflect.Method.invoke(Method.java:483)
	at org.testng.internal.MethodInvocationHelper.invokeMethod(MethodInvocationHelper.java:124)
	at org.testng.internal.Invoker.invokeMethod(Invoker.java:583)
	at org.testng.internal.Invoker.invokeTestMethod(Invoker.java:719)
	at org.testng.internal.Invoker.invokeTestMethods(Invoker.java:989)
	at org.testng.internal.TestMethodWorker.invokeTestMethods(TestMethodWorker.java:125)
	at org.testng.internal.TestMethodWorker.run(TestMethodWorker.java:109)
	at java.util.concurrent.ThreadPoolExecutor.runWorker(ThreadPoolExecutor.java:1142)
	at java.util.concurrent.ThreadPoolExecutor$Worker.run(ThreadPoolExecutor.java:617)
	at java.lang.Thread.run(Thread.java:744)
</pre></div><a href='#' onClick='toggleBox("stack-trace1987443721", this, "Click to show all stack frames", "Click to hide stack frames")'>Click to show all stack frames</a>
<div class='stack-trace' id='stack-trace1987443721'><pre>org.openqa.selenium.TimeoutException: Expected condition failed: waiting for visibility of [org.openqa.selenium.remote.RemoteWebElement@6d7798c1 -&gt; unknown locator] (tried for 10 second(s) with 500 milliseconds interval)
Build info: version: &apos;3.12.0&apos;, revision: &apos;7c6e0b3&apos;, time: &apos;2018-05-08T14:04:26.12Z&apos;
System info: host: &apos;DESKTOP-LPMN131&apos;, ip: &apos;192.168.10.160&apos;, os.name: &apos;Windows 8.1&apos;, os.arch: &apos;amd64&apos;, os.version: &apos;6.3&apos;, java.version: &apos;1.8.0&apos;
Driver info: org.openqa.selenium.chrome.ChromeDriver
Capabilities {acceptInsecureCerts: false, acceptSslCerts: false, applicationCacheEnabled: false, browserConnectionEnabled: false, browserName: chrome, chrome: {chromedriverVersion: 2.40.565498 (ea082db3280dd6..., userDataDir: C:\Users\w\AppData\Local\Te...}, cssSelectorsEnabled: true, databaseEnabled: false, handlesAlerts: true, hasTouchScreen: false, javascriptEnabled: true, locationContextEnabled: true, mobileEmulationEnabled: false, nativeEvents: true, networkConnectionEnabled: false, pageLoadStrategy: normal, platform: XP, platformName: XP, rotatable: false, setWindowRect: true, takesHeapSnapshot: true, takesScreenshot: true, unexpectedAlertBehaviour: , unhandledPromptBehavior: , version: 72.0.3626.96, webStorageEnabled: true}
Session ID: 38045fe94289b0d2fbfd054a0389e392
	at org.openqa.selenium.support.ui.WebDriverWait.timeoutException(WebDriverWait.java:81)
	at org.openqa.selenium.support.ui.FluentWait.until(FluentWait.java:271)
	at com.test.testSuite.TestCases.testDataRecover(TestCases.java:163)
	at sun.reflect.NativeMethodAccessorImpl.invoke0(Native Method)
	at sun.reflect.NativeMethodAccessorImpl.invoke(NativeMethodAccessorImpl.java:62)
	at sun.reflect.DelegatingMethodAccessorImpl.invoke(DelegatingMethodAccessorImpl.java:43)
	at java.lang.reflect.Method.invoke(Method.java:483)
	at org.testng.internal.MethodInvocationHelper.invokeMethod(MethodInvocationHelper.java:124)
	at org.testng.internal.Invoker.invokeMethod(Invoker.java:583)
	at org.testng.internal.Invoker.invokeTestMethod(Invoker.java:719)
	at org.testng.internal.Invoker.invokeTestMethods(Invoker.java:989)
	at org.testng.internal.TestMethodWorker.invokeTestMethods(TestMethodWorker.java:125)
	at org.testng.internal.TestMethodWorker.run(TestMethodWorker.java:109)
	at java.util.concurrent.ThreadPoolExecutor.runWorker(ThreadPoolExecutor.java:1142)
	at java.util.concurrent.ThreadPoolExecutor$Worker.run(ThreadPoolExecutor.java:617)
	at java.lang.Thread.run(Thread.java:744)
</pre></div></td>
<td>13</td>
<td>com.test.testSuite.TestCases@550dbc7a</td></tr>
<tr>
<td title='com.test.testSuite.TestCases.testDataRecover()'><b>testDataRecover</b><br>Test class: com.test.testSuite.TestCases</td>
<td><div><pre>org.openqa.selenium.WebDriverException: unknown error: Element &lt;h2&gt;...&lt;/h2&gt; is not clickable at point (110, 271). Other element would receive the click: &lt;div id=&quot;dialog_overlay&quot; class=&quot;md-overlay md-fixed md-dialog-overlay&quot; style=&quot;&quot;&gt;&lt;/div&gt;
  (Session info: chrome=72.0.3626.96)
  (Driver info: chromedriver=2.40.565498 (ea082db3280dd6843ebfb08a625e3eb905c4f5ab),platform=Windows NT 10.0.17134 x86_64) (WARNING: The server did not provide any stacktrace information)
Command duration or timeout: 0 milliseconds
Build info: version: &apos;3.12.0&apos;, revision: &apos;7c6e0b3&apos;, time: &apos;2018-05-08T14:04:26.12Z&apos;
System info: host: &apos;DESKTOP-LPMN131&apos;, ip: &apos;192.168.10.160&apos;, os.name: &apos;Windows 8.1&apos;, os.arch: &apos;amd64&apos;, os.version: &apos;6.3&apos;, java.version: &apos;1.8.0&apos;
Driver info: org.openqa.selenium.chrome.ChromeDriver
Capabilities {acceptInsecureCerts: false, acceptSslCerts: false, applicationCacheEnabled: false, browserConnectionEnabled: false, browserName: chrome, chrome: {chromedriverVersion: 2.40.565498 (ea082db3280dd6..., userDataDir: C:\Users\w\AppData\Local\Te...}, cssSelectorsEnabled: true, databaseEnabled: false, handlesAlerts: true, hasTouchScreen: false, javascriptEnabled: true, locationContextEnabled: true, mobileEmulationEnabled: false, nativeEvents: true, networkConnectionEnabled: false, pageLoadStrategy: normal, platform: XP, platformName: XP, rotatable: false, setWindowRect: true, takesHeapSnapshot: true, takesScreenshot: true, unexpectedAlertBehaviour: , unhandledPromptBehavior: , version: 72.0.3626.96, webStorageEnabled: true}
Session ID: 38045fe94289b0d2fbfd054a0389e392
	at sun.reflect.NativeConstructorAccessorImpl.newInstance0(Native Method)
	at sun.reflect.NativeConstructorAccessorImpl.newInstance(NativeConstructorAccessorImpl.java:62)
	at sun.reflect.DelegatingConstructorAccessorImpl.newInstance(DelegatingConstructorAccessorImpl.java:45)
	at java.lang.reflect.Constructor.newInstance(Constructor.java:408)
	at org.openqa.selenium.remote.ErrorHandler.createThrowable(ErrorHandler.java:214)
	at org.openqa.selenium.remote.ErrorHandler.throwIfResponseFailed(ErrorHandler.java:166)
	at org.openqa.selenium.remote.http.JsonHttpResponseCodec.reconstructValue(JsonHttpResponseCodec.java:40)
	at org.openqa.selenium.remote.http.AbstractHttpResponseCodec.decode(AbstractHttpResponseCodec.java:80)
	at org.openqa.selenium.remote.http.AbstractHttpResponseCodec.decode(AbstractHttpResponseCodec.java:44)
	at org.openqa.selenium.remote.HttpCommandExecutor.execute(HttpCommandExecutor.java:158)
	at org.openqa.selenium.remote.service.DriverCommandExecutor.execute(DriverCommandExecutor.java:83)
	at org.openqa.selenium.remote.RemoteWebDriver.execute(RemoteWebDriver.java:543)
	at org.openqa.selenium.remote.RemoteWebElement.execute(RemoteWebElement.java:276)
	at org.openqa.selenium.remote.RemoteWebElement.click(RemoteWebElement.java:83)
	at com.test.testSuite.TestCases.testDataRecover(TestCases.java:163)
	at sun.reflect.NativeMethodAccessorImpl.invoke0(Native Method)
	at sun.reflect.NativeMethodAccessorImpl.invoke(NativeMethodAccessorImpl.java:62)
	at sun.reflect.DelegatingMethodAccessorImpl.invoke(DelegatingMethodAccessorImpl.java:43)
	at java.lang.reflect.Method.invoke(Method.java:483)
	at org.testng.internal.MethodInvocationHelper.invokeMethod(MethodInvocationHelper.java:124)
	at org.testng.internal.Invoker.invokeMethod(Invoker.java:583)
	at org.testng.internal.Invoker.retryFailed(Invoker.java:839)
	at org.testng.internal.Invoker.invokeTestMethods(Invoker.java:1010)
	at org.testng.internal.TestMethodWorker.invokeTestMethods(TestMethodWorker.java:125)
	at org.testng.internal.TestMethodWorker.run(TestMethodWorker.java:109)
	at java.util.concurrent.ThreadPoolExecutor.runWorker(ThreadPoolExecutor.java:1142)
	at java.util.concurrent.ThreadPoolExecutor$Worker.run(ThreadPoolExecutor.java:617)
	at java.lang.Thread.run(Thread.java:744)
</pre></div><a href='#' onClick='toggleBox("stack-trace757058901", this, "Click to show all stack frames", "Click to hide stack frames")'>Click to show all stack frames</a>
<div class='stack-trace' id='stack-trace757058901'><pre>org.openqa.selenium.WebDriverException: unknown error: Element &lt;h2&gt;...&lt;/h2&gt; is not clickable at point (110, 271). Other element would receive the click: &lt;div id=&quot;dialog_overlay&quot; class=&quot;md-overlay md-fixed md-dialog-overlay&quot; style=&quot;&quot;&gt;&lt;/div&gt;
  (Session info: chrome=72.0.3626.96)
  (Driver info: chromedriver=2.40.565498 (ea082db3280dd6843ebfb08a625e3eb905c4f5ab),platform=Windows NT 10.0.17134 x86_64) (WARNING: The server did not provide any stacktrace information)
Command duration or timeout: 0 milliseconds
Build info: version: &apos;3.12.0&apos;, revision: &apos;7c6e0b3&apos;, time: &apos;2018-05-08T14:04:26.12Z&apos;
System info: host: &apos;DESKTOP-LPMN131&apos;, ip: &apos;192.168.10.160&apos;, os.name: &apos;Windows 8.1&apos;, os.arch: &apos;amd64&apos;, os.version: &apos;6.3&apos;, java.version: &apos;1.8.0&apos;
Driver info: org.openqa.selenium.chrome.ChromeDriver
Capabilities {acceptInsecureCerts: false, acceptSslCerts: false, applicationCacheEnabled: false, browserConnectionEnabled: false, browserName: chrome, chrome: {chromedriverVersion: 2.40.565498 (ea082db3280dd6..., userDataDir: C:\Users\w\AppData\Local\Te...}, cssSelectorsEnabled: true, databaseEnabled: false, handlesAlerts: true, hasTouchScreen: false, javascriptEnabled: true, locationContextEnabled: true, mobileEmulationEnabled: false, nativeEvents: true, networkConnectionEnabled: false, pageLoadStrategy: normal, platform: XP, platformName: XP, rotatable: false, setWindowRect: true, takesHeapSnapshot: true, takesScreenshot: true, unexpectedAlertBehaviour: , unhandledPromptBehavior: , version: 72.0.3626.96, webStorageEnabled: true}
Session ID: 38045fe94289b0d2fbfd054a0389e392
	at sun.reflect.NativeConstructorAccessorImpl.newInstance0(Native Method)
	at sun.reflect.NativeConstructorAccessorImpl.newInstance(NativeConstructorAccessorImpl.java:62)
	at sun.reflect.DelegatingConstructorAccessorImpl.newInstance(DelegatingConstructorAccessorImpl.java:45)
	at java.lang.reflect.Constructor.newInstance(Constructor.java:408)
	at org.openqa.selenium.remote.ErrorHandler.createThrowable(ErrorHandler.java:214)
	at org.openqa.selenium.remote.ErrorHandler.throwIfResponseFailed(ErrorHandler.java:166)
	at org.openqa.selenium.remote.http.JsonHttpResponseCodec.reconstructValue(JsonHttpResponseCodec.java:40)
	at org.openqa.selenium.remote.http.AbstractHttpResponseCodec.decode(AbstractHttpResponseCodec.java:80)
	at org.openqa.selenium.remote.http.AbstractHttpResponseCodec.decode(AbstractHttpResponseCodec.java:44)
	at org.openqa.selenium.remote.HttpCommandExecutor.execute(HttpCommandExecutor.java:158)
	at org.openqa.selenium.remote.service.DriverCommandExecutor.execute(DriverCommandExecutor.java:83)
	at org.openqa.selenium.remote.RemoteWebDriver.execute(RemoteWebDriver.java:543)
	at org.openqa.selenium.remote.RemoteWebElement.execute(RemoteWebElement.java:276)
	at org.openqa.selenium.remote.RemoteWebElement.click(RemoteWebElement.java:83)
	at com.test.testSuite.TestCases.testDataRecover(TestCases.java:163)
	at sun.reflect.NativeMethodAccessorImpl.invoke0(Native Method)
	at sun.reflect.NativeMethodAccessorImpl.invoke(NativeMethodAccessorImpl.java:62)
	at sun.reflect.DelegatingMethodAccessorImpl.invoke(DelegatingMethodAccessorImpl.java:43)
	at java.lang.reflect.Method.invoke(Method.java:483)
	at org.testng.internal.MethodInvocationHelper.invokeMethod(MethodInvocationHelper.java:124)
	at org.testng.internal.Invoker.invokeMethod(Invoker.java:583)
	at org.testng.internal.Invoker.retryFailed(Invoker.java:839)
	at org.testng.internal.Invoker.invokeTestMethods(Invoker.java:1010)
	at org.testng.internal.TestMethodWorker.invokeTestMethods(TestMethodWorker.java:125)
	at org.testng.internal.TestMethodWorker.run(TestMethodWorker.java:109)
	at java.util.concurrent.ThreadPoolExecutor.runWorker(ThreadPoolExecutor.java:1142)
	at java.util.concurrent.ThreadPoolExecutor$Worker.run(ThreadPoolExecutor.java:617)
	at java.lang.Thread.run(Thread.java:744)
</pre></div></td>
<td>3</td>
<td>com.test.testSuite.TestCases@550dbc7a</td></tr>
<tr>
<td title='com.test.testSuite.TestCases.testSelectFromDropListAndSearchUser()'><b>testSelectFromDropListAndSearchUser</b><br>Test class: com.test.testSuite.TestCases</td>
<td><div><pre>org.openqa.selenium.WebDriverException: unknown error: Element &lt;h2 class=&quot;&quot;&gt;...&lt;/h2&gt; is not clickable at point (110, 301). Other element would receive the click: &lt;a href=&quot;usermaintain.html&quot; target=&quot;ifbox&quot;&gt;...&lt;/a&gt;
  (Session info: chrome=72.0.3626.96)
  (Driver info: chromedriver=2.40.565498 (ea082db3280dd6843ebfb08a625e3eb905c4f5ab),platform=Windows NT 10.0.17134 x86_64) (WARNING: The server did not provide any stacktrace information)
Command duration or timeout: 0 milliseconds
Build info: version: &apos;3.12.0&apos;, revision: &apos;7c6e0b3&apos;, time: &apos;2018-05-08T14:04:26.12Z&apos;
System info: host: &apos;DESKTOP-LPMN131&apos;, ip: &apos;192.168.10.160&apos;, os.name: &apos;Windows 8.1&apos;, os.arch: &apos;amd64&apos;, os.version: &apos;6.3&apos;, java.version: &apos;1.8.0&apos;
Driver info: org.openqa.selenium.chrome.ChromeDriver
Capabilities {acceptInsecureCerts: false, acceptSslCerts: false, applicationCacheEnabled: false, browserConnectionEnabled: false, browserName: chrome, chrome: {chromedriverVersion: 2.40.565498 (ea082db3280dd6..., userDataDir: C:\Users\w\AppData\Local\Te...}, cssSelectorsEnabled: true, databaseEnabled: false, handlesAlerts: true, hasTouchScreen: false, javascriptEnabled: true, locationContextEnabled: true, mobileEmulationEnabled: false, nativeEvents: true, networkConnectionEnabled: false, pageLoadStrategy: normal, platform: XP, platformName: XP, rotatable: false, setWindowRect: true, takesHeapSnapshot: true, takesScreenshot: true, unexpectedAlertBehaviour: , unhandledPromptBehavior: , version: 72.0.3626.96, webStorageEnabled: true}
Session ID: 38045fe94289b0d2fbfd054a0389e392
	at sun.reflect.NativeConstructorAccessorImpl.newInstance0(Native Method)
	at sun.reflect.NativeConstructorAccessorImpl.newInstance(NativeConstructorAccessorImpl.java:62)
	at sun.reflect.DelegatingConstructorAccessorImpl.newInstance(DelegatingConstructorAccessorImpl.java:45)
	at java.lang.reflect.Constructor.newInstance(Constructor.java:408)
	at org.openqa.selenium.remote.ErrorHandler.createThrowable(ErrorHandler.java:214)
	at org.openqa.selenium.remote.ErrorHandler.throwIfResponseFailed(ErrorHandler.java:166)
	at org.openqa.selenium.remote.http.JsonHttpResponseCodec.reconstructValue(JsonHttpResponseCodec.java:40)
	at org.openqa.selenium.remote.http.AbstractHttpResponseCodec.decode(AbstractHttpResponseCodec.java:80)
	at org.openqa.selenium.remote.http.AbstractHttpResponseCodec.decode(AbstractHttpResponseCodec.java:44)
	at org.openqa.selenium.remote.HttpCommandExecutor.execute(HttpCommandExecutor.java:158)
	at org.openqa.selenium.remote.service.DriverCommandExecutor.execute(DriverCommandExecutor.java:83)
	at org.openqa.selenium.remote.RemoteWebDriver.execute(RemoteWebDriver.java:543)
	at org.openqa.selenium.remote.RemoteWebElement.execute(RemoteWebElement.java:276)
	at org.openqa.selenium.remote.RemoteWebElement.click(RemoteWebElement.java:83)
	at com.test.pages.UserManagePage.goToUserManagePage(UserManagePage.java:17)
	at com.test.testSuite.TestCases.testSelectFromDropListAndSearchUser(TestCases.java:262)
	at sun.reflect.NativeMethodAccessorImpl.invoke0(Native Method)
	at sun.reflect.NativeMethodAccessorImpl.invoke(NativeMethodAccessorImpl.java:62)
	at sun.reflect.DelegatingMethodAccessorImpl.invoke(DelegatingMethodAccessorImpl.java:43)
	at java.lang.reflect.Method.invoke(Method.java:483)
	at org.testng.internal.MethodInvocationHelper.invokeMethod(MethodInvocationHelper.java:124)
	at org.testng.internal.Invoker.invokeMethod(Invoker.java:583)
	at org.testng.internal.Invoker.invokeTestMethod(Invoker.java:719)
	at org.testng.internal.Invoker.invokeTestMethods(Invoker.java:989)
	at org.testng.internal.TestMethodWorker.invokeTestMethods(TestMethodWorker.java:125)
	at org.testng.internal.TestMethodWorker.run(TestMethodWorker.java:109)
	at java.util.concurrent.ThreadPoolExecutor.runWorker(ThreadPoolExecutor.java:1142)
	at java.util.concurrent.ThreadPoolExecutor$Worker.run(ThreadPoolExecutor.java:617)
	at java.lang.Thread.run(Thread.java:744)
</pre></div><a href='#' onClick='toggleBox("stack-trace829152425", this, "Click to show all stack frames", "Click to hide stack frames")'>Click to show all stack frames</a>
<div class='stack-trace' id='stack-trace829152425'><pre>org.openqa.selenium.WebDriverException: unknown error: Element &lt;h2 class=&quot;&quot;&gt;...&lt;/h2&gt; is not clickable at point (110, 301). Other element would receive the click: &lt;a href=&quot;usermaintain.html&quot; target=&quot;ifbox&quot;&gt;...&lt;/a&gt;
  (Session info: chrome=72.0.3626.96)
  (Driver info: chromedriver=2.40.565498 (ea082db3280dd6843ebfb08a625e3eb905c4f5ab),platform=Windows NT 10.0.17134 x86_64) (WARNING: The server did not provide any stacktrace information)
Command duration or timeout: 0 milliseconds
Build info: version: &apos;3.12.0&apos;, revision: &apos;7c6e0b3&apos;, time: &apos;2018-05-08T14:04:26.12Z&apos;
System info: host: &apos;DESKTOP-LPMN131&apos;, ip: &apos;192.168.10.160&apos;, os.name: &apos;Windows 8.1&apos;, os.arch: &apos;amd64&apos;, os.version: &apos;6.3&apos;, java.version: &apos;1.8.0&apos;
Driver info: org.openqa.selenium.chrome.ChromeDriver
Capabilities {acceptInsecureCerts: false, acceptSslCerts: false, applicationCacheEnabled: false, browserConnectionEnabled: false, browserName: chrome, chrome: {chromedriverVersion: 2.40.565498 (ea082db3280dd6..., userDataDir: C:\Users\w\AppData\Local\Te...}, cssSelectorsEnabled: true, databaseEnabled: false, handlesAlerts: true, hasTouchScreen: false, javascriptEnabled: true, locationContextEnabled: true, mobileEmulationEnabled: false, nativeEvents: true, networkConnectionEnabled: false, pageLoadStrategy: normal, platform: XP, platformName: XP, rotatable: false, setWindowRect: true, takesHeapSnapshot: true, takesScreenshot: true, unexpectedAlertBehaviour: , unhandledPromptBehavior: , version: 72.0.3626.96, webStorageEnabled: true}
Session ID: 38045fe94289b0d2fbfd054a0389e392
	at sun.reflect.NativeConstructorAccessorImpl.newInstance0(Native Method)
	at sun.reflect.NativeConstructorAccessorImpl.newInstance(NativeConstructorAccessorImpl.java:62)
	at sun.reflect.DelegatingConstructorAccessorImpl.newInstance(DelegatingConstructorAccessorImpl.java:45)
	at java.lang.reflect.Constructor.newInstance(Constructor.java:408)
	at org.openqa.selenium.remote.ErrorHandler.createThrowable(ErrorHandler.java:214)
	at org.openqa.selenium.remote.ErrorHandler.throwIfResponseFailed(ErrorHandler.java:166)
	at org.openqa.selenium.remote.http.JsonHttpResponseCodec.reconstructValue(JsonHttpResponseCodec.java:40)
	at org.openqa.selenium.remote.http.AbstractHttpResponseCodec.decode(AbstractHttpResponseCodec.java:80)
	at org.openqa.selenium.remote.http.AbstractHttpResponseCodec.decode(AbstractHttpResponseCodec.java:44)
	at org.openqa.selenium.remote.HttpCommandExecutor.execute(HttpCommandExecutor.java:158)
	at org.openqa.selenium.remote.service.DriverCommandExecutor.execute(DriverCommandExecutor.java:83)
	at org.openqa.selenium.remote.RemoteWebDriver.execute(RemoteWebDriver.java:543)
	at org.openqa.selenium.remote.RemoteWebElement.execute(RemoteWebElement.java:276)
	at org.openqa.selenium.remote.RemoteWebElement.click(RemoteWebElement.java:83)
	at com.test.pages.UserManagePage.goToUserManagePage(UserManagePage.java:17)
	at com.test.testSuite.TestCases.testSelectFromDropListAndSearchUser(TestCases.java:262)
	at sun.reflect.NativeMethodAccessorImpl.invoke0(Native Method)
	at sun.reflect.NativeMethodAccessorImpl.invoke(NativeMethodAccessorImpl.java:62)
	at sun.reflect.DelegatingMethodAccessorImpl.invoke(DelegatingMethodAccessorImpl.java:43)
	at java.lang.reflect.Method.invoke(Method.java:483)
	at org.testng.internal.MethodInvocationHelper.invokeMethod(MethodInvocationHelper.java:124)
	at org.testng.internal.Invoker.invokeMethod(Invoker.java:583)
	at org.testng.internal.Invoker.invokeTestMethod(Invoker.java:719)
	at org.testng.internal.Invoker.invokeTestMethods(Invoker.java:989)
	at org.testng.internal.TestMethodWorker.invokeTestMethods(TestMethodWorker.java:125)
	at org.testng.internal.TestMethodWorker.run(TestMethodWorker.java:109)
	at java.util.concurrent.ThreadPoolExecutor.runWorker(ThreadPoolExecutor.java:1142)
	at java.util.concurrent.ThreadPoolExecutor$Worker.run(ThreadPoolExecutor.java:617)
	at java.lang.Thread.run(Thread.java:744)
</pre></div></td>
<td>0</td>
<td>com.test.testSuite.TestCases@550dbc7a</td></tr>
</table><p>
</body>
</html>