<?xml version="1.0" encoding="UTF-8"?>
<!-- Generated by org.testng.reporters.JUnitXMLReporter -->
<testsuite hostname="DESKTOP-LPMN131" ignored="4" name="Test JZDT" tests="34" failures="1" timestamp="12 二月 2019 08:41:08 GMT" time="186.932" errors="0">
  <testcase name="logPass" time="4.098" classname="com.test.testSuite.Login"/>
  <testcase name="testInputRoadNameAndLocate" time="9.269" classname="com.test.testSuite.TestCases"/>
  <testcase name="testSelectDataType_HongGuan" time="1.563" classname="com.test.testSuite.TestCases"/>
  <testcase name="testDataBrowseFolder" time="1.715" classname="com.test.testSuite.TestCases"/>
  <testcase name="testSelectDataTypeAndAreaMeasureInDataQueryFolder" time="1.891" classname="com.test.testSuite.TestCases"/>
  <testcase name="testConditionQueryAndLocate" time="7.349" classname="com.test.testSuite.TestCases"/>
  <testcase name="testSelectDataTypeAndMeasureInDataExport" time="2.33" classname="com.test.testSuite.TestCases"/>
  <testcase name="testInputRoadNameAndLocateInDataExport" time="0.584" classname="com.test.testSuite.TestCases"/>
  <testcase name="testAddUserFiledNotNull" time="1.196" classname="com.test.testSuite.TestCases"/>
  <testcase name="testAddUserFieldLength" time="1.281" classname="com.test.testSuite.TestCases"/>
  <testcase name="testAddUserPass" time="7.411" classname="com.test.testSuite.TestCases"/>
  <testcase name="testInputKeywordAndSearchUser" time="0.306" classname="com.test.testSuite.TestCases"/>
  <testcase name="testSelectFromDropListAndSearchUser" time="0.075" classname="com.test.testSuite.TestCases">
    <skipped/>
  </testcase> <!-- testSelectFromDropListAndSearchUser -->
  <testcase name="testSelectFromDropListAndSearchUser" time="0.406" classname="com.test.testSuite.TestCases"/>
  <testcase name="testEditUser" time="9.317" classname="com.test.testSuite.TestCases"/>
  <testcase name="testUserNameNotAllowedDuplicate" time="1.459" classname="com.test.testSuite.TestCases"/>
  <testcase name="testDeleteUser" time="12.741" classname="com.test.testSuite.TestCases"/>
  <testcase name="testAddRolePass" time="7.238" classname="com.test.testSuite.TestCases"/>
  <testcase name="testRoleNameFieldVerify" time="2.044" classname="com.test.testSuite.TestCases"/>
  <testcase name="testInputKeywordAndSearchRole" time="0.285" classname="com.test.testSuite.TestCases"/>
  <testcase name="testSelectFromDropListAndSearchRole" time="0.962" classname="com.test.testSuite.TestCases"/>
  <testcase name="testEditRole" time="7.15" classname="com.test.testSuite.TestCases"/>
  <testcase name="testFenYeInUserRole" time="19.25" classname="com.test.testSuite.TestCases"/>
  <testcase name="testDeleteRole" time="12.671" classname="com.test.testSuite.TestCases"/>
  <testcase name="testAddDept" time="7.808" classname="com.test.testSuite.TestCases"/>
  <testcase name="testVerifyDeptNameField" time="2.149" classname="com.test.testSuite.TestCases"/>
  <testcase name="testInputKeywordAndSearchDept" time="0.973" classname="com.test.testSuite.TestCases"/>
  <testcase name="testSelectFromDropListAndSearchDept" time="0.379" classname="com.test.testSuite.TestCases"/>
  <testcase name="testEditDept" time="7.748" classname="com.test.testSuite.TestCases"/>
  <testcase name="testDeleteDept" time="12.586" classname="com.test.testSuite.TestCases"/>
  <testcase name="testDataUpdateUploadFile" time="14.49" classname="com.test.testSuite.TestCases"/>
  <testcase name="testDataRecover" time="13.091" classname="com.test.testSuite.TestCases">
    <skipped/>
  </testcase> <!-- testDataRecover -->
  <testcase name="testDataRecover" time="3.116" classname="com.test.testSuite.TestCases">
    <skipped/>
  </testcase> <!-- testDataRecover -->
  <testcase name="testDataRecover" time="13.26" classname="com.test.testSuite.TestCases">
    <failure type="org.openqa.selenium.TimeoutException" message="Expected condition failed: waiting for visibility of [org.openqa.selenium.remote.RemoteWebElement@6d7798c1 -&amp;gt; unknown locator] (tried for 10 second(s) with 500 milliseconds interval)
Build info: version: &amp;apos;3.12.0&amp;apos;, revision: &amp;apos;7c6e0b3&amp;apos;, time: &amp;apos;2018-05-08T14:04:26.12Z&amp;apos;
System info: host: &amp;apos;DESKTOP-LPMN131&amp;apos;, ip: &amp;apos;192.168.10.160&amp;apos;, os.name: &amp;apos;Windows 8.1&amp;apos;, os.arch: &amp;apos;amd64&amp;apos;, os.version: &amp;apos;6.3&amp;apos;, java.version: &amp;apos;1.8.0&amp;apos;
Driver info: org.openqa.selenium.chrome.ChromeDriver
Capabilities {acceptInsecureCerts: false, acceptSslCerts: false, applicationCacheEnabled: false, browserConnectionEnabled: false, browserName: chrome, chrome: {chromedriverVersion: 2.40.565498 (ea082db3280dd6..., userDataDir: C:\Users\w\AppData\Local\Te...}, cssSelectorsEnabled: true, databaseEnabled: false, handlesAlerts: true, hasTouchScreen: false, javascriptEnabled: true, locationContextEnabled: true, mobileEmulationEnabled: false, nativeEvents: true, networkConnectionEnabled: false, pageLoadStrategy: normal, platform: XP, platformName: XP, rotatable: false, setWindowRect: true, takesHeapSnapshot: true, takesScreenshot: true, unexpectedAlertBehaviour: , unhandledPromptBehavior: , version: 72.0.3626.96, webStorageEnabled: true}
Session ID: 38045fe94289b0d2fbfd054a0389e392">
      <![CDATA[org.openqa.selenium.TimeoutException: Expected condition failed: waiting for visibility of [org.openqa.selenium.remote.RemoteWebElement@6d7798c1 -> unknown locator] (tried for 10 second(s) with 500 milliseconds interval)
Build info: version: '3.12.0', revision: '7c6e0b3', time: '2018-05-08T14:04:26.12Z'
System info: host: 'DESKTOP-LPMN131', ip: '192.168.10.160', os.name: 'Windows 8.1', os.arch: 'amd64', os.version: '6.3', java.version: '1.8.0'
Driver info: org.openqa.selenium.chrome.ChromeDriver
Capabilities {acceptInsecureCerts: false, acceptSslCerts: false, applicationCacheEnabled: false, browserConnectionEnabled: false, browserName: chrome, chrome: {chromedriverVersion: 2.40.565498 (ea082db3280dd6..., userDataDir: C:\Users\w\AppData\Local\Te...}, cssSelectorsEnabled: true, databaseEnabled: false, handlesAlerts: true, hasTouchScreen: false, javascriptEnabled: true, locationContextEnabled: true, mobileEmulationEnabled: false, nativeEvents: true, networkConnectionEnabled: false, pageLoadStrategy: normal, platform: XP, platformName: XP, rotatable: false, setWindowRect: true, takesHeapSnapshot: true, takesScreenshot: true, unexpectedAlertBehaviour: , unhandledPromptBehavior: , version: 72.0.3626.96, webStorageEnabled: true}
Session ID: 38045fe94289b0d2fbfd054a0389e392
at org.openqa.selenium.support.ui.WebDriverWait.timeoutException(WebDriverWait.java:81)
at org.openqa.selenium.support.ui.FluentWait.until(FluentWait.java:271)
at com.test.testSuite.TestCases.testDataRecover(TestCases.java:163)
at sun.reflect.NativeMethodAccessorImpl.invoke0(Native Method)
at sun.reflect.NativeMethodAccessorImpl.invoke(NativeMethodAccessorImpl.java:62)
at sun.reflect.DelegatingMethodAccessorImpl.invoke(DelegatingMethodAccessorImpl.java:43)
at java.lang.reflect.Method.invoke(Method.java:483)
at org.testng.internal.MethodInvocationHelper.invokeMethod(MethodInvocationHelper.java:124)
at org.testng.internal.Invoker.invokeMethod(Invoker.java:583)
at org.testng.internal.Invoker.retryFailed(Invoker.java:839)
at org.testng.internal.Invoker.invokeTestMethods(Invoker.java:1010)
at org.testng.internal.TestMethodWorker.invokeTestMethods(TestMethodWorker.java:125)
at org.testng.internal.TestMethodWorker.run(TestMethodWorker.java:109)
at java.util.concurrent.ThreadPoolExecutor.runWorker(ThreadPoolExecutor.java:1142)
at java.util.concurrent.ThreadPoolExecutor$Worker.run(ThreadPoolExecutor.java:617)
at java.lang.Thread.run(Thread.java:744)
]]>
    </failure>
  </testcase> <!-- testDataRecover -->
  <testcase name="TestDemo" time="0.0" classname="com.test.testSuite.TestCases">
    <ignored/>
  </testcase> <!-- TestDemo -->
  <testcase name="testBaiduMap" time="0.0" classname="com.test.testSuite.TestCases">
    <ignored/>
  </testcase> <!-- testBaiduMap -->
  <testcase name="testJavaScriptCalls" time="0.0" classname="com.test.testSuite.TestCases">
    <ignored/>
  </testcase> <!-- testJavaScriptCalls -->
  <testcase name="locateTable" time="0.0" classname="com.test.testSuite.TestCases">
    <ignored/>
  </testcase> <!-- locateTable -->
</testsuite> <!-- Test JZDT -->
