<?xml version="1.0" encoding="UTF-8"?>
<!-- Generated by org.testng.reporters.JUnitXMLReporter -->
<testsuite hostname="DESKTOP-LPMN131" ignored="4" name="TestJZDT" tests="31" failures="3" timestamp="12 二月 2019 03:28:41 GMT" time="133.137" errors="0">
  <testcase name="logPass" time="4.003" classname="com.test.testSuite.Login"/>
  <testcase name="testInputRoadNameAndLocate" time="7.756" classname="com.test.testSuite.TestCases"/>
  <testcase name="testSelectDataType_HongGuan" time="2.294" classname="com.test.testSuite.TestCases"/>
  <testcase name="testDataBrowseFolder" time="2.332" classname="com.test.testSuite.TestCases"/>
  <testcase name="testSelectDataTypeAndAreaMeasureInDataQueryFolder" time="1.926" classname="com.test.testSuite.TestCases"/>
  <testcase name="testConditionQueryAndLocate" time="7.839" classname="com.test.testSuite.TestCases"/>
  <testcase name="testSelectDataTypeAndMeasureInDataExport" time="2.526" classname="com.test.testSuite.TestCases"/>
  <testcase name="testInputRoadNameAndLocateInDataExport" time="0.714" classname="com.test.testSuite.TestCases"/>
  <testcase name="testAddUserFiledNotNull" time="1.411" classname="com.test.testSuite.TestCases"/>
  <testcase name="testAddUserFieldLength" time="1.582" classname="com.test.testSuite.TestCases"/>
  <testcase name="testAddUserPass" time="7.664" classname="com.test.testSuite.TestCases"/>
  <testcase name="testInputKeywordAndSearchUser" time="0.414" classname="com.test.testSuite.TestCases"/>
  <testcase name="testSelectFromDropListAndSearchUser" time="0.475" classname="com.test.testSuite.TestCases"/>
  <testcase name="testEditUser" time="9.477" classname="com.test.testSuite.TestCases"/>
  <testcase name="testUserNameNotAllowedDuplicate" time="1.745" classname="com.test.testSuite.TestCases"/>
  <testcase name="testDeleteUser" time="12.867" classname="com.test.testSuite.TestCases"/>
  <testcase name="testAddRolePass" time="7.922" classname="com.test.testSuite.TestCases"/>
  <testcase name="testRoleNameFieldVerify" time="1.785" classname="com.test.testSuite.TestCases"/>
  <testcase name="testInputKeywordAndSearchRole" time="1.025" classname="com.test.testSuite.TestCases"/>
  <testcase name="testSelectFromDropListAndSearchRole" time="0.52" classname="com.test.testSuite.TestCases"/>
  <testcase name="testEditRole" time="7.738" classname="com.test.testSuite.TestCases"/>
  <testcase name="testFenYeInUserRole" time="10.175" classname="com.test.testSuite.TestCases"/>
  <testcase name="testDeleteRole" time="13.581" classname="com.test.testSuite.TestCases"/>
  <testcase name="testAddDept" time="7.61" classname="com.test.testSuite.TestCases"/>
  <testcase name="testVerifyDeptNameField" time="3.047" classname="com.test.testSuite.TestCases"/>
  <testcase name="testInputKeywordAndSearchDept" time="0.425" classname="com.test.testSuite.TestCases"/>
  <testcase name="testSelectFromDropListAndSearchDept" time="1.099" classname="com.test.testSuite.TestCases"/>
  <testcase name="testEditDept" time="7.436" classname="com.test.testSuite.TestCases"/>
  <testcase name="testDeleteDept" time="0.836" classname="com.test.testSuite.TestCases">
    <failure type="java.lang.NullPointerException">
      <![CDATA[java.lang.NullPointerException
at org.openqa.selenium.support.ui.ExpectedConditions.elementIfVisible(ExpectedConditions.java:315)
at org.openqa.selenium.support.ui.ExpectedConditions.access$100(ExpectedConditions.java:44)
at org.openqa.selenium.support.ui.ExpectedConditions$10.apply(ExpectedConditions.java:301)
at org.openqa.selenium.support.ui.ExpectedConditions$10.apply(ExpectedConditions.java:298)
at org.openqa.selenium.support.ui.ExpectedConditions$23.apply(ExpectedConditions.java:686)
at org.openqa.selenium.support.ui.ExpectedConditions$23.apply(ExpectedConditions.java:682)
at org.openqa.selenium.support.ui.FluentWait.until(FluentWait.java:248)
at com.test.testSuite.TestCases.testDeleteDept(TestCases.java:575)
at sun.reflect.NativeMethodAccessorImpl.invoke0(Native Method)
at sun.reflect.NativeMethodAccessorImpl.invoke(NativeMethodAccessorImpl.java:62)
at sun.reflect.DelegatingMethodAccessorImpl.invoke(DelegatingMethodAccessorImpl.java:43)
at java.lang.reflect.Method.invoke(Method.java:483)
at org.testng.internal.MethodInvocationHelper.invokeMethod(MethodInvocationHelper.java:124)
at org.testng.internal.Invoker.invokeMethod(Invoker.java:583)
at org.testng.internal.Invoker.invokeTestMethod(Invoker.java:719)
at org.testng.internal.Invoker.invokeTestMethods(Invoker.java:989)
at org.testng.internal.TestMethodWorker.invokeTestMethods(TestMethodWorker.java:125)
at org.testng.internal.TestMethodWorker.run(TestMethodWorker.java:109)
at java.util.concurrent.ThreadPoolExecutor.runWorker(ThreadPoolExecutor.java:1142)
at java.util.concurrent.ThreadPoolExecutor$Worker.run(ThreadPoolExecutor.java:617)
at java.lang.Thread.run(Thread.java:744)
]]>
    </failure>
  </testcase> <!-- testDeleteDept -->
  <testcase name="testDataUpdateUploadFile" time="3.032" classname="com.test.testSuite.TestCases">
    <failure type="java.lang.NullPointerException">
      <![CDATA[java.lang.NullPointerException
at com.test.testSuite.TestCases.testDataUpdateUploadFile(TestCases.java:142)
at sun.reflect.NativeMethodAccessorImpl.invoke0(Native Method)
at sun.reflect.NativeMethodAccessorImpl.invoke(NativeMethodAccessorImpl.java:62)
at sun.reflect.DelegatingMethodAccessorImpl.invoke(DelegatingMethodAccessorImpl.java:43)
at java.lang.reflect.Method.invoke(Method.java:483)
at org.testng.internal.MethodInvocationHelper.invokeMethod(MethodInvocationHelper.java:124)
at org.testng.internal.Invoker.invokeMethod(Invoker.java:583)
at org.testng.internal.Invoker.invokeTestMethod(Invoker.java:719)
at org.testng.internal.Invoker.invokeTestMethods(Invoker.java:989)
at org.testng.internal.TestMethodWorker.invokeTestMethods(TestMethodWorker.java:125)
at org.testng.internal.TestMethodWorker.run(TestMethodWorker.java:109)
at java.util.concurrent.ThreadPoolExecutor.runWorker(ThreadPoolExecutor.java:1142)
at java.util.concurrent.ThreadPoolExecutor$Worker.run(ThreadPoolExecutor.java:617)
at java.lang.Thread.run(Thread.java:744)
]]>
    </failure>
  </testcase> <!-- testDataUpdateUploadFile -->
  <testcase name="testDataRecover" time="3.036" classname="com.test.testSuite.TestCases">
    <failure type="java.lang.NullPointerException">
      <![CDATA[java.lang.NullPointerException
at org.openqa.selenium.support.ui.ExpectedConditions.elementIfVisible(ExpectedConditions.java:315)
at org.openqa.selenium.support.ui.ExpectedConditions.access$100(ExpectedConditions.java:44)
at org.openqa.selenium.support.ui.ExpectedConditions$10.apply(ExpectedConditions.java:301)
at org.openqa.selenium.support.ui.ExpectedConditions$10.apply(ExpectedConditions.java:298)
at org.openqa.selenium.support.ui.FluentWait.until(FluentWait.java:248)
at com.test.testSuite.TestCases.testDataRecover(TestCases.java:163)
at sun.reflect.NativeMethodAccessorImpl.invoke0(Native Method)
at sun.reflect.NativeMethodAccessorImpl.invoke(NativeMethodAccessorImpl.java:62)
at sun.reflect.DelegatingMethodAccessorImpl.invoke(DelegatingMethodAccessorImpl.java:43)
at java.lang.reflect.Method.invoke(Method.java:483)
at org.testng.internal.MethodInvocationHelper.invokeMethod(MethodInvocationHelper.java:124)
at org.testng.internal.Invoker.invokeMethod(Invoker.java:583)
at org.testng.internal.Invoker.invokeTestMethod(Invoker.java:719)
at org.testng.internal.Invoker.invokeTestMethods(Invoker.java:989)
at org.testng.internal.TestMethodWorker.invokeTestMethods(TestMethodWorker.java:125)
at org.testng.internal.TestMethodWorker.run(TestMethodWorker.java:109)
at java.util.concurrent.ThreadPoolExecutor.runWorker(ThreadPoolExecutor.java:1142)
at java.util.concurrent.ThreadPoolExecutor$Worker.run(ThreadPoolExecutor.java:617)
at java.lang.Thread.run(Thread.java:744)
]]>
    </failure>
  </testcase> <!-- testDataRecover -->
  <testcase name="TestDemo" time="0.0" classname="com.test.testSuite.TestCases">
    <ignored/>
  </testcase> <!-- TestDemo -->
  <testcase name="testBaiduMap" time="0.0" classname="com.test.testSuite.TestCases">
    <ignored/>
  </testcase> <!-- testBaiduMap -->
  <testcase name="testJavaScriptCalls" time="0.0" classname="com.test.testSuite.TestCases">
    <ignored/>
  </testcase> <!-- testJavaScriptCalls -->
  <testcase name="locateTable" time="0.0" classname="com.test.testSuite.TestCases">
    <ignored/>
  </testcase> <!-- locateTable -->
</testsuite> <!-- TestJZDT -->
