<?xml version="1.0" encoding="UTF-8"?>
<testng-results skipped="0" failed="9" ignored="4" total="35" passed="22">
  <reporter-output>
    <line>
      <![CDATA[登录成功]]>
    </line>
  </reporter-output>
  <suite name="Suite" duration-ms="197218" started-at="2019-02-01T03:40:08Z" finished-at="2019-02-01T03:43:25Z">
    <groups>
    </groups>
    <test name="TestJZDT" duration-ms="197218" started-at="2019-02-01T03:40:08Z" finished-at="2019-02-01T03:43:25Z">
      <class name="com.test.testSuite.TestCases">
        <test-method status="PASS" signature="setUP()[pri:0, instance:com.test.testSuite.TestCases@63376bed]" name="setUP" is-config="true" duration-ms="4883" started-at="2019-02-01T03:40:08Z" finished-at="2019-02-01T03:40:13Z">
          <reporter-output>
          </reporter-output>
        </test-method> <!-- setUP -->
        <test-method status="PASS" signature="testInputRoadNameAndLocate()[pri:0, instance:com.test.testSuite.TestCases@63376bed]" name="testInputRoadNameAndLocate" duration-ms="16341" started-at="2019-02-01T03:40:13Z" finished-at="2019-02-01T03:40:29Z">
          <reporter-output>
          </reporter-output>
        </test-method> <!-- testInputRoadNameAndLocate -->
        <test-method status="PASS" signature="testSelectDataType_HongGuan()[pri:0, instance:com.test.testSuite.TestCases@63376bed]" name="testSelectDataType_HongGuan" duration-ms="10668" started-at="2019-02-01T03:40:29Z" finished-at="2019-02-01T03:40:40Z">
          <reporter-output>
          </reporter-output>
        </test-method> <!-- testSelectDataType_HongGuan -->
        <test-method status="PASS" signature="testDataBrowseFolder()[pri:0, instance:com.test.testSuite.TestCases@63376bed]" name="testDataBrowseFolder" duration-ms="22192" started-at="2019-02-01T03:40:40Z" finished-at="2019-02-01T03:41:02Z">
          <reporter-output>
          </reporter-output>
        </test-method> <!-- testDataBrowseFolder -->
        <test-method status="PASS" signature="testSelectDataTypeAndAreaMeasureInDataQueryFolder()[pri:0, instance:com.test.testSuite.TestCases@63376bed]" name="testSelectDataTypeAndAreaMeasureInDataQueryFolder" duration-ms="5053" started-at="2019-02-01T03:41:02Z" finished-at="2019-02-01T03:41:07Z">
          <reporter-output>
          </reporter-output>
        </test-method> <!-- testSelectDataTypeAndAreaMeasureInDataQueryFolder -->
        <test-method status="PASS" signature="testConditionQueryAndLocate()[pri:0, instance:com.test.testSuite.TestCases@63376bed]" name="testConditionQueryAndLocate" duration-ms="9166" started-at="2019-02-01T03:41:07Z" finished-at="2019-02-01T03:41:16Z">
          <reporter-output>
          </reporter-output>
        </test-method> <!-- testConditionQueryAndLocate -->
        <test-method status="PASS" signature="testDataUpdateUploadFile()[pri:0, instance:com.test.testSuite.TestCases@63376bed]" name="testDataUpdateUploadFile" duration-ms="31510" started-at="2019-02-01T03:41:16Z" finished-at="2019-02-01T03:41:47Z">
          <reporter-output>
          </reporter-output>
        </test-method> <!-- testDataUpdateUploadFile -->
        <test-method status="FAIL" signature="testDataRecover()[pri:0, instance:com.test.testSuite.TestCases@63376bed]" name="testDataRecover" duration-ms="33371" started-at="2019-02-01T03:41:47Z" finished-at="2019-02-01T03:42:21Z">
          <exception class="org.openqa.selenium.TimeoutException">
            <message>
              <![CDATA[Expected condition failed: waiting for visibility of [org.openqa.selenium.remote.RemoteWebElement@68414a39 -> unknown locator] (tried for 30 second(s) with 500 milliseconds interval)
Build info: version: '3.12.0', revision: '7c6e0b3', time: '2018-05-08T14:04:26.12Z'
System info: host: 'DESKTOP-LPMN131', ip: '192.168.10.160', os.name: 'Windows 8.1', os.arch: 'amd64', os.version: '6.3', java.version: '1.8.0'
Driver info: org.openqa.selenium.chrome.ChromeDriver
Capabilities {acceptInsecureCerts: false, acceptSslCerts: false, applicationCacheEnabled: false, browserConnectionEnabled: false, browserName: chrome, chrome: {chromedriverVersion: 2.40.565498 (ea082db3280dd6..., userDataDir: C:\Users\w\AppData\Local\Te...}, cssSelectorsEnabled: true, databaseEnabled: false, handlesAlerts: true, hasTouchScreen: false, javascriptEnabled: true, locationContextEnabled: true, mobileEmulationEnabled: false, nativeEvents: true, networkConnectionEnabled: false, pageLoadStrategy: normal, platform: XP, platformName: XP, rotatable: false, setWindowRect: true, takesHeapSnapshot: true, takesScreenshot: true, unexpectedAlertBehaviour: , unhandledPromptBehavior: , version: 71.0.3578.98, webStorageEnabled: true}
Session ID: 35d5ec3ed64c32fdad86deb5cd1a943e]]>
            </message>
            <full-stacktrace>
              <![CDATA[org.openqa.selenium.TimeoutException: Expected condition failed: waiting for visibility of [org.openqa.selenium.remote.RemoteWebElement@68414a39 -> unknown locator] (tried for 30 second(s) with 500 milliseconds interval)
Build info: version: '3.12.0', revision: '7c6e0b3', time: '2018-05-08T14:04:26.12Z'
System info: host: 'DESKTOP-LPMN131', ip: '192.168.10.160', os.name: 'Windows 8.1', os.arch: 'amd64', os.version: '6.3', java.version: '1.8.0'
Driver info: org.openqa.selenium.chrome.ChromeDriver
Capabilities {acceptInsecureCerts: false, acceptSslCerts: false, applicationCacheEnabled: false, browserConnectionEnabled: false, browserName: chrome, chrome: {chromedriverVersion: 2.40.565498 (ea082db3280dd6..., userDataDir: C:\Users\w\AppData\Local\Te...}, cssSelectorsEnabled: true, databaseEnabled: false, handlesAlerts: true, hasTouchScreen: false, javascriptEnabled: true, locationContextEnabled: true, mobileEmulationEnabled: false, nativeEvents: true, networkConnectionEnabled: false, pageLoadStrategy: normal, platform: XP, platformName: XP, rotatable: false, setWindowRect: true, takesHeapSnapshot: true, takesScreenshot: true, unexpectedAlertBehaviour: , unhandledPromptBehavior: , version: 71.0.3578.98, webStorageEnabled: true}
Session ID: 35d5ec3ed64c32fdad86deb5cd1a943e
at org.openqa.selenium.support.ui.WebDriverWait.timeoutException(WebDriverWait.java:81)
at org.openqa.selenium.support.ui.FluentWait.until(FluentWait.java:271)
at com.test.testSuite.TestCases.testDataRecover(TestCases.java:163)
at sun.reflect.NativeMethodAccessorImpl.invoke0(Native Method)
at sun.reflect.NativeMethodAccessorImpl.invoke(NativeMethodAccessorImpl.java:62)
at sun.reflect.DelegatingMethodAccessorImpl.invoke(DelegatingMethodAccessorImpl.java:43)
at java.lang.reflect.Method.invoke(Method.java:483)
at org.testng.internal.MethodInvocationHelper.invokeMethod(MethodInvocationHelper.java:124)
at org.testng.internal.Invoker.invokeMethod(Invoker.java:583)
at org.testng.internal.Invoker.invokeTestMethod(Invoker.java:719)
at org.testng.internal.Invoker.invokeTestMethods(Invoker.java:989)
at org.testng.internal.TestMethodWorker.invokeTestMethods(TestMethodWorker.java:125)
at org.testng.internal.TestMethodWorker.run(TestMethodWorker.java:109)
at java.util.concurrent.ThreadPoolExecutor.runWorker(ThreadPoolExecutor.java:1142)
at java.util.concurrent.ThreadPoolExecutor$Worker.run(ThreadPoolExecutor.java:617)
at java.lang.Thread.run(Thread.java:744)
]]>
            </full-stacktrace>
          </exception> <!-- org.openqa.selenium.TimeoutException -->
          <reporter-output>
          </reporter-output>
        </test-method> <!-- testDataRecover -->
        <test-method status="PASS" signature="testSelectDataTypeAndMeasureInDataExport()[pri:0, instance:com.test.testSuite.TestCases@63376bed]" name="testSelectDataTypeAndMeasureInDataExport" duration-ms="2322" started-at="2019-02-01T03:42:21Z" finished-at="2019-02-01T03:42:23Z">
          <reporter-output>
          </reporter-output>
        </test-method> <!-- testSelectDataTypeAndMeasureInDataExport -->
        <test-method status="PASS" signature="testInputRoadNameAndLocateInDataExport()[pri:0, instance:com.test.testSuite.TestCases@63376bed]" name="testInputRoadNameAndLocateInDataExport" duration-ms="536" started-at="2019-02-01T03:42:23Z" finished-at="2019-02-01T03:42:24Z">
          <reporter-output>
          </reporter-output>
        </test-method> <!-- testInputRoadNameAndLocateInDataExport -->
        <test-method status="PASS" signature="testAddUserFiledNotNull()[pri:0, instance:com.test.testSuite.TestCases@63376bed]" name="testAddUserFiledNotNull" duration-ms="1223" started-at="2019-02-01T03:42:24Z" finished-at="2019-02-01T03:42:25Z">
          <reporter-output>
          </reporter-output>
        </test-method> <!-- testAddUserFiledNotNull -->
        <test-method status="PASS" signature="testAddUserFieldLength()[pri:0, instance:com.test.testSuite.TestCases@63376bed]" name="testAddUserFieldLength" duration-ms="1322" started-at="2019-02-01T03:42:25Z" finished-at="2019-02-01T03:42:26Z">
          <reporter-output>
          </reporter-output>
        </test-method> <!-- testAddUserFieldLength -->
        <test-method status="PASS" signature="testAddUserPass(java.lang.String, java.lang.String)[pri:0, instance:com.test.testSuite.TestCases@63376bed]" name="testAddUserPass" duration-ms="7382" started-at="2019-02-01T03:42:26Z" finished-at="2019-02-01T03:42:34Z">
          <params>
            <param index="0">
              <value>
                <![CDATA[test1]]>
              </value>
            </param>
            <param index="1">
              <value>
                <![CDATA[test1]]>
              </value>
            </param>
          </params>
          <reporter-output>
          </reporter-output>
        </test-method> <!-- testAddUserPass -->
        <test-method status="PASS" signature="testInputKeywordAndSearchUser()[pri:0, instance:com.test.testSuite.TestCases@63376bed]" name="testInputKeywordAndSearchUser" duration-ms="271" started-at="2019-02-01T03:42:34Z" finished-at="2019-02-01T03:42:34Z">
          <reporter-output>
          </reporter-output>
        </test-method> <!-- testInputKeywordAndSearchUser -->
        <test-method status="PASS" signature="testSelectFromDropListAndSearchUser()[pri:0, instance:com.test.testSuite.TestCases@63376bed]" name="testSelectFromDropListAndSearchUser" duration-ms="359" started-at="2019-02-01T03:42:34Z" finished-at="2019-02-01T03:42:34Z">
          <reporter-output>
          </reporter-output>
        </test-method> <!-- testSelectFromDropListAndSearchUser -->
        <test-method status="PASS" signature="testEditUser()[pri:0, instance:com.test.testSuite.TestCases@63376bed]" name="testEditUser" duration-ms="9144" started-at="2019-02-01T03:42:34Z" finished-at="2019-02-01T03:42:43Z">
          <reporter-output>
          </reporter-output>
        </test-method> <!-- testEditUser -->
        <test-method status="PASS" signature="testUserNameNotAllowedDuplicate(java.lang.String, java.lang.String)[pri:0, instance:com.test.testSuite.TestCases@63376bed]" name="testUserNameNotAllowedDuplicate" duration-ms="1339" started-at="2019-02-01T03:42:43Z" finished-at="2019-02-01T03:42:45Z">
          <params>
            <param index="0">
              <value>
                <![CDATA[test1]]>
              </value>
            </param>
            <param index="1">
              <value>
                <![CDATA[test1]]>
              </value>
            </param>
          </params>
          <reporter-output>
          </reporter-output>
        </test-method> <!-- testUserNameNotAllowedDuplicate -->
        <test-method status="PASS" signature="testDeleteUser()[pri:0, instance:com.test.testSuite.TestCases@63376bed]" name="testDeleteUser" duration-ms="12746" started-at="2019-02-01T03:42:45Z" finished-at="2019-02-01T03:42:58Z">
          <reporter-output>
          </reporter-output>
        </test-method> <!-- testDeleteUser -->
        <test-method status="PASS" signature="testAddRolePass(java.lang.String)[pri:0, instance:com.test.testSuite.TestCases@63376bed]" name="testAddRolePass" duration-ms="7705" started-at="2019-02-01T03:42:58Z" finished-at="2019-02-01T03:43:05Z">
          <params>
            <param index="0">
              <value>
                <![CDATA[roleName]]>
              </value>
            </param>
          </params>
          <reporter-output>
          </reporter-output>
        </test-method> <!-- testAddRolePass -->
        <test-method status="PASS" signature="testRoleNameFieldVerify(java.lang.String)[pri:0, instance:com.test.testSuite.TestCases@63376bed]" name="testRoleNameFieldVerify" duration-ms="1450" started-at="2019-02-01T03:43:05Z" finished-at="2019-02-01T03:43:07Z">
          <params>
            <param index="0">
              <value>
                <![CDATA[roleName]]>
              </value>
            </param>
          </params>
          <reporter-output>
          </reporter-output>
        </test-method> <!-- testRoleNameFieldVerify -->
        <test-method status="PASS" signature="testInputKeywordAndSearchRole(java.lang.String)[pri:0, instance:com.test.testSuite.TestCases@63376bed]" name="testInputKeywordAndSearchRole" duration-ms="915" started-at="2019-02-01T03:43:07Z" finished-at="2019-02-01T03:43:08Z">
          <params>
            <param index="0">
              <value>
                <![CDATA[roleName]]>
              </value>
            </param>
          </params>
          <reporter-output>
          </reporter-output>
        </test-method> <!-- testInputKeywordAndSearchRole -->
        <test-method status="PASS" signature="testSelectFromDropListAndSearchRole()[pri:0, instance:com.test.testSuite.TestCases@63376bed]" name="testSelectFromDropListAndSearchRole" duration-ms="344" started-at="2019-02-01T03:43:08Z" finished-at="2019-02-01T03:43:08Z">
          <reporter-output>
          </reporter-output>
        </test-method> <!-- testSelectFromDropListAndSearchRole -->
        <test-method status="PASS" signature="testEditRole()[pri:0, instance:com.test.testSuite.TestCases@63376bed]" name="testEditRole" duration-ms="7546" started-at="2019-02-01T03:43:08Z" finished-at="2019-02-01T03:43:15Z">
          <reporter-output>
          </reporter-output>
        </test-method> <!-- testEditRole -->
        <test-method status="FAIL" signature="testFenYeInUserRole()[pri:0, instance:com.test.testSuite.TestCases@63376bed]" name="testFenYeInUserRole" duration-ms="9327" started-at="2019-02-01T03:43:15Z" finished-at="2019-02-01T03:43:25Z">
          <exception class="org.openqa.selenium.WebDriverException">
            <message>
              <![CDATA[unknown error: Element <a href="javascript:void(0)">...</a> is not clickable at point (1630, 595). Other element would receive the click: <div id="operate_Modal" class="modal fade in" tabindex="-1" role="dialog" aria-labelledby="myModalLabel" style="display: block;">...</div>
  (Session info: chrome=71.0.3578.98)
  (Driver info: chromedriver=2.40.565498 (ea082db3280dd6843ebfb08a625e3eb905c4f5ab),platform=Windows NT 10.0.17134 x86_64) (WARNING: The server did not provide any stacktrace information)
Command duration or timeout: 0 milliseconds
Build info: version: '3.12.0', revision: '7c6e0b3', time: '2018-05-08T14:04:26.12Z'
System info: host: 'DESKTOP-LPMN131', ip: '192.168.10.160', os.name: 'Windows 8.1', os.arch: 'amd64', os.version: '6.3', java.version: '1.8.0'
Driver info: org.openqa.selenium.chrome.ChromeDriver
Capabilities {acceptInsecureCerts: false, acceptSslCerts: false, applicationCacheEnabled: false, browserConnectionEnabled: false, browserName: chrome, chrome: {chromedriverVersion: 2.40.565498 (ea082db3280dd6..., userDataDir: C:\Users\w\AppData\Local\Te...}, cssSelectorsEnabled: true, databaseEnabled: false, handlesAlerts: true, hasTouchScreen: false, javascriptEnabled: true, locationContextEnabled: true, mobileEmulationEnabled: false, nativeEvents: true, networkConnectionEnabled: false, pageLoadStrategy: normal, platform: XP, platformName: XP, rotatable: false, setWindowRect: true, takesHeapSnapshot: true, takesScreenshot: true, unexpectedAlertBehaviour: , unhandledPromptBehavior: , version: 71.0.3578.98, webStorageEnabled: true}
Session ID: 35d5ec3ed64c32fdad86deb5cd1a943e]]>
            </message>
            <full-stacktrace>
              <![CDATA[org.openqa.selenium.WebDriverException: unknown error: Element <a href="javascript:void(0)">...</a> is not clickable at point (1630, 595). Other element would receive the click: <div id="operate_Modal" class="modal fade in" tabindex="-1" role="dialog" aria-labelledby="myModalLabel" style="display: block;">...</div>
  (Session info: chrome=71.0.3578.98)
  (Driver info: chromedriver=2.40.565498 (ea082db3280dd6843ebfb08a625e3eb905c4f5ab),platform=Windows NT 10.0.17134 x86_64) (WARNING: The server did not provide any stacktrace information)
Command duration or timeout: 0 milliseconds
Build info: version: '3.12.0', revision: '7c6e0b3', time: '2018-05-08T14:04:26.12Z'
System info: host: 'DESKTOP-LPMN131', ip: '192.168.10.160', os.name: 'Windows 8.1', os.arch: 'amd64', os.version: '6.3', java.version: '1.8.0'
Driver info: org.openqa.selenium.chrome.ChromeDriver
Capabilities {acceptInsecureCerts: false, acceptSslCerts: false, applicationCacheEnabled: false, browserConnectionEnabled: false, browserName: chrome, chrome: {chromedriverVersion: 2.40.565498 (ea082db3280dd6..., userDataDir: C:\Users\w\AppData\Local\Te...}, cssSelectorsEnabled: true, databaseEnabled: false, handlesAlerts: true, hasTouchScreen: false, javascriptEnabled: true, locationContextEnabled: true, mobileEmulationEnabled: false, nativeEvents: true, networkConnectionEnabled: false, pageLoadStrategy: normal, platform: XP, platformName: XP, rotatable: false, setWindowRect: true, takesHeapSnapshot: true, takesScreenshot: true, unexpectedAlertBehaviour: , unhandledPromptBehavior: , version: 71.0.3578.98, webStorageEnabled: true}
Session ID: 35d5ec3ed64c32fdad86deb5cd1a943e
at sun.reflect.NativeConstructorAccessorImpl.newInstance0(Native Method)
at sun.reflect.NativeConstructorAccessorImpl.newInstance(NativeConstructorAccessorImpl.java:62)
at sun.reflect.DelegatingConstructorAccessorImpl.newInstance(DelegatingConstructorAccessorImpl.java:45)
at java.lang.reflect.Constructor.newInstance(Constructor.java:408)
at org.openqa.selenium.remote.ErrorHandler.createThrowable(ErrorHandler.java:214)
at org.openqa.selenium.remote.ErrorHandler.throwIfResponseFailed(ErrorHandler.java:166)
at org.openqa.selenium.remote.http.JsonHttpResponseCodec.reconstructValue(JsonHttpResponseCodec.java:40)
at org.openqa.selenium.remote.http.AbstractHttpResponseCodec.decode(AbstractHttpResponseCodec.java:80)
at org.openqa.selenium.remote.http.AbstractHttpResponseCodec.decode(AbstractHttpResponseCodec.java:44)
at org.openqa.selenium.remote.HttpCommandExecutor.execute(HttpCommandExecutor.java:158)
at org.openqa.selenium.remote.service.DriverCommandExecutor.execute(DriverCommandExecutor.java:83)
at org.openqa.selenium.remote.RemoteWebDriver.execute(RemoteWebDriver.java:543)
at org.openqa.selenium.remote.RemoteWebElement.execute(RemoteWebElement.java:276)
at org.openqa.selenium.remote.RemoteWebElement.click(RemoteWebElement.java:83)
at com.test.testSuite.TestCases.testFenYeInUserRole(TestCases.java:433)
at sun.reflect.NativeMethodAccessorImpl.invoke0(Native Method)
at sun.reflect.NativeMethodAccessorImpl.invoke(NativeMethodAccessorImpl.java:62)
at sun.reflect.DelegatingMethodAccessorImpl.invoke(DelegatingMethodAccessorImpl.java:43)
at java.lang.reflect.Method.invoke(Method.java:483)
at org.testng.internal.MethodInvocationHelper.invokeMethod(MethodInvocationHelper.java:124)
at org.testng.internal.Invoker.invokeMethod(Invoker.java:583)
at org.testng.internal.Invoker.invokeTestMethod(Invoker.java:719)
at org.testng.internal.Invoker.invokeTestMethods(Invoker.java:989)
at org.testng.internal.TestMethodWorker.invokeTestMethods(TestMethodWorker.java:125)
at org.testng.internal.TestMethodWorker.run(TestMethodWorker.java:109)
at java.util.concurrent.ThreadPoolExecutor.runWorker(ThreadPoolExecutor.java:1142)
at java.util.concurrent.ThreadPoolExecutor$Worker.run(ThreadPoolExecutor.java:617)
at java.lang.Thread.run(Thread.java:744)
]]>
            </full-stacktrace>
          </exception> <!-- org.openqa.selenium.WebDriverException -->
          <reporter-output>
          </reporter-output>
        </test-method> <!-- testFenYeInUserRole -->
        <test-method status="FAIL" signature="testDeleteRole()[pri:0, instance:com.test.testSuite.TestCases@63376bed]" name="testDeleteRole" duration-ms="14" started-at="2019-02-01T03:43:25Z" finished-at="2019-02-01T03:43:25Z">
          <exception class="java.lang.NullPointerException">
            <full-stacktrace>
              <![CDATA[java.lang.NullPointerException
at org.openqa.selenium.support.ui.ExpectedConditions.elementIfVisible(ExpectedConditions.java:315)
at org.openqa.selenium.support.ui.ExpectedConditions.access$100(ExpectedConditions.java:44)
at org.openqa.selenium.support.ui.ExpectedConditions$10.apply(ExpectedConditions.java:301)
at org.openqa.selenium.support.ui.ExpectedConditions$10.apply(ExpectedConditions.java:298)
at org.openqa.selenium.support.ui.FluentWait.until(FluentWait.java:248)
at com.test.pages.UserManagePage.goToRoleManagePage(UserManagePage.java:147)
at com.test.testSuite.TestCases.testDeleteRole(TestCases.java:452)
at sun.reflect.NativeMethodAccessorImpl.invoke0(Native Method)
at sun.reflect.NativeMethodAccessorImpl.invoke(NativeMethodAccessorImpl.java:62)
at sun.reflect.DelegatingMethodAccessorImpl.invoke(DelegatingMethodAccessorImpl.java:43)
at java.lang.reflect.Method.invoke(Method.java:483)
at org.testng.internal.MethodInvocationHelper.invokeMethod(MethodInvocationHelper.java:124)
at org.testng.internal.Invoker.invokeMethod(Invoker.java:583)
at org.testng.internal.Invoker.invokeTestMethod(Invoker.java:719)
at org.testng.internal.Invoker.invokeTestMethods(Invoker.java:989)
at org.testng.internal.TestMethodWorker.invokeTestMethods(TestMethodWorker.java:125)
at org.testng.internal.TestMethodWorker.run(TestMethodWorker.java:109)
at java.util.concurrent.ThreadPoolExecutor.runWorker(ThreadPoolExecutor.java:1142)
at java.util.concurrent.ThreadPoolExecutor$Worker.run(ThreadPoolExecutor.java:617)
at java.lang.Thread.run(Thread.java:744)
]]>
            </full-stacktrace>
          </exception> <!-- java.lang.NullPointerException -->
          <reporter-output>
          </reporter-output>
        </test-method> <!-- testDeleteRole -->
        <test-method status="FAIL" signature="testAddDept(java.lang.String, java.lang.String)[pri:0, instance:com.test.testSuite.TestCases@63376bed]" name="testAddDept" duration-ms="9" started-at="2019-02-01T03:43:25Z" finished-at="2019-02-01T03:43:25Z">
          <params>
            <param index="0">
              <value>
                <![CDATA[testDept]]>
              </value>
            </param>
            <param index="1">
              <value>
                <![CDATA[testSpon]]>
              </value>
            </param>
          </params>
          <exception class="java.lang.NullPointerException">
            <full-stacktrace>
              <![CDATA[java.lang.NullPointerException
at org.openqa.selenium.support.ui.ExpectedConditions.elementIfVisible(ExpectedConditions.java:315)
at org.openqa.selenium.support.ui.ExpectedConditions.access$100(ExpectedConditions.java:44)
at org.openqa.selenium.support.ui.ExpectedConditions$10.apply(ExpectedConditions.java:301)
at org.openqa.selenium.support.ui.ExpectedConditions$10.apply(ExpectedConditions.java:298)
at org.openqa.selenium.support.ui.FluentWait.until(FluentWait.java:248)
at com.test.pages.UserManagePage.goToDeptManagePage(UserManagePage.java:262)
at com.test.testSuite.TestCases.testAddDept(TestCases.java:481)
at sun.reflect.NativeMethodAccessorImpl.invoke0(Native Method)
at sun.reflect.NativeMethodAccessorImpl.invoke(NativeMethodAccessorImpl.java:62)
at sun.reflect.DelegatingMethodAccessorImpl.invoke(DelegatingMethodAccessorImpl.java:43)
at java.lang.reflect.Method.invoke(Method.java:483)
at org.testng.internal.MethodInvocationHelper.invokeMethod(MethodInvocationHelper.java:124)
at org.testng.internal.Invoker.invokeMethod(Invoker.java:583)
at org.testng.internal.Invoker.invokeTestMethod(Invoker.java:719)
at org.testng.internal.Invoker.invokeTestMethods(Invoker.java:989)
at org.testng.internal.TestMethodWorker.invokeTestMethods(TestMethodWorker.java:125)
at org.testng.internal.TestMethodWorker.run(TestMethodWorker.java:109)
at java.util.concurrent.ThreadPoolExecutor.runWorker(ThreadPoolExecutor.java:1142)
at java.util.concurrent.ThreadPoolExecutor$Worker.run(ThreadPoolExecutor.java:617)
at java.lang.Thread.run(Thread.java:744)
]]>
            </full-stacktrace>
          </exception> <!-- java.lang.NullPointerException -->
          <reporter-output>
          </reporter-output>
        </test-method> <!-- testAddDept -->
        <test-method status="FAIL" signature="testVerifyDeptNameField(java.lang.String, java.lang.String)[pri:0, instance:com.test.testSuite.TestCases@63376bed]" name="testVerifyDeptNameField" duration-ms="10" started-at="2019-02-01T03:43:25Z" finished-at="2019-02-01T03:43:25Z">
          <params>
            <param index="0">
              <value>
                <![CDATA[testDept]]>
              </value>
            </param>
            <param index="1">
              <value>
                <![CDATA[testSpon]]>
              </value>
            </param>
          </params>
          <exception class="java.lang.NullPointerException">
            <full-stacktrace>
              <![CDATA[java.lang.NullPointerException
at org.openqa.selenium.support.ui.ExpectedConditions.elementIfVisible(ExpectedConditions.java:315)
at org.openqa.selenium.support.ui.ExpectedConditions.access$100(ExpectedConditions.java:44)
at org.openqa.selenium.support.ui.ExpectedConditions$10.apply(ExpectedConditions.java:301)
at org.openqa.selenium.support.ui.ExpectedConditions$10.apply(ExpectedConditions.java:298)
at org.openqa.selenium.support.ui.FluentWait.until(FluentWait.java:248)
at com.test.pages.UserManagePage.goToDeptManagePage(UserManagePage.java:262)
at com.test.testSuite.TestCases.testVerifyDeptNameField(TestCases.java:494)
at sun.reflect.NativeMethodAccessorImpl.invoke0(Native Method)
at sun.reflect.NativeMethodAccessorImpl.invoke(NativeMethodAccessorImpl.java:62)
at sun.reflect.DelegatingMethodAccessorImpl.invoke(DelegatingMethodAccessorImpl.java:43)
at java.lang.reflect.Method.invoke(Method.java:483)
at org.testng.internal.MethodInvocationHelper.invokeMethod(MethodInvocationHelper.java:124)
at org.testng.internal.Invoker.invokeMethod(Invoker.java:583)
at org.testng.internal.Invoker.invokeTestMethod(Invoker.java:719)
at org.testng.internal.Invoker.invokeTestMethods(Invoker.java:989)
at org.testng.internal.TestMethodWorker.invokeTestMethods(TestMethodWorker.java:125)
at org.testng.internal.TestMethodWorker.run(TestMethodWorker.java:109)
at java.util.concurrent.ThreadPoolExecutor.runWorker(ThreadPoolExecutor.java:1142)
at java.util.concurrent.ThreadPoolExecutor$Worker.run(ThreadPoolExecutor.java:617)
at java.lang.Thread.run(Thread.java:744)
]]>
            </full-stacktrace>
          </exception> <!-- java.lang.NullPointerException -->
          <reporter-output>
          </reporter-output>
        </test-method> <!-- testVerifyDeptNameField -->
        <test-method status="FAIL" signature="testInputKeywordAndSearchDept(java.lang.String)[pri:0, instance:com.test.testSuite.TestCases@63376bed]" name="testInputKeywordAndSearchDept" duration-ms="11" started-at="2019-02-01T03:43:25Z" finished-at="2019-02-01T03:43:25Z">
          <params>
            <param index="0">
              <value>
                <![CDATA[testDept]]>
              </value>
            </param>
          </params>
          <exception class="java.lang.NullPointerException">
            <full-stacktrace>
              <![CDATA[java.lang.NullPointerException
at org.openqa.selenium.support.ui.ExpectedConditions.elementIfVisible(ExpectedConditions.java:315)
at org.openqa.selenium.support.ui.ExpectedConditions.access$100(ExpectedConditions.java:44)
at org.openqa.selenium.support.ui.ExpectedConditions$10.apply(ExpectedConditions.java:301)
at org.openqa.selenium.support.ui.ExpectedConditions$10.apply(ExpectedConditions.java:298)
at org.openqa.selenium.support.ui.FluentWait.until(FluentWait.java:248)
at com.test.pages.UserManagePage.goToDeptManagePage(UserManagePage.java:262)
at com.test.testSuite.TestCases.testInputKeywordAndSearchDept(TestCases.java:523)
at sun.reflect.NativeMethodAccessorImpl.invoke0(Native Method)
at sun.reflect.NativeMethodAccessorImpl.invoke(NativeMethodAccessorImpl.java:62)
at sun.reflect.DelegatingMethodAccessorImpl.invoke(DelegatingMethodAccessorImpl.java:43)
at java.lang.reflect.Method.invoke(Method.java:483)
at org.testng.internal.MethodInvocationHelper.invokeMethod(MethodInvocationHelper.java:124)
at org.testng.internal.Invoker.invokeMethod(Invoker.java:583)
at org.testng.internal.Invoker.invokeTestMethod(Invoker.java:719)
at org.testng.internal.Invoker.invokeTestMethods(Invoker.java:989)
at org.testng.internal.TestMethodWorker.invokeTestMethods(TestMethodWorker.java:125)
at org.testng.internal.TestMethodWorker.run(TestMethodWorker.java:109)
at java.util.concurrent.ThreadPoolExecutor.runWorker(ThreadPoolExecutor.java:1142)
at java.util.concurrent.ThreadPoolExecutor$Worker.run(ThreadPoolExecutor.java:617)
at java.lang.Thread.run(Thread.java:744)
]]>
            </full-stacktrace>
          </exception> <!-- java.lang.NullPointerException -->
          <reporter-output>
          </reporter-output>
        </test-method> <!-- testInputKeywordAndSearchDept -->
        <test-method status="FAIL" signature="testSelectFromDropListAndSearchDept()[pri:0, instance:com.test.testSuite.TestCases@63376bed]" name="testSelectFromDropListAndSearchDept" duration-ms="8" started-at="2019-02-01T03:43:25Z" finished-at="2019-02-01T03:43:25Z">
          <exception class="java.lang.NullPointerException">
            <full-stacktrace>
              <![CDATA[java.lang.NullPointerException
at org.openqa.selenium.support.ui.ExpectedConditions.elementIfVisible(ExpectedConditions.java:315)
at org.openqa.selenium.support.ui.ExpectedConditions.access$100(ExpectedConditions.java:44)
at org.openqa.selenium.support.ui.ExpectedConditions$10.apply(ExpectedConditions.java:301)
at org.openqa.selenium.support.ui.ExpectedConditions$10.apply(ExpectedConditions.java:298)
at org.openqa.selenium.support.ui.FluentWait.until(FluentWait.java:248)
at com.test.pages.UserManagePage.goToDeptManagePage(UserManagePage.java:262)
at com.test.testSuite.TestCases.testSelectFromDropListAndSearchDept(TestCases.java:534)
at sun.reflect.NativeMethodAccessorImpl.invoke0(Native Method)
at sun.reflect.NativeMethodAccessorImpl.invoke(NativeMethodAccessorImpl.java:62)
at sun.reflect.DelegatingMethodAccessorImpl.invoke(DelegatingMethodAccessorImpl.java:43)
at java.lang.reflect.Method.invoke(Method.java:483)
at org.testng.internal.MethodInvocationHelper.invokeMethod(MethodInvocationHelper.java:124)
at org.testng.internal.Invoker.invokeMethod(Invoker.java:583)
at org.testng.internal.Invoker.invokeTestMethod(Invoker.java:719)
at org.testng.internal.Invoker.invokeTestMethods(Invoker.java:989)
at org.testng.internal.TestMethodWorker.invokeTestMethods(TestMethodWorker.java:125)
at org.testng.internal.TestMethodWorker.run(TestMethodWorker.java:109)
at java.util.concurrent.ThreadPoolExecutor.runWorker(ThreadPoolExecutor.java:1142)
at java.util.concurrent.ThreadPoolExecutor$Worker.run(ThreadPoolExecutor.java:617)
at java.lang.Thread.run(Thread.java:744)
]]>
            </full-stacktrace>
          </exception> <!-- java.lang.NullPointerException -->
          <reporter-output>
          </reporter-output>
        </test-method> <!-- testSelectFromDropListAndSearchDept -->
        <test-method status="FAIL" signature="testEditDept()[pri:0, instance:com.test.testSuite.TestCases@63376bed]" name="testEditDept" duration-ms="9" started-at="2019-02-01T03:43:25Z" finished-at="2019-02-01T03:43:25Z">
          <exception class="java.lang.NullPointerException">
            <full-stacktrace>
              <![CDATA[java.lang.NullPointerException
at org.openqa.selenium.support.ui.ExpectedConditions.elementIfVisible(ExpectedConditions.java:315)
at org.openqa.selenium.support.ui.ExpectedConditions.access$100(ExpectedConditions.java:44)
at org.openqa.selenium.support.ui.ExpectedConditions$10.apply(ExpectedConditions.java:301)
at org.openqa.selenium.support.ui.ExpectedConditions$10.apply(ExpectedConditions.java:298)
at org.openqa.selenium.support.ui.FluentWait.until(FluentWait.java:248)
at com.test.pages.UserManagePage.goToDeptManagePage(UserManagePage.java:262)
at com.test.testSuite.TestCases.testEditDept(TestCases.java:549)
at sun.reflect.NativeMethodAccessorImpl.invoke0(Native Method)
at sun.reflect.NativeMethodAccessorImpl.invoke(NativeMethodAccessorImpl.java:62)
at sun.reflect.DelegatingMethodAccessorImpl.invoke(DelegatingMethodAccessorImpl.java:43)
at java.lang.reflect.Method.invoke(Method.java:483)
at org.testng.internal.MethodInvocationHelper.invokeMethod(MethodInvocationHelper.java:124)
at org.testng.internal.Invoker.invokeMethod(Invoker.java:583)
at org.testng.internal.Invoker.invokeTestMethod(Invoker.java:719)
at org.testng.internal.Invoker.invokeTestMethods(Invoker.java:989)
at org.testng.internal.TestMethodWorker.invokeTestMethods(TestMethodWorker.java:125)
at org.testng.internal.TestMethodWorker.run(TestMethodWorker.java:109)
at java.util.concurrent.ThreadPoolExecutor.runWorker(ThreadPoolExecutor.java:1142)
at java.util.concurrent.ThreadPoolExecutor$Worker.run(ThreadPoolExecutor.java:617)
at java.lang.Thread.run(Thread.java:744)
]]>
            </full-stacktrace>
          </exception> <!-- java.lang.NullPointerException -->
          <reporter-output>
          </reporter-output>
        </test-method> <!-- testEditDept -->
        <test-method status="FAIL" signature="testDeleteDept()[pri:0, instance:com.test.testSuite.TestCases@63376bed]" name="testDeleteDept" duration-ms="11" started-at="2019-02-01T03:43:25Z" finished-at="2019-02-01T03:43:25Z">
          <exception class="java.lang.NullPointerException">
            <full-stacktrace>
              <![CDATA[java.lang.NullPointerException
at org.openqa.selenium.support.ui.ExpectedConditions.elementIfVisible(ExpectedConditions.java:315)
at org.openqa.selenium.support.ui.ExpectedConditions.access$100(ExpectedConditions.java:44)
at org.openqa.selenium.support.ui.ExpectedConditions$10.apply(ExpectedConditions.java:301)
at org.openqa.selenium.support.ui.ExpectedConditions$10.apply(ExpectedConditions.java:298)
at org.openqa.selenium.support.ui.FluentWait.until(FluentWait.java:248)
at com.test.pages.UserManagePage.goToDeptManagePage(UserManagePage.java:262)
at com.test.testSuite.TestCases.testDeleteDept(TestCases.java:567)
at sun.reflect.NativeMethodAccessorImpl.invoke0(Native Method)
at sun.reflect.NativeMethodAccessorImpl.invoke(NativeMethodAccessorImpl.java:62)
at sun.reflect.DelegatingMethodAccessorImpl.invoke(DelegatingMethodAccessorImpl.java:43)
at java.lang.reflect.Method.invoke(Method.java:483)
at org.testng.internal.MethodInvocationHelper.invokeMethod(MethodInvocationHelper.java:124)
at org.testng.internal.Invoker.invokeMethod(Invoker.java:583)
at org.testng.internal.Invoker.invokeTestMethod(Invoker.java:719)
at org.testng.internal.Invoker.invokeTestMethods(Invoker.java:989)
at org.testng.internal.TestMethodWorker.invokeTestMethods(TestMethodWorker.java:125)
at org.testng.internal.TestMethodWorker.run(TestMethodWorker.java:109)
at java.util.concurrent.ThreadPoolExecutor.runWorker(ThreadPoolExecutor.java:1142)
at java.util.concurrent.ThreadPoolExecutor$Worker.run(ThreadPoolExecutor.java:617)
at java.lang.Thread.run(Thread.java:744)
]]>
            </full-stacktrace>
          </exception> <!-- java.lang.NullPointerException -->
          <reporter-output>
          </reporter-output>
        </test-method> <!-- testDeleteDept -->
      </class> <!-- com.test.testSuite.TestCases -->
      <class name="com.test.testSuite.Login">
        <test-method status="PASS" signature="logPass()[pri:0, instance:com.test.testSuite.Login@3c77d488]" name="logPass" duration-ms="3958" started-at="2019-02-01T03:40:08Z" finished-at="2019-02-01T03:40:12Z">
          <reporter-output>
            <line>
              <![CDATA[登录成功]]>
            </line>
          </reporter-output>
        </test-method> <!-- logPass -->
        <test-method status="PASS" signature="afterMethod()[pri:0, instance:com.test.testSuite.Login@3c77d488]" name="afterMethod" is-config="true" duration-ms="54" started-at="2019-02-01T03:40:12Z" finished-at="2019-02-01T03:40:12Z">
          <reporter-output>
          </reporter-output>
        </test-method> <!-- afterMethod -->
      </class> <!-- com.test.testSuite.Login -->
    </test> <!-- TestJZDT -->
  </suite> <!-- Suite -->
</testng-results>
