<?xml version="1.0" encoding="UTF-8"?>
<testsuite name="Test JZDT"
           tests="33"
           failures="30"
           errors="0"
           skipped="0"
           time="26.274">
  <properties />
            <testcase name="tearDown" time="0.024" classname="test.java.com.test.testSuite.TestCases">
                <failure type="org.openqa.selenium.WebDriverException"
                  message="unknown error: Cannot read property &apos;getAttribute&apos; of null
  (Session info: chrome=72.0.3626.96)
  (Driver info: chromedriver=2.40.565498 (ea082db3280dd6843ebfb08a625e3eb905c4f5ab),platform=Windows NT 10.0.17134 x86_64) (WARNING: The server did not provide any stacktrace information)
Command duration or timeout: 0 milliseconds
Build info: version: &apos;3.12.0&apos;, revision: &apos;7c6e0b3&apos;, time: &apos;2018-05-08T14:04:26.12Z&apos;
System info: host: &apos;DESKTOP-LPMN131&apos;, ip: &apos;192.168.10.160&apos;, os.name: &apos;Windows 8.1&apos;, os.arch: &apos;amd64&apos;, os.version: &apos;6.3&apos;, java.version: &apos;1.8.0&apos;
Driver info: org.openqa.selenium.chrome.ChromeDriver
Capabilities {acceptInsecureCerts: false, acceptSslCerts: false, applicationCacheEnabled: false, browserConnectionEnabled: false, browserName: chrome, chrome: {chromedriverVersion: 2.40.565498 (ea082db3280dd6..., userDataDir: C:\Users\w\AppData\Local\Te...}, cssSelectorsEnabled: true, databaseEnabled: false, handlesAlerts: true, hasTouchScreen: false, javascriptEnabled: true, locationContextEnabled: true, mobileEmulationEnabled: false, nativeEvents: true, networkConnectionEnabled: false, pageLoadStrategy: normal, platform: XP, platformName: XP, rotatable: false, setWindowRect: true, takesHeapSnapshot: true, takesScreenshot: true, unexpectedAlertBehaviour: , unhandledPromptBehavior: , version: 72.0.3626.96, webStorageEnabled: true}
Session ID: f97dd86c58986c4541f8948758a956e9"
              >
<![CDATA[org.openqa.selenium.WebDriverException: unknown error: Cannot read property 'getAttribute' of null
  (Session info: chrome=72.0.3626.96)
  (Driver info: chromedriver=2.40.565498 (ea082db3280dd6843ebfb08a625e3eb905c4f5ab),platform=Windows NT 10.0.17134 x86_64) (WARNING: The server did not provide any stacktrace information)
Command duration or timeout: 0 milliseconds
Build info: version: '3.12.0', revision: '7c6e0b3', time: '2018-05-08T14:04:26.12Z'
System info: host: 'DESKTOP-LPMN131', ip: '192.168.10.160', os.name: 'Windows 8.1', os.arch: 'amd64', os.version: '6.3', java.version: '1.8.0'
Driver info: org.openqa.selenium.chrome.ChromeDriver
Capabilities {acceptInsecureCerts: false, acceptSslCerts: false, applicationCacheEnabled: false, browserConnectionEnabled: false, browserName: chrome, chrome: {chromedriverVersion: 2.40.565498 (ea082db3280dd6..., userDataDir: C:\Users\w\AppData\Local\Te...}, cssSelectorsEnabled: true, databaseEnabled: false, handlesAlerts: true, hasTouchScreen: false, javascriptEnabled: true, locationContextEnabled: true, mobileEmulationEnabled: false, nativeEvents: true, networkConnectionEnabled: false, pageLoadStrategy: normal, platform: XP, platformName: XP, rotatable: false, setWindowRect: true, takesHeapSnapshot: true, takesScreenshot: true, unexpectedAlertBehaviour: , unhandledPromptBehavior: , version: 72.0.3626.96, webStorageEnabled: true}
Session ID: f97dd86c58986c4541f8948758a956e9
  sun.reflect.NativeConstructorAccessorImpl.newInstance0(Native Method)
  sun.reflect.NativeConstructorAccessorImpl.newInstance(NativeConstructorAccessorImpl.java:62)
  sun.reflect.DelegatingConstructorAccessorImpl.newInstance(DelegatingConstructorAccessorImpl.java:45)
  java.lang.reflect.Constructor.newInstance(Constructor.java:408)
  org.openqa.selenium.remote.ErrorHandler.createThrowable(ErrorHandler.java:214)
  org.openqa.selenium.remote.ErrorHandler.throwIfResponseFailed(ErrorHandler.java:166)
  org.openqa.selenium.remote.http.JsonHttpResponseCodec.reconstructValue(JsonHttpResponseCodec.java:40)
  org.openqa.selenium.remote.http.AbstractHttpResponseCodec.decode(AbstractHttpResponseCodec.java:80)
  org.openqa.selenium.remote.http.AbstractHttpResponseCodec.decode(AbstractHttpResponseCodec.java:44)
  org.openqa.selenium.remote.HttpCommandExecutor.execute(HttpCommandExecutor.java:158)
  org.openqa.selenium.remote.service.DriverCommandExecutor.execute(DriverCommandExecutor.java:83)
  org.openqa.selenium.remote.RemoteWebDriver.execute(RemoteWebDriver.java:543)
  org.openqa.selenium.remote.RemoteWebDriver.executeScript(RemoteWebDriver.java:480)
  com.test.basic.Functions.highlight(Functions.java:19)
  com.test.pages.MiddleMapPage.exitBtn(MiddleMapPage.java:267)
  test.java.com.test.testSuite.TestCases.tearDown(TestCases.java:37)
  sun.reflect.NativeMethodAccessorImpl.invoke0(Native Method)
  sun.reflect.NativeMethodAccessorImpl.invoke(NativeMethodAccessorImpl.java:62)
  sun.reflect.DelegatingMethodAccessorImpl.invoke(DelegatingMethodAccessorImpl.java:43)
  java.lang.reflect.Method.invoke(Method.java:483)
  org.testng.internal.MethodInvocationHelper.invokeMethod(MethodInvocationHelper.java:124)
  org.testng.internal.MethodInvocationHelper.invokeMethodConsideringTimeout(MethodInvocationHelper.java:59)
  org.testng.internal.Invoker.invokeConfigurationMethod(Invoker.java:458)
  org.testng.internal.Invoker.invokeConfigurations(Invoker.java:222)
  org.testng.internal.Invoker.invokeConfigurations(Invoker.java:142)
  org.testng.internal.TestMethodWorker.invokeAfterClassMethods(TestMethodWorker.java:214)
  org.testng.internal.TestMethodWorker.run(TestMethodWorker.java:111)
  java.util.concurrent.ThreadPoolExecutor.runWorker(ThreadPoolExecutor.java:1142)
  java.util.concurrent.ThreadPoolExecutor$Worker.run(ThreadPoolExecutor.java:617)
  java.lang.Thread.run(Thread.java:744)
]]>
      </failure>

          </testcase>
            <testcase name="testInputKeywordAndSearchDept" time="0.015" classname="test.java.com.test.testSuite.TestCases">
                <failure type="java.lang.NullPointerException"
                  message="(null)"
              >
<![CDATA[java.lang.NullPointerException
  org.openqa.selenium.support.ui.ExpectedConditions.elementIfVisible(ExpectedConditions.java:315)
  org.openqa.selenium.support.ui.ExpectedConditions.access$100(ExpectedConditions.java:44)
  org.openqa.selenium.support.ui.ExpectedConditions$10.apply(ExpectedConditions.java:301)
  org.openqa.selenium.support.ui.ExpectedConditions$10.apply(ExpectedConditions.java:298)
  org.openqa.selenium.support.ui.FluentWait.until(FluentWait.java:248)
  com.test.pages.UserManagePage.goToDeptManagePage(UserManagePage.java:261)
  test.java.com.test.testSuite.TestCases.testInputKeywordAndSearchDept(TestCases.java:577)
  sun.reflect.NativeMethodAccessorImpl.invoke0(Native Method)
  sun.reflect.NativeMethodAccessorImpl.invoke(NativeMethodAccessorImpl.java:62)
  sun.reflect.DelegatingMethodAccessorImpl.invoke(DelegatingMethodAccessorImpl.java:43)
  java.lang.reflect.Method.invoke(Method.java:483)
  org.testng.internal.MethodInvocationHelper.invokeMethod(MethodInvocationHelper.java:124)
  org.testng.internal.Invoker.invokeMethod(Invoker.java:583)
  org.testng.internal.Invoker.invokeTestMethod(Invoker.java:719)
  org.testng.internal.Invoker.invokeTestMethods(Invoker.java:989)
  org.testng.internal.TestMethodWorker.invokeTestMethods(TestMethodWorker.java:125)
  org.testng.internal.TestMethodWorker.run(TestMethodWorker.java:109)
  java.util.concurrent.ThreadPoolExecutor.runWorker(ThreadPoolExecutor.java:1142)
  java.util.concurrent.ThreadPoolExecutor$Worker.run(ThreadPoolExecutor.java:617)
  java.lang.Thread.run(Thread.java:744)
]]>
      </failure>

          </testcase>
            <testcase name="testSelectFromDropListAndSearchRole" time="0.014" classname="test.java.com.test.testSuite.TestCases">
                <failure type="java.lang.NullPointerException"
                  message="(null)"
              >
<![CDATA[java.lang.NullPointerException
  org.openqa.selenium.support.ui.ExpectedConditions.elementIfVisible(ExpectedConditions.java:315)
  org.openqa.selenium.support.ui.ExpectedConditions.access$100(ExpectedConditions.java:44)
  org.openqa.selenium.support.ui.ExpectedConditions$10.apply(ExpectedConditions.java:301)
  org.openqa.selenium.support.ui.ExpectedConditions$10.apply(ExpectedConditions.java:298)
  org.openqa.selenium.support.ui.FluentWait.until(FluentWait.java:248)
  com.test.pages.UserManagePage.goToRoleManagePage(UserManagePage.java:146)
  test.java.com.test.testSuite.TestCases.testSelectFromDropListAndSearchRole(TestCases.java:444)
  sun.reflect.NativeMethodAccessorImpl.invoke0(Native Method)
  sun.reflect.NativeMethodAccessorImpl.invoke(NativeMethodAccessorImpl.java:62)
  sun.reflect.DelegatingMethodAccessorImpl.invoke(DelegatingMethodAccessorImpl.java:43)
  java.lang.reflect.Method.invoke(Method.java:483)
  org.testng.internal.MethodInvocationHelper.invokeMethod(MethodInvocationHelper.java:124)
  org.testng.internal.Invoker.invokeMethod(Invoker.java:583)
  org.testng.internal.Invoker.invokeTestMethod(Invoker.java:719)
  org.testng.internal.Invoker.invokeTestMethods(Invoker.java:989)
  org.testng.internal.TestMethodWorker.invokeTestMethods(TestMethodWorker.java:125)
  org.testng.internal.TestMethodWorker.run(TestMethodWorker.java:109)
  java.util.concurrent.ThreadPoolExecutor.runWorker(ThreadPoolExecutor.java:1142)
  java.util.concurrent.ThreadPoolExecutor$Worker.run(ThreadPoolExecutor.java:617)
  java.lang.Thread.run(Thread.java:744)
]]>
      </failure>

          </testcase>
            <testcase name="testDeleteUser" time="0.011" classname="test.java.com.test.testSuite.TestCases">
                <failure type="java.lang.NullPointerException"
                  message="(null)"
              >
<![CDATA[java.lang.NullPointerException
  org.openqa.selenium.support.ui.ExpectedConditions.elementIfVisible(ExpectedConditions.java:315)
  org.openqa.selenium.support.ui.ExpectedConditions.access$100(ExpectedConditions.java:44)
  org.openqa.selenium.support.ui.ExpectedConditions$10.apply(ExpectedConditions.java:301)
  org.openqa.selenium.support.ui.ExpectedConditions$10.apply(ExpectedConditions.java:298)
  org.openqa.selenium.support.ui.ExpectedConditions$23.apply(ExpectedConditions.java:686)
  org.openqa.selenium.support.ui.ExpectedConditions$23.apply(ExpectedConditions.java:682)
  org.openqa.selenium.support.ui.FluentWait.until(FluentWait.java:248)
  com.test.pages.UserManagePage.goToUserManagePage(UserManagePage.java:17)
  test.java.com.test.testSuite.TestCases.testDeleteUser(TestCases.java:377)
  sun.reflect.NativeMethodAccessorImpl.invoke0(Native Method)
  sun.reflect.NativeMethodAccessorImpl.invoke(NativeMethodAccessorImpl.java:62)
  sun.reflect.DelegatingMethodAccessorImpl.invoke(DelegatingMethodAccessorImpl.java:43)
  java.lang.reflect.Method.invoke(Method.java:483)
  org.testng.internal.MethodInvocationHelper.invokeMethod(MethodInvocationHelper.java:124)
  org.testng.internal.Invoker.invokeMethod(Invoker.java:583)
  org.testng.internal.Invoker.invokeTestMethod(Invoker.java:719)
  org.testng.internal.Invoker.invokeTestMethods(Invoker.java:989)
  org.testng.internal.TestMethodWorker.invokeTestMethods(TestMethodWorker.java:125)
  org.testng.internal.TestMethodWorker.run(TestMethodWorker.java:109)
  java.util.concurrent.ThreadPoolExecutor.runWorker(ThreadPoolExecutor.java:1142)
  java.util.concurrent.ThreadPoolExecutor$Worker.run(ThreadPoolExecutor.java:617)
  java.lang.Thread.run(Thread.java:744)
]]>
      </failure>

          </testcase>
            <testcase name="testEnlargeAndNarrowMap" time="0.016" classname="test.java.com.test.testSuite.TestCases">
                <failure type="java.lang.NullPointerException"
                  message="(null)"
              >
<![CDATA[java.lang.NullPointerException
  org.openqa.selenium.support.ui.ExpectedConditions.elementIfVisible(ExpectedConditions.java:315)
  org.openqa.selenium.support.ui.ExpectedConditions.access$100(ExpectedConditions.java:44)
  org.openqa.selenium.support.ui.ExpectedConditions$10.apply(ExpectedConditions.java:301)
  org.openqa.selenium.support.ui.ExpectedConditions$10.apply(ExpectedConditions.java:298)
  org.openqa.selenium.support.ui.FluentWait.until(FluentWait.java:248)
  test.java.com.test.testSuite.TestCases.testEnlargeAndNarrowMap(TestCases.java:156)
  sun.reflect.NativeMethodAccessorImpl.invoke0(Native Method)
  sun.reflect.NativeMethodAccessorImpl.invoke(NativeMethodAccessorImpl.java:62)
  sun.reflect.DelegatingMethodAccessorImpl.invoke(DelegatingMethodAccessorImpl.java:43)
  java.lang.reflect.Method.invoke(Method.java:483)
  org.testng.internal.MethodInvocationHelper.invokeMethod(MethodInvocationHelper.java:124)
  org.testng.internal.Invoker.invokeMethod(Invoker.java:583)
  org.testng.internal.Invoker.invokeTestMethod(Invoker.java:719)
  org.testng.internal.Invoker.invokeTestMethods(Invoker.java:989)
  org.testng.internal.TestMethodWorker.invokeTestMethods(TestMethodWorker.java:125)
  org.testng.internal.TestMethodWorker.run(TestMethodWorker.java:109)
  java.util.concurrent.ThreadPoolExecutor.runWorker(ThreadPoolExecutor.java:1142)
  java.util.concurrent.ThreadPoolExecutor$Worker.run(ThreadPoolExecutor.java:617)
  java.lang.Thread.run(Thread.java:744)
]]>
      </failure>

          </testcase>
            <testcase name="testSelectDataTypeAndAreaMeasureInDataQueryFolder" time="0.113" classname="test.java.com.test.testSuite.TestCases">
                <failure type="java.lang.NullPointerException"
                  message="(null)"
              >
<![CDATA[java.lang.NullPointerException
  org.openqa.selenium.support.ui.Select.<init>(Select.java:44)
  com.test.pages.MiddleMapPage.selectFromDataTypeList(MiddleMapPage.java:145)
  test.java.com.test.testSuite.TestCases.testSelectDataTypeAndAreaMeasureInDataQueryFolder(TestCases.java:97)
  sun.reflect.NativeMethodAccessorImpl.invoke0(Native Method)
  sun.reflect.NativeMethodAccessorImpl.invoke(NativeMethodAccessorImpl.java:62)
  sun.reflect.DelegatingMethodAccessorImpl.invoke(DelegatingMethodAccessorImpl.java:43)
  java.lang.reflect.Method.invoke(Method.java:483)
  org.testng.internal.MethodInvocationHelper.invokeMethod(MethodInvocationHelper.java:124)
  org.testng.internal.Invoker.invokeMethod(Invoker.java:583)
  org.testng.internal.Invoker.invokeTestMethod(Invoker.java:719)
  org.testng.internal.Invoker.invokeTestMethods(Invoker.java:989)
  org.testng.internal.TestMethodWorker.invokeTestMethods(TestMethodWorker.java:125)
  org.testng.internal.TestMethodWorker.run(TestMethodWorker.java:109)
  java.util.concurrent.ThreadPoolExecutor.runWorker(ThreadPoolExecutor.java:1142)
  java.util.concurrent.ThreadPoolExecutor$Worker.run(ThreadPoolExecutor.java:617)
  java.lang.Thread.run(Thread.java:744)
]]>
      </failure>

          </testcase>
            <testcase name="testAddUserPass" time="0.016" classname="test.java.com.test.testSuite.TestCases">
                <failure type="java.lang.NullPointerException"
                  message="(null)"
              >
<![CDATA[java.lang.NullPointerException
  org.openqa.selenium.support.ui.ExpectedConditions.elementIfVisible(ExpectedConditions.java:315)
  org.openqa.selenium.support.ui.ExpectedConditions.access$100(ExpectedConditions.java:44)
  org.openqa.selenium.support.ui.ExpectedConditions$10.apply(ExpectedConditions.java:301)
  org.openqa.selenium.support.ui.ExpectedConditions$10.apply(ExpectedConditions.java:298)
  org.openqa.selenium.support.ui.ExpectedConditions$23.apply(ExpectedConditions.java:686)
  org.openqa.selenium.support.ui.ExpectedConditions$23.apply(ExpectedConditions.java:682)
  org.openqa.selenium.support.ui.FluentWait.until(FluentWait.java:248)
  com.test.pages.UserManagePage.goToUserManagePage(UserManagePage.java:17)
  test.java.com.test.testSuite.TestCases.testAddUserPass(TestCases.java:293)
  sun.reflect.NativeMethodAccessorImpl.invoke0(Native Method)
  sun.reflect.NativeMethodAccessorImpl.invoke(NativeMethodAccessorImpl.java:62)
  sun.reflect.DelegatingMethodAccessorImpl.invoke(DelegatingMethodAccessorImpl.java:43)
  java.lang.reflect.Method.invoke(Method.java:483)
  org.testng.internal.MethodInvocationHelper.invokeMethod(MethodInvocationHelper.java:124)
  org.testng.internal.Invoker.invokeMethod(Invoker.java:583)
  org.testng.internal.Invoker.invokeTestMethod(Invoker.java:719)
  org.testng.internal.Invoker.invokeTestMethods(Invoker.java:989)
  org.testng.internal.TestMethodWorker.invokeTestMethods(TestMethodWorker.java:125)
  org.testng.internal.TestMethodWorker.run(TestMethodWorker.java:109)
  java.util.concurrent.ThreadPoolExecutor.runWorker(ThreadPoolExecutor.java:1142)
  java.util.concurrent.ThreadPoolExecutor$Worker.run(ThreadPoolExecutor.java:617)
  java.lang.Thread.run(Thread.java:744)
]]>
      </failure>

          </testcase>
            <testcase name="testConditionQueryAndLocate" time="0.016" classname="test.java.com.test.testSuite.TestCases">
                <failure type="java.lang.NullPointerException"
                  message="(null)"
              >
<![CDATA[java.lang.NullPointerException
  org.openqa.selenium.support.ui.ExpectedConditions.elementIfVisible(ExpectedConditions.java:315)
  org.openqa.selenium.support.ui.ExpectedConditions.access$100(ExpectedConditions.java:44)
  org.openqa.selenium.support.ui.ExpectedConditions$10.apply(ExpectedConditions.java:301)
  org.openqa.selenium.support.ui.ExpectedConditions$10.apply(ExpectedConditions.java:298)
  org.openqa.selenium.support.ui.FluentWait.until(FluentWait.java:248)
  test.java.com.test.testSuite.TestCases.testConditionQueryAndLocate(TestCases.java:110)
  sun.reflect.NativeMethodAccessorImpl.invoke0(Native Method)
  sun.reflect.NativeMethodAccessorImpl.invoke(NativeMethodAccessorImpl.java:62)
  sun.reflect.DelegatingMethodAccessorImpl.invoke(DelegatingMethodAccessorImpl.java:43)
  java.lang.reflect.Method.invoke(Method.java:483)
  org.testng.internal.MethodInvocationHelper.invokeMethod(MethodInvocationHelper.java:124)
  org.testng.internal.Invoker.invokeMethod(Invoker.java:583)
  org.testng.internal.Invoker.invokeTestMethod(Invoker.java:719)
  org.testng.internal.Invoker.invokeTestMethods(Invoker.java:989)
  org.testng.internal.TestMethodWorker.invokeTestMethods(TestMethodWorker.java:125)
  org.testng.internal.TestMethodWorker.run(TestMethodWorker.java:109)
  java.util.concurrent.ThreadPoolExecutor.runWorker(ThreadPoolExecutor.java:1142)
  java.util.concurrent.ThreadPoolExecutor$Worker.run(ThreadPoolExecutor.java:617)
  java.lang.Thread.run(Thread.java:744)
]]>
      </failure>

          </testcase>
            <testcase name="testInputKeywordAndSearchRole" time="0.016" classname="test.java.com.test.testSuite.TestCases">
                <failure type="java.lang.NullPointerException"
                  message="(null)"
              >
<![CDATA[java.lang.NullPointerException
  org.openqa.selenium.support.ui.ExpectedConditions.elementIfVisible(ExpectedConditions.java:315)
  org.openqa.selenium.support.ui.ExpectedConditions.access$100(ExpectedConditions.java:44)
  org.openqa.selenium.support.ui.ExpectedConditions$10.apply(ExpectedConditions.java:301)
  org.openqa.selenium.support.ui.ExpectedConditions$10.apply(ExpectedConditions.java:298)
  org.openqa.selenium.support.ui.FluentWait.until(FluentWait.java:248)
  com.test.pages.UserManagePage.goToRoleManagePage(UserManagePage.java:146)
  test.java.com.test.testSuite.TestCases.testInputKeywordAndSearchRole(TestCases.java:435)
  sun.reflect.NativeMethodAccessorImpl.invoke0(Native Method)
  sun.reflect.NativeMethodAccessorImpl.invoke(NativeMethodAccessorImpl.java:62)
  sun.reflect.DelegatingMethodAccessorImpl.invoke(DelegatingMethodAccessorImpl.java:43)
  java.lang.reflect.Method.invoke(Method.java:483)
  org.testng.internal.MethodInvocationHelper.invokeMethod(MethodInvocationHelper.java:124)
  org.testng.internal.Invoker.invokeMethod(Invoker.java:583)
  org.testng.internal.Invoker.invokeTestMethod(Invoker.java:719)
  org.testng.internal.Invoker.invokeTestMethods(Invoker.java:989)
  org.testng.internal.TestMethodWorker.invokeTestMethods(TestMethodWorker.java:125)
  org.testng.internal.TestMethodWorker.run(TestMethodWorker.java:109)
  java.util.concurrent.ThreadPoolExecutor.runWorker(ThreadPoolExecutor.java:1142)
  java.util.concurrent.ThreadPoolExecutor$Worker.run(ThreadPoolExecutor.java:617)
  java.lang.Thread.run(Thread.java:744)
]]>
      </failure>

          </testcase>
            <testcase name="testFenYeInUserRole" time="0.015" classname="test.java.com.test.testSuite.TestCases">
                <failure type="java.lang.NullPointerException"
                  message="(null)"
              >
<![CDATA[java.lang.NullPointerException
  org.openqa.selenium.support.ui.ExpectedConditions.elementIfVisible(ExpectedConditions.java:315)
  org.openqa.selenium.support.ui.ExpectedConditions.access$100(ExpectedConditions.java:44)
  org.openqa.selenium.support.ui.ExpectedConditions$10.apply(ExpectedConditions.java:301)
  org.openqa.selenium.support.ui.ExpectedConditions$10.apply(ExpectedConditions.java:298)
  org.openqa.selenium.support.ui.FluentWait.until(FluentWait.java:248)
  com.test.pages.UserManagePage.goToRoleManagePage(UserManagePage.java:146)
  test.java.com.test.testSuite.TestCases.testFenYeInUserRole(TestCases.java:477)
  sun.reflect.NativeMethodAccessorImpl.invoke0(Native Method)
  sun.reflect.NativeMethodAccessorImpl.invoke(NativeMethodAccessorImpl.java:62)
  sun.reflect.DelegatingMethodAccessorImpl.invoke(DelegatingMethodAccessorImpl.java:43)
  java.lang.reflect.Method.invoke(Method.java:483)
  org.testng.internal.MethodInvocationHelper.invokeMethod(MethodInvocationHelper.java:124)
  org.testng.internal.Invoker.invokeMethod(Invoker.java:583)
  org.testng.internal.Invoker.invokeTestMethod(Invoker.java:719)
  org.testng.internal.Invoker.invokeTestMethods(Invoker.java:989)
  org.testng.internal.TestMethodWorker.invokeTestMethods(TestMethodWorker.java:125)
  org.testng.internal.TestMethodWorker.run(TestMethodWorker.java:109)
  java.util.concurrent.ThreadPoolExecutor.runWorker(ThreadPoolExecutor.java:1142)
  java.util.concurrent.ThreadPoolExecutor$Worker.run(ThreadPoolExecutor.java:617)
  java.lang.Thread.run(Thread.java:744)
]]>
      </failure>

          </testcase>
            <testcase name="testSelectFromDropListAndSearchUser" time="0.016" classname="test.java.com.test.testSuite.TestCases">
                <failure type="java.lang.NullPointerException"
                  message="(null)"
              >
<![CDATA[java.lang.NullPointerException
  org.openqa.selenium.support.ui.ExpectedConditions.elementIfVisible(ExpectedConditions.java:315)
  org.openqa.selenium.support.ui.ExpectedConditions.access$100(ExpectedConditions.java:44)
  org.openqa.selenium.support.ui.ExpectedConditions$10.apply(ExpectedConditions.java:301)
  org.openqa.selenium.support.ui.ExpectedConditions$10.apply(ExpectedConditions.java:298)
  org.openqa.selenium.support.ui.ExpectedConditions$23.apply(ExpectedConditions.java:686)
  org.openqa.selenium.support.ui.ExpectedConditions$23.apply(ExpectedConditions.java:682)
  org.openqa.selenium.support.ui.FluentWait.until(FluentWait.java:248)
  com.test.pages.UserManagePage.goToUserManagePage(UserManagePage.java:17)
  test.java.com.test.testSuite.TestCases.testSelectFromDropListAndSearchUser(TestCases.java:317)
  sun.reflect.NativeMethodAccessorImpl.invoke0(Native Method)
  sun.reflect.NativeMethodAccessorImpl.invoke(NativeMethodAccessorImpl.java:62)
  sun.reflect.DelegatingMethodAccessorImpl.invoke(DelegatingMethodAccessorImpl.java:43)
  java.lang.reflect.Method.invoke(Method.java:483)
  org.testng.internal.MethodInvocationHelper.invokeMethod(MethodInvocationHelper.java:124)
  org.testng.internal.Invoker.invokeMethod(Invoker.java:583)
  org.testng.internal.Invoker.invokeTestMethod(Invoker.java:719)
  org.testng.internal.Invoker.invokeTestMethods(Invoker.java:989)
  org.testng.internal.TestMethodWorker.invokeTestMethods(TestMethodWorker.java:125)
  org.testng.internal.TestMethodWorker.run(TestMethodWorker.java:109)
  java.util.concurrent.ThreadPoolExecutor.runWorker(ThreadPoolExecutor.java:1142)
  java.util.concurrent.ThreadPoolExecutor$Worker.run(ThreadPoolExecutor.java:617)
  java.lang.Thread.run(Thread.java:744)
]]>
      </failure>

          </testcase>
            <testcase name="testAddDept" time="0.015" classname="test.java.com.test.testSuite.TestCases">
                <failure type="java.lang.NullPointerException"
                  message="(null)"
              >
<![CDATA[java.lang.NullPointerException
  org.openqa.selenium.support.ui.ExpectedConditions.elementIfVisible(ExpectedConditions.java:315)
  org.openqa.selenium.support.ui.ExpectedConditions.access$100(ExpectedConditions.java:44)
  org.openqa.selenium.support.ui.ExpectedConditions$10.apply(ExpectedConditions.java:301)
  org.openqa.selenium.support.ui.ExpectedConditions$10.apply(ExpectedConditions.java:298)
  org.openqa.selenium.support.ui.FluentWait.until(FluentWait.java:248)
  com.test.pages.UserManagePage.goToDeptManagePage(UserManagePage.java:261)
  test.java.com.test.testSuite.TestCases.testAddDept(TestCases.java:535)
  sun.reflect.NativeMethodAccessorImpl.invoke0(Native Method)
  sun.reflect.NativeMethodAccessorImpl.invoke(NativeMethodAccessorImpl.java:62)
  sun.reflect.DelegatingMethodAccessorImpl.invoke(DelegatingMethodAccessorImpl.java:43)
  java.lang.reflect.Method.invoke(Method.java:483)
  org.testng.internal.MethodInvocationHelper.invokeMethod(MethodInvocationHelper.java:124)
  org.testng.internal.Invoker.invokeMethod(Invoker.java:583)
  org.testng.internal.Invoker.invokeTestMethod(Invoker.java:719)
  org.testng.internal.Invoker.invokeTestMethods(Invoker.java:989)
  org.testng.internal.TestMethodWorker.invokeTestMethods(TestMethodWorker.java:125)
  org.testng.internal.TestMethodWorker.run(TestMethodWorker.java:109)
  java.util.concurrent.ThreadPoolExecutor.runWorker(ThreadPoolExecutor.java:1142)
  java.util.concurrent.ThreadPoolExecutor$Worker.run(ThreadPoolExecutor.java:617)
  java.lang.Thread.run(Thread.java:744)
]]>
      </failure>

          </testcase>
            <testcase name="testDataRecover" time="3.008" classname="test.java.com.test.testSuite.TestCases">
                <failure type="java.lang.NullPointerException"
                  message="(null)"
              >
<![CDATA[java.lang.NullPointerException
  org.openqa.selenium.support.ui.ExpectedConditions.elementIfVisible(ExpectedConditions.java:315)
  org.openqa.selenium.support.ui.ExpectedConditions.access$100(ExpectedConditions.java:44)
  org.openqa.selenium.support.ui.ExpectedConditions$10.apply(ExpectedConditions.java:301)
  org.openqa.selenium.support.ui.ExpectedConditions$10.apply(ExpectedConditions.java:298)
  org.openqa.selenium.support.ui.FluentWait.until(FluentWait.java:248)
  test.java.com.test.testSuite.TestCases.testDataRecover(TestCases.java:207)
  sun.reflect.NativeMethodAccessorImpl.invoke0(Native Method)
  sun.reflect.NativeMethodAccessorImpl.invoke(NativeMethodAccessorImpl.java:62)
  sun.reflect.DelegatingMethodAccessorImpl.invoke(DelegatingMethodAccessorImpl.java:43)
  java.lang.reflect.Method.invoke(Method.java:483)
  org.testng.internal.MethodInvocationHelper.invokeMethod(MethodInvocationHelper.java:124)
  org.testng.internal.Invoker.invokeMethod(Invoker.java:583)
  org.testng.internal.Invoker.invokeTestMethod(Invoker.java:719)
  org.testng.internal.Invoker.invokeTestMethods(Invoker.java:989)
  org.testng.internal.TestMethodWorker.invokeTestMethods(TestMethodWorker.java:125)
  org.testng.internal.TestMethodWorker.run(TestMethodWorker.java:109)
  java.util.concurrent.ThreadPoolExecutor.runWorker(ThreadPoolExecutor.java:1142)
  java.util.concurrent.ThreadPoolExecutor$Worker.run(ThreadPoolExecutor.java:617)
  java.lang.Thread.run(Thread.java:744)
]]>
      </failure>

          </testcase>
            <testcase name="testCustomQueryAndStatistics" time="0.014" classname="test.java.com.test.testSuite.TestCases">
                <failure type="java.lang.NullPointerException"
                  message="(null)"
              >
<![CDATA[java.lang.NullPointerException
  org.openqa.selenium.support.ui.ExpectedConditions.elementIfVisible(ExpectedConditions.java:315)
  org.openqa.selenium.support.ui.ExpectedConditions.access$100(ExpectedConditions.java:44)
  org.openqa.selenium.support.ui.ExpectedConditions$10.apply(ExpectedConditions.java:301)
  org.openqa.selenium.support.ui.ExpectedConditions$10.apply(ExpectedConditions.java:298)
  org.openqa.selenium.support.ui.FluentWait.until(FluentWait.java:248)
  test.java.com.test.testSuite.TestCases.testCustomQueryAndStatistics(TestCases.java:138)
  sun.reflect.NativeMethodAccessorImpl.invoke0(Native Method)
  sun.reflect.NativeMethodAccessorImpl.invoke(NativeMethodAccessorImpl.java:62)
  sun.reflect.DelegatingMethodAccessorImpl.invoke(DelegatingMethodAccessorImpl.java:43)
  java.lang.reflect.Method.invoke(Method.java:483)
  org.testng.internal.MethodInvocationHelper.invokeMethod(MethodInvocationHelper.java:124)
  org.testng.internal.Invoker.invokeMethod(Invoker.java:583)
  org.testng.internal.Invoker.invokeTestMethod(Invoker.java:719)
  org.testng.internal.Invoker.invokeTestMethods(Invoker.java:989)
  org.testng.internal.TestMethodWorker.invokeTestMethods(TestMethodWorker.java:125)
  org.testng.internal.TestMethodWorker.run(TestMethodWorker.java:109)
  java.util.concurrent.ThreadPoolExecutor.runWorker(ThreadPoolExecutor.java:1142)
  java.util.concurrent.ThreadPoolExecutor$Worker.run(ThreadPoolExecutor.java:617)
  java.lang.Thread.run(Thread.java:744)
]]>
      </failure>

          </testcase>
            <testcase name="testVerifyDeptNameField" time="0.013" classname="test.java.com.test.testSuite.TestCases">
                <failure type="java.lang.NullPointerException"
                  message="(null)"
              >
<![CDATA[java.lang.NullPointerException
  org.openqa.selenium.support.ui.ExpectedConditions.elementIfVisible(ExpectedConditions.java:315)
  org.openqa.selenium.support.ui.ExpectedConditions.access$100(ExpectedConditions.java:44)
  org.openqa.selenium.support.ui.ExpectedConditions$10.apply(ExpectedConditions.java:301)
  org.openqa.selenium.support.ui.ExpectedConditions$10.apply(ExpectedConditions.java:298)
  org.openqa.selenium.support.ui.FluentWait.until(FluentWait.java:248)
  com.test.pages.UserManagePage.goToDeptManagePage(UserManagePage.java:261)
  test.java.com.test.testSuite.TestCases.testVerifyDeptNameField(TestCases.java:548)
  sun.reflect.NativeMethodAccessorImpl.invoke0(Native Method)
  sun.reflect.NativeMethodAccessorImpl.invoke(NativeMethodAccessorImpl.java:62)
  sun.reflect.DelegatingMethodAccessorImpl.invoke(DelegatingMethodAccessorImpl.java:43)
  java.lang.reflect.Method.invoke(Method.java:483)
  org.testng.internal.MethodInvocationHelper.invokeMethod(MethodInvocationHelper.java:124)
  org.testng.internal.Invoker.invokeMethod(Invoker.java:583)
  org.testng.internal.Invoker.invokeTestMethod(Invoker.java:719)
  org.testng.internal.Invoker.invokeTestMethods(Invoker.java:989)
  org.testng.internal.TestMethodWorker.invokeTestMethods(TestMethodWorker.java:125)
  org.testng.internal.TestMethodWorker.run(TestMethodWorker.java:109)
  java.util.concurrent.ThreadPoolExecutor.runWorker(ThreadPoolExecutor.java:1142)
  java.util.concurrent.ThreadPoolExecutor$Worker.run(ThreadPoolExecutor.java:617)
  java.lang.Thread.run(Thread.java:744)
]]>
      </failure>

          </testcase>
            <testcase name="testInputRoadNameAndLocateAndExportData" time="0.016" classname="test.java.com.test.testSuite.TestCases">
                <failure type="java.lang.NullPointerException"
                  message="(null)"
              >
<![CDATA[java.lang.NullPointerException
  org.openqa.selenium.support.ui.ExpectedConditions.elementIfVisible(ExpectedConditions.java:315)
  org.openqa.selenium.support.ui.ExpectedConditions.access$100(ExpectedConditions.java:44)
  org.openqa.selenium.support.ui.ExpectedConditions$10.apply(ExpectedConditions.java:301)
  org.openqa.selenium.support.ui.ExpectedConditions$10.apply(ExpectedConditions.java:298)
  org.openqa.selenium.support.ui.FluentWait.until(FluentWait.java:248)
  test.java.com.test.testSuite.TestCases.testInputRoadNameAndLocateAndExportData(TestCases.java:243)
  sun.reflect.NativeMethodAccessorImpl.invoke0(Native Method)
  sun.reflect.NativeMethodAccessorImpl.invoke(NativeMethodAccessorImpl.java:62)
  sun.reflect.DelegatingMethodAccessorImpl.invoke(DelegatingMethodAccessorImpl.java:43)
  java.lang.reflect.Method.invoke(Method.java:483)
  org.testng.internal.MethodInvocationHelper.invokeMethod(MethodInvocationHelper.java:124)
  org.testng.internal.Invoker.invokeMethod(Invoker.java:583)
  org.testng.internal.Invoker.invokeTestMethod(Invoker.java:719)
  org.testng.internal.Invoker.invokeTestMethods(Invoker.java:989)
  org.testng.internal.TestMethodWorker.invokeTestMethods(TestMethodWorker.java:125)
  org.testng.internal.TestMethodWorker.run(TestMethodWorker.java:109)
  java.util.concurrent.ThreadPoolExecutor.runWorker(ThreadPoolExecutor.java:1142)
  java.util.concurrent.ThreadPoolExecutor$Worker.run(ThreadPoolExecutor.java:617)
  java.lang.Thread.run(Thread.java:744)
]]>
      </failure>

          </testcase>
            <testcase name="testRoleNameFieldVerify" time="0.015" classname="test.java.com.test.testSuite.TestCases">
                <failure type="java.lang.NullPointerException"
                  message="(null)"
              >
<![CDATA[java.lang.NullPointerException
  org.openqa.selenium.support.ui.ExpectedConditions.elementIfVisible(ExpectedConditions.java:315)
  org.openqa.selenium.support.ui.ExpectedConditions.access$100(ExpectedConditions.java:44)
  org.openqa.selenium.support.ui.ExpectedConditions$10.apply(ExpectedConditions.java:301)
  org.openqa.selenium.support.ui.ExpectedConditions$10.apply(ExpectedConditions.java:298)
  org.openqa.selenium.support.ui.FluentWait.until(FluentWait.java:248)
  com.test.pages.UserManagePage.goToRoleManagePage(UserManagePage.java:146)
  test.java.com.test.testSuite.TestCases.testRoleNameFieldVerify(TestCases.java:416)
  sun.reflect.NativeMethodAccessorImpl.invoke0(Native Method)
  sun.reflect.NativeMethodAccessorImpl.invoke(NativeMethodAccessorImpl.java:62)
  sun.reflect.DelegatingMethodAccessorImpl.invoke(DelegatingMethodAccessorImpl.java:43)
  java.lang.reflect.Method.invoke(Method.java:483)
  org.testng.internal.MethodInvocationHelper.invokeMethod(MethodInvocationHelper.java:124)
  org.testng.internal.Invoker.invokeMethod(Invoker.java:583)
  org.testng.internal.Invoker.invokeTestMethod(Invoker.java:719)
  org.testng.internal.Invoker.invokeTestMethods(Invoker.java:989)
  org.testng.internal.TestMethodWorker.invokeTestMethods(TestMethodWorker.java:125)
  org.testng.internal.TestMethodWorker.run(TestMethodWorker.java:109)
  java.util.concurrent.ThreadPoolExecutor.runWorker(ThreadPoolExecutor.java:1142)
  java.util.concurrent.ThreadPoolExecutor$Worker.run(ThreadPoolExecutor.java:617)
  java.lang.Thread.run(Thread.java:744)
]]>
      </failure>

          </testcase>
            <testcase name="testEditUser" time="0.015" classname="test.java.com.test.testSuite.TestCases">
                <failure type="java.lang.NullPointerException"
                  message="(null)"
              >
<![CDATA[java.lang.NullPointerException
  org.openqa.selenium.support.ui.ExpectedConditions.elementIfVisible(ExpectedConditions.java:315)
  org.openqa.selenium.support.ui.ExpectedConditions.access$100(ExpectedConditions.java:44)
  org.openqa.selenium.support.ui.ExpectedConditions$10.apply(ExpectedConditions.java:301)
  org.openqa.selenium.support.ui.ExpectedConditions$10.apply(ExpectedConditions.java:298)
  org.openqa.selenium.support.ui.ExpectedConditions$23.apply(ExpectedConditions.java:686)
  org.openqa.selenium.support.ui.ExpectedConditions$23.apply(ExpectedConditions.java:682)
  org.openqa.selenium.support.ui.FluentWait.until(FluentWait.java:248)
  com.test.pages.UserManagePage.goToUserManagePage(UserManagePage.java:17)
  test.java.com.test.testSuite.TestCases.testEditUser(TestCases.java:335)
  sun.reflect.NativeMethodAccessorImpl.invoke0(Native Method)
  sun.reflect.NativeMethodAccessorImpl.invoke(NativeMethodAccessorImpl.java:62)
  sun.reflect.DelegatingMethodAccessorImpl.invoke(DelegatingMethodAccessorImpl.java:43)
  java.lang.reflect.Method.invoke(Method.java:483)
  org.testng.internal.MethodInvocationHelper.invokeMethod(MethodInvocationHelper.java:124)
  org.testng.internal.Invoker.invokeMethod(Invoker.java:583)
  org.testng.internal.Invoker.invokeTestMethod(Invoker.java:719)
  org.testng.internal.Invoker.invokeTestMethods(Invoker.java:989)
  org.testng.internal.TestMethodWorker.invokeTestMethods(TestMethodWorker.java:125)
  org.testng.internal.TestMethodWorker.run(TestMethodWorker.java:109)
  java.util.concurrent.ThreadPoolExecutor.runWorker(ThreadPoolExecutor.java:1142)
  java.util.concurrent.ThreadPoolExecutor$Worker.run(ThreadPoolExecutor.java:617)
  java.lang.Thread.run(Thread.java:744)
]]>
      </failure>

          </testcase>
            <testcase name="testAddUserFiledNotNull" time="0.022" classname="test.java.com.test.testSuite.TestCases">
                <failure type="java.lang.NullPointerException"
                  message="(null)"
              >
<![CDATA[java.lang.NullPointerException
  org.openqa.selenium.support.ui.ExpectedConditions.elementIfVisible(ExpectedConditions.java:315)
  org.openqa.selenium.support.ui.ExpectedConditions.access$100(ExpectedConditions.java:44)
  org.openqa.selenium.support.ui.ExpectedConditions$10.apply(ExpectedConditions.java:301)
  org.openqa.selenium.support.ui.ExpectedConditions$10.apply(ExpectedConditions.java:298)
  org.openqa.selenium.support.ui.ExpectedConditions$23.apply(ExpectedConditions.java:686)
  org.openqa.selenium.support.ui.ExpectedConditions$23.apply(ExpectedConditions.java:682)
  org.openqa.selenium.support.ui.FluentWait.until(FluentWait.java:248)
  com.test.pages.UserManagePage.goToUserManagePage(UserManagePage.java:17)
  test.java.com.test.testSuite.TestCases.testAddUserFiledNotNull(TestCases.java:265)
  sun.reflect.NativeMethodAccessorImpl.invoke0(Native Method)
  sun.reflect.NativeMethodAccessorImpl.invoke(NativeMethodAccessorImpl.java:62)
  sun.reflect.DelegatingMethodAccessorImpl.invoke(DelegatingMethodAccessorImpl.java:43)
  java.lang.reflect.Method.invoke(Method.java:483)
  org.testng.internal.MethodInvocationHelper.invokeMethod(MethodInvocationHelper.java:124)
  org.testng.internal.Invoker.invokeMethod(Invoker.java:583)
  org.testng.internal.Invoker.invokeTestMethod(Invoker.java:719)
  org.testng.internal.Invoker.invokeTestMethods(Invoker.java:989)
  org.testng.internal.TestMethodWorker.invokeTestMethods(TestMethodWorker.java:125)
  org.testng.internal.TestMethodWorker.run(TestMethodWorker.java:109)
  java.util.concurrent.ThreadPoolExecutor.runWorker(ThreadPoolExecutor.java:1142)
  java.util.concurrent.ThreadPoolExecutor$Worker.run(ThreadPoolExecutor.java:617)
  java.lang.Thread.run(Thread.java:744)
]]>
      </failure>

          </testcase>
            <testcase name="testSelectDataTypeAndMeasureInDataExport" time="0.016" classname="test.java.com.test.testSuite.TestCases">
                <failure type="java.lang.NullPointerException"
                  message="(null)"
              >
<![CDATA[java.lang.NullPointerException
  org.openqa.selenium.support.ui.ExpectedConditions.elementIfVisible(ExpectedConditions.java:315)
  org.openqa.selenium.support.ui.ExpectedConditions.access$100(ExpectedConditions.java:44)
  org.openqa.selenium.support.ui.ExpectedConditions$10.apply(ExpectedConditions.java:301)
  org.openqa.selenium.support.ui.ExpectedConditions$10.apply(ExpectedConditions.java:298)
  org.openqa.selenium.support.ui.FluentWait.until(FluentWait.java:248)
  test.java.com.test.testSuite.TestCases.testSelectDataTypeAndMeasureInDataExport(TestCases.java:228)
  sun.reflect.NativeMethodAccessorImpl.invoke0(Native Method)
  sun.reflect.NativeMethodAccessorImpl.invoke(NativeMethodAccessorImpl.java:62)
  sun.reflect.DelegatingMethodAccessorImpl.invoke(DelegatingMethodAccessorImpl.java:43)
  java.lang.reflect.Method.invoke(Method.java:483)
  org.testng.internal.MethodInvocationHelper.invokeMethod(MethodInvocationHelper.java:124)
  org.testng.internal.Invoker.invokeMethod(Invoker.java:583)
  org.testng.internal.Invoker.invokeTestMethod(Invoker.java:719)
  org.testng.internal.Invoker.invokeTestMethods(Invoker.java:989)
  org.testng.internal.TestMethodWorker.invokeTestMethods(TestMethodWorker.java:125)
  org.testng.internal.TestMethodWorker.run(TestMethodWorker.java:109)
  java.util.concurrent.ThreadPoolExecutor.runWorker(ThreadPoolExecutor.java:1142)
  java.util.concurrent.ThreadPoolExecutor$Worker.run(ThreadPoolExecutor.java:617)
  java.lang.Thread.run(Thread.java:744)
]]>
      </failure>

          </testcase>
            <testcase name="testAddUserFieldLength" time="0.016" classname="test.java.com.test.testSuite.TestCases">
                <failure type="java.lang.NullPointerException"
                  message="(null)"
              >
<![CDATA[java.lang.NullPointerException
  org.openqa.selenium.support.ui.ExpectedConditions.elementIfVisible(ExpectedConditions.java:315)
  org.openqa.selenium.support.ui.ExpectedConditions.access$100(ExpectedConditions.java:44)
  org.openqa.selenium.support.ui.ExpectedConditions$10.apply(ExpectedConditions.java:301)
  org.openqa.selenium.support.ui.ExpectedConditions$10.apply(ExpectedConditions.java:298)
  org.openqa.selenium.support.ui.ExpectedConditions$23.apply(ExpectedConditions.java:686)
  org.openqa.selenium.support.ui.ExpectedConditions$23.apply(ExpectedConditions.java:682)
  org.openqa.selenium.support.ui.FluentWait.until(FluentWait.java:248)
  com.test.pages.UserManagePage.goToUserManagePage(UserManagePage.java:17)
  test.java.com.test.testSuite.TestCases.testAddUserFieldLength(TestCases.java:279)
  sun.reflect.NativeMethodAccessorImpl.invoke0(Native Method)
  sun.reflect.NativeMethodAccessorImpl.invoke(NativeMethodAccessorImpl.java:62)
  sun.reflect.DelegatingMethodAccessorImpl.invoke(DelegatingMethodAccessorImpl.java:43)
  java.lang.reflect.Method.invoke(Method.java:483)
  org.testng.internal.MethodInvocationHelper.invokeMethod(MethodInvocationHelper.java:124)
  org.testng.internal.Invoker.invokeMethod(Invoker.java:583)
  org.testng.internal.Invoker.invokeTestMethod(Invoker.java:719)
  org.testng.internal.Invoker.invokeTestMethods(Invoker.java:989)
  org.testng.internal.TestMethodWorker.invokeTestMethods(TestMethodWorker.java:125)
  org.testng.internal.TestMethodWorker.run(TestMethodWorker.java:109)
  java.util.concurrent.ThreadPoolExecutor.runWorker(ThreadPoolExecutor.java:1142)
  java.util.concurrent.ThreadPoolExecutor$Worker.run(ThreadPoolExecutor.java:617)
  java.lang.Thread.run(Thread.java:744)
]]>
      </failure>

          </testcase>
            <testcase name="testDataUpdateUploadFile" time="3.032" classname="test.java.com.test.testSuite.TestCases">
                <failure type="java.lang.NullPointerException"
                  message="(null)"
              >
<![CDATA[java.lang.NullPointerException
  test.java.com.test.testSuite.TestCases.testDataUpdateUploadFile(TestCases.java:186)
  sun.reflect.NativeMethodAccessorImpl.invoke0(Native Method)
  sun.reflect.NativeMethodAccessorImpl.invoke(NativeMethodAccessorImpl.java:62)
  sun.reflect.DelegatingMethodAccessorImpl.invoke(DelegatingMethodAccessorImpl.java:43)
  java.lang.reflect.Method.invoke(Method.java:483)
  org.testng.internal.MethodInvocationHelper.invokeMethod(MethodInvocationHelper.java:124)
  org.testng.internal.Invoker.invokeMethod(Invoker.java:583)
  org.testng.internal.Invoker.invokeTestMethod(Invoker.java:719)
  org.testng.internal.Invoker.invokeTestMethods(Invoker.java:989)
  org.testng.internal.TestMethodWorker.invokeTestMethods(TestMethodWorker.java:125)
  org.testng.internal.TestMethodWorker.run(TestMethodWorker.java:109)
  java.util.concurrent.ThreadPoolExecutor.runWorker(ThreadPoolExecutor.java:1142)
  java.util.concurrent.ThreadPoolExecutor$Worker.run(ThreadPoolExecutor.java:617)
  java.lang.Thread.run(Thread.java:744)
]]>
      </failure>

          </testcase>
            <testcase name="testUserNameNotAllowedDuplicate" time="0.016" classname="test.java.com.test.testSuite.TestCases">
                <failure type="java.lang.NullPointerException"
                  message="(null)"
              >
<![CDATA[java.lang.NullPointerException
  org.openqa.selenium.support.ui.ExpectedConditions.elementIfVisible(ExpectedConditions.java:315)
  org.openqa.selenium.support.ui.ExpectedConditions.access$100(ExpectedConditions.java:44)
  org.openqa.selenium.support.ui.ExpectedConditions$10.apply(ExpectedConditions.java:301)
  org.openqa.selenium.support.ui.ExpectedConditions$10.apply(ExpectedConditions.java:298)
  org.openqa.selenium.support.ui.ExpectedConditions$23.apply(ExpectedConditions.java:686)
  org.openqa.selenium.support.ui.ExpectedConditions$23.apply(ExpectedConditions.java:682)
  org.openqa.selenium.support.ui.FluentWait.until(FluentWait.java:248)
  com.test.pages.UserManagePage.goToUserManagePage(UserManagePage.java:17)
  test.java.com.test.testSuite.TestCases.testUserNameNotAllowedDuplicate(TestCases.java:358)
  sun.reflect.NativeMethodAccessorImpl.invoke0(Native Method)
  sun.reflect.NativeMethodAccessorImpl.invoke(NativeMethodAccessorImpl.java:62)
  sun.reflect.DelegatingMethodAccessorImpl.invoke(DelegatingMethodAccessorImpl.java:43)
  java.lang.reflect.Method.invoke(Method.java:483)
  org.testng.internal.MethodInvocationHelper.invokeMethod(MethodInvocationHelper.java:124)
  org.testng.internal.Invoker.invokeMethod(Invoker.java:583)
  org.testng.internal.Invoker.invokeTestMethod(Invoker.java:719)
  org.testng.internal.Invoker.invokeTestMethods(Invoker.java:989)
  org.testng.internal.TestMethodWorker.invokeTestMethods(TestMethodWorker.java:125)
  org.testng.internal.TestMethodWorker.run(TestMethodWorker.java:109)
  java.util.concurrent.ThreadPoolExecutor.runWorker(ThreadPoolExecutor.java:1142)
  java.util.concurrent.ThreadPoolExecutor$Worker.run(ThreadPoolExecutor.java:617)
  java.lang.Thread.run(Thread.java:744)
]]>
      </failure>

          </testcase>
            <testcase name="testEditRole" time="0.014" classname="test.java.com.test.testSuite.TestCases">
                <failure type="java.lang.NullPointerException"
                  message="(null)"
              >
<![CDATA[java.lang.NullPointerException
  org.openqa.selenium.support.ui.ExpectedConditions.elementIfVisible(ExpectedConditions.java:315)
  org.openqa.selenium.support.ui.ExpectedConditions.access$100(ExpectedConditions.java:44)
  org.openqa.selenium.support.ui.ExpectedConditions$10.apply(ExpectedConditions.java:301)
  org.openqa.selenium.support.ui.ExpectedConditions$10.apply(ExpectedConditions.java:298)
  org.openqa.selenium.support.ui.FluentWait.until(FluentWait.java:248)
  com.test.pages.UserManagePage.goToRoleManagePage(UserManagePage.java:146)
  test.java.com.test.testSuite.TestCases.testEditRole(TestCases.java:457)
  sun.reflect.NativeMethodAccessorImpl.invoke0(Native Method)
  sun.reflect.NativeMethodAccessorImpl.invoke(NativeMethodAccessorImpl.java:62)
  sun.reflect.DelegatingMethodAccessorImpl.invoke(DelegatingMethodAccessorImpl.java:43)
  java.lang.reflect.Method.invoke(Method.java:483)
  org.testng.internal.MethodInvocationHelper.invokeMethod(MethodInvocationHelper.java:124)
  org.testng.internal.Invoker.invokeMethod(Invoker.java:583)
  org.testng.internal.Invoker.invokeTestMethod(Invoker.java:719)
  org.testng.internal.Invoker.invokeTestMethods(Invoker.java:989)
  org.testng.internal.TestMethodWorker.invokeTestMethods(TestMethodWorker.java:125)
  org.testng.internal.TestMethodWorker.run(TestMethodWorker.java:109)
  java.util.concurrent.ThreadPoolExecutor.runWorker(ThreadPoolExecutor.java:1142)
  java.util.concurrent.ThreadPoolExecutor$Worker.run(ThreadPoolExecutor.java:617)
  java.lang.Thread.run(Thread.java:744)
]]>
      </failure>

          </testcase>
            <testcase name="testInputKeywordAndSearchUser" time="0.015" classname="test.java.com.test.testSuite.TestCases">
                <failure type="java.lang.NullPointerException"
                  message="(null)"
              >
<![CDATA[java.lang.NullPointerException
  org.openqa.selenium.support.ui.ExpectedConditions.elementIfVisible(ExpectedConditions.java:315)
  org.openqa.selenium.support.ui.ExpectedConditions.access$100(ExpectedConditions.java:44)
  org.openqa.selenium.support.ui.ExpectedConditions$10.apply(ExpectedConditions.java:301)
  org.openqa.selenium.support.ui.ExpectedConditions$10.apply(ExpectedConditions.java:298)
  org.openqa.selenium.support.ui.ExpectedConditions$23.apply(ExpectedConditions.java:686)
  org.openqa.selenium.support.ui.ExpectedConditions$23.apply(ExpectedConditions.java:682)
  org.openqa.selenium.support.ui.FluentWait.until(FluentWait.java:248)
  com.test.pages.UserManagePage.goToUserManagePage(UserManagePage.java:17)
  test.java.com.test.testSuite.TestCases.testInputKeywordAndSearchUser(TestCases.java:308)
  sun.reflect.NativeMethodAccessorImpl.invoke0(Native Method)
  sun.reflect.NativeMethodAccessorImpl.invoke(NativeMethodAccessorImpl.java:62)
  sun.reflect.DelegatingMethodAccessorImpl.invoke(DelegatingMethodAccessorImpl.java:43)
  java.lang.reflect.Method.invoke(Method.java:483)
  org.testng.internal.MethodInvocationHelper.invokeMethod(MethodInvocationHelper.java:124)
  org.testng.internal.Invoker.invokeMethod(Invoker.java:583)
  org.testng.internal.Invoker.invokeTestMethod(Invoker.java:719)
  org.testng.internal.Invoker.invokeTestMethods(Invoker.java:989)
  org.testng.internal.TestMethodWorker.invokeTestMethods(TestMethodWorker.java:125)
  org.testng.internal.TestMethodWorker.run(TestMethodWorker.java:109)
  java.util.concurrent.ThreadPoolExecutor.runWorker(ThreadPoolExecutor.java:1142)
  java.util.concurrent.ThreadPoolExecutor$Worker.run(ThreadPoolExecutor.java:617)
  java.lang.Thread.run(Thread.java:744)
]]>
      </failure>

          </testcase>
            <testcase name="testEditDept" time="0.014" classname="test.java.com.test.testSuite.TestCases">
                <failure type="java.lang.NullPointerException"
                  message="(null)"
              >
<![CDATA[java.lang.NullPointerException
  org.openqa.selenium.support.ui.ExpectedConditions.elementIfVisible(ExpectedConditions.java:315)
  org.openqa.selenium.support.ui.ExpectedConditions.access$100(ExpectedConditions.java:44)
  org.openqa.selenium.support.ui.ExpectedConditions$10.apply(ExpectedConditions.java:301)
  org.openqa.selenium.support.ui.ExpectedConditions$10.apply(ExpectedConditions.java:298)
  org.openqa.selenium.support.ui.FluentWait.until(FluentWait.java:248)
  com.test.pages.UserManagePage.goToDeptManagePage(UserManagePage.java:261)
  test.java.com.test.testSuite.TestCases.testEditDept(TestCases.java:601)
  sun.reflect.NativeMethodAccessorImpl.invoke0(Native Method)
  sun.reflect.NativeMethodAccessorImpl.invoke(NativeMethodAccessorImpl.java:62)
  sun.reflect.DelegatingMethodAccessorImpl.invoke(DelegatingMethodAccessorImpl.java:43)
  java.lang.reflect.Method.invoke(Method.java:483)
  org.testng.internal.MethodInvocationHelper.invokeMethod(MethodInvocationHelper.java:124)
  org.testng.internal.Invoker.invokeMethod(Invoker.java:583)
  org.testng.internal.Invoker.invokeTestMethod(Invoker.java:719)
  org.testng.internal.Invoker.invokeTestMethods(Invoker.java:989)
  org.testng.internal.TestMethodWorker.invokeTestMethods(TestMethodWorker.java:125)
  org.testng.internal.TestMethodWorker.run(TestMethodWorker.java:109)
  java.util.concurrent.ThreadPoolExecutor.runWorker(ThreadPoolExecutor.java:1142)
  java.util.concurrent.ThreadPoolExecutor$Worker.run(ThreadPoolExecutor.java:617)
  java.lang.Thread.run(Thread.java:744)
]]>
      </failure>

          </testcase>
            <testcase name="testDeleteRole" time="0.013" classname="test.java.com.test.testSuite.TestCases">
                <failure type="java.lang.NullPointerException"
                  message="(null)"
              >
<![CDATA[java.lang.NullPointerException
  org.openqa.selenium.support.ui.ExpectedConditions.elementIfVisible(ExpectedConditions.java:315)
  org.openqa.selenium.support.ui.ExpectedConditions.access$100(ExpectedConditions.java:44)
  org.openqa.selenium.support.ui.ExpectedConditions$10.apply(ExpectedConditions.java:301)
  org.openqa.selenium.support.ui.ExpectedConditions$10.apply(ExpectedConditions.java:298)
  org.openqa.selenium.support.ui.FluentWait.until(FluentWait.java:248)
  com.test.pages.UserManagePage.goToRoleManagePage(UserManagePage.java:146)
  test.java.com.test.testSuite.TestCases.testDeleteRole(TestCases.java:507)
  sun.reflect.NativeMethodAccessorImpl.invoke0(Native Method)
  sun.reflect.NativeMethodAccessorImpl.invoke(NativeMethodAccessorImpl.java:62)
  sun.reflect.DelegatingMethodAccessorImpl.invoke(DelegatingMethodAccessorImpl.java:43)
  java.lang.reflect.Method.invoke(Method.java:483)
  org.testng.internal.MethodInvocationHelper.invokeMethod(MethodInvocationHelper.java:124)
  org.testng.internal.Invoker.invokeMethod(Invoker.java:583)
  org.testng.internal.Invoker.invokeTestMethod(Invoker.java:719)
  org.testng.internal.Invoker.invokeTestMethods(Invoker.java:989)
  org.testng.internal.TestMethodWorker.invokeTestMethods(TestMethodWorker.java:125)
  org.testng.internal.TestMethodWorker.run(TestMethodWorker.java:109)
  java.util.concurrent.ThreadPoolExecutor.runWorker(ThreadPoolExecutor.java:1142)
  java.util.concurrent.ThreadPoolExecutor$Worker.run(ThreadPoolExecutor.java:617)
  java.lang.Thread.run(Thread.java:744)
]]>
      </failure>

          </testcase>
            <testcase name="testDeleteDept" time="0.013" classname="test.java.com.test.testSuite.TestCases">
                <failure type="java.lang.NullPointerException"
                  message="(null)"
              >
<![CDATA[java.lang.NullPointerException
  org.openqa.selenium.support.ui.ExpectedConditions.elementIfVisible(ExpectedConditions.java:315)
  org.openqa.selenium.support.ui.ExpectedConditions.access$100(ExpectedConditions.java:44)
  org.openqa.selenium.support.ui.ExpectedConditions$10.apply(ExpectedConditions.java:301)
  org.openqa.selenium.support.ui.ExpectedConditions$10.apply(ExpectedConditions.java:298)
  org.openqa.selenium.support.ui.FluentWait.until(FluentWait.java:248)
  com.test.pages.UserManagePage.goToDeptManagePage(UserManagePage.java:261)
  test.java.com.test.testSuite.TestCases.testDeleteDept(TestCases.java:619)
  sun.reflect.NativeMethodAccessorImpl.invoke0(Native Method)
  sun.reflect.NativeMethodAccessorImpl.invoke(NativeMethodAccessorImpl.java:62)
  sun.reflect.DelegatingMethodAccessorImpl.invoke(DelegatingMethodAccessorImpl.java:43)
  java.lang.reflect.Method.invoke(Method.java:483)
  org.testng.internal.MethodInvocationHelper.invokeMethod(MethodInvocationHelper.java:124)
  org.testng.internal.Invoker.invokeMethod(Invoker.java:583)
  org.testng.internal.Invoker.invokeTestMethod(Invoker.java:719)
  org.testng.internal.Invoker.invokeTestMethods(Invoker.java:989)
  org.testng.internal.TestMethodWorker.invokeTestMethods(TestMethodWorker.java:125)
  org.testng.internal.TestMethodWorker.run(TestMethodWorker.java:109)
  java.util.concurrent.ThreadPoolExecutor.runWorker(ThreadPoolExecutor.java:1142)
  java.util.concurrent.ThreadPoolExecutor$Worker.run(ThreadPoolExecutor.java:617)
  java.lang.Thread.run(Thread.java:744)
]]>
      </failure>

          </testcase>
            <testcase name="testSelectFromDropListAndSearchDept" time="0.012" classname="test.java.com.test.testSuite.TestCases">
                <failure type="java.lang.NullPointerException"
                  message="(null)"
              >
<![CDATA[java.lang.NullPointerException
  org.openqa.selenium.support.ui.ExpectedConditions.elementIfVisible(ExpectedConditions.java:315)
  org.openqa.selenium.support.ui.ExpectedConditions.access$100(ExpectedConditions.java:44)
  org.openqa.selenium.support.ui.ExpectedConditions$10.apply(ExpectedConditions.java:301)
  org.openqa.selenium.support.ui.ExpectedConditions$10.apply(ExpectedConditions.java:298)
  org.openqa.selenium.support.ui.FluentWait.until(FluentWait.java:248)
  com.test.pages.UserManagePage.goToDeptManagePage(UserManagePage.java:261)
  test.java.com.test.testSuite.TestCases.testSelectFromDropListAndSearchDept(TestCases.java:588)
  sun.reflect.NativeMethodAccessorImpl.invoke0(Native Method)
  sun.reflect.NativeMethodAccessorImpl.invoke(NativeMethodAccessorImpl.java:62)
  sun.reflect.DelegatingMethodAccessorImpl.invoke(DelegatingMethodAccessorImpl.java:43)
  java.lang.reflect.Method.invoke(Method.java:483)
  org.testng.internal.MethodInvocationHelper.invokeMethod(MethodInvocationHelper.java:124)
  org.testng.internal.Invoker.invokeMethod(Invoker.java:583)
  org.testng.internal.Invoker.invokeTestMethod(Invoker.java:719)
  org.testng.internal.Invoker.invokeTestMethods(Invoker.java:989)
  org.testng.internal.TestMethodWorker.invokeTestMethods(TestMethodWorker.java:125)
  org.testng.internal.TestMethodWorker.run(TestMethodWorker.java:109)
  java.util.concurrent.ThreadPoolExecutor.runWorker(ThreadPoolExecutor.java:1142)
  java.util.concurrent.ThreadPoolExecutor$Worker.run(ThreadPoolExecutor.java:617)
  java.lang.Thread.run(Thread.java:744)
]]>
      </failure>

          </testcase>
            <testcase name="testAddRolePass" time="0.019" classname="test.java.com.test.testSuite.TestCases">
                <failure type="java.lang.NullPointerException"
                  message="(null)"
              >
<![CDATA[java.lang.NullPointerException
  org.openqa.selenium.support.ui.ExpectedConditions.elementIfVisible(ExpectedConditions.java:315)
  org.openqa.selenium.support.ui.ExpectedConditions.access$100(ExpectedConditions.java:44)
  org.openqa.selenium.support.ui.ExpectedConditions$10.apply(ExpectedConditions.java:301)
  org.openqa.selenium.support.ui.ExpectedConditions$10.apply(ExpectedConditions.java:298)
  org.openqa.selenium.support.ui.FluentWait.until(FluentWait.java:248)
  com.test.pages.UserManagePage.goToRoleManagePage(UserManagePage.java:146)
  test.java.com.test.testSuite.TestCases.testAddRolePass(TestCases.java:406)
  sun.reflect.NativeMethodAccessorImpl.invoke0(Native Method)
  sun.reflect.NativeMethodAccessorImpl.invoke(NativeMethodAccessorImpl.java:62)
  sun.reflect.DelegatingMethodAccessorImpl.invoke(DelegatingMethodAccessorImpl.java:43)
  java.lang.reflect.Method.invoke(Method.java:483)
  org.testng.internal.MethodInvocationHelper.invokeMethod(MethodInvocationHelper.java:124)
  org.testng.internal.Invoker.invokeMethod(Invoker.java:583)
  org.testng.internal.Invoker.invokeTestMethod(Invoker.java:719)
  org.testng.internal.Invoker.invokeTestMethods(Invoker.java:989)
  org.testng.internal.TestMethodWorker.invokeTestMethods(TestMethodWorker.java:125)
  org.testng.internal.TestMethodWorker.run(TestMethodWorker.java:109)
  java.util.concurrent.ThreadPoolExecutor.runWorker(ThreadPoolExecutor.java:1142)
  java.util.concurrent.ThreadPoolExecutor$Worker.run(ThreadPoolExecutor.java:617)
  java.lang.Thread.run(Thread.java:744)
]]>
      </failure>

          </testcase>
  
  
            <testcase name="testDataBrowseFolder" time="1.619" classname="test.java.com.test.testSuite.TestCases" />
                <testcase name="testSelectDataType_HongGuan" time="1.634" classname="test.java.com.test.testSuite.TestCases" />
                <testcase name="testInputRoadNameAndLocate" time="16.451" classname="test.java.com.test.testSuite.TestCases" />
      
</testsuite>
