<?xml version="1.0" encoding="UTF-8"?>
<!-- Generated by org.testng.reporters.JUnitReportReporter -->
<testsuite skipped="25" hostname="DESKTOP-LPMN131" name="test.java.com.test.testSuite.TestCases" tests="58" failures="0" timestamp="14 二月 2019 06:19:49 GMT" time="108.435" errors="13">
  <testcase name="testSelectDataType_HongGuan" time="1.489" classname="test.java.com.test.testSuite.TestCases"/>
  <testcase name="testEditDept" time="0.012" classname="test.java.com.test.testSuite.TestCases">
    <skipped/>
  </testcase> <!-- testEditDept -->
  <testcase name="testDeleteUser" time="12.819" classname="test.java.com.test.testSuite.TestCases"/>
  <testcase name="testDataUpdateUploadFile" time="3.032" classname="test.java.com.test.testSuite.TestCases">
    <error type="java.lang.NullPointerException">
      <![CDATA[java.lang.NullPointerException
at test.java.com.test.testSuite.TestCases.testDataUpdateUploadFile(TestCases.java:186)
at sun.reflect.NativeMethodAccessorImpl.invoke0(Native Method)
at sun.reflect.NativeMethodAccessorImpl.invoke(NativeMethodAccessorImpl.java:62)
at sun.reflect.DelegatingMethodAccessorImpl.invoke(DelegatingMethodAccessorImpl.java:43)
at java.lang.reflect.Method.invoke(Method.java:483)
at org.testng.internal.MethodInvocationHelper.invokeMethod(MethodInvocationHelper.java:124)
at org.testng.internal.Invoker.invokeMethod(Invoker.java:583)
at org.testng.internal.Invoker.retryFailed(Invoker.java:839)
at org.testng.internal.Invoker.invokeTestMethods(Invoker.java:1010)
at org.testng.internal.TestMethodWorker.invokeTestMethods(TestMethodWorker.java:125)
at org.testng.internal.TestMethodWorker.run(TestMethodWorker.java:109)
at java.util.concurrent.ThreadPoolExecutor.runWorker(ThreadPoolExecutor.java:1142)
at java.util.concurrent.ThreadPoolExecutor$Worker.run(ThreadPoolExecutor.java:617)
at java.lang.Thread.run(Thread.java:744)
]]>
    </error>
  </testcase> <!-- testDataUpdateUploadFile -->
  <testcase name="testSelectFromDropListAndSearchUser" time="0.088" classname="test.java.com.test.testSuite.TestCases">
    <skipped/>
  </testcase> <!-- testSelectFromDropListAndSearchUser -->
  <testcase name="testEditRole" time="0.014" classname="test.java.com.test.testSuite.TestCases">
    <skipped/>
  </testcase> <!-- testEditRole -->
  <testcase name="testAddUserFiledNotNull" time="1.230" classname="test.java.com.test.testSuite.TestCases"/>
  <testcase name="testCustomQueryAndStatistics" time="1.468" classname="test.java.com.test.testSuite.TestCases"/>
  <testcase name="testEditDept" time="0.011" classname="test.java.com.test.testSuite.TestCases">
    <error type="java.lang.NullPointerException">
      <![CDATA[java.lang.NullPointerException
at org.openqa.selenium.support.ui.ExpectedConditions.elementIfVisible(ExpectedConditions.java:315)
at org.openqa.selenium.support.ui.ExpectedConditions.access$100(ExpectedConditions.java:44)
at org.openqa.selenium.support.ui.ExpectedConditions$10.apply(ExpectedConditions.java:301)
at org.openqa.selenium.support.ui.ExpectedConditions$10.apply(ExpectedConditions.java:298)
at org.openqa.selenium.support.ui.FluentWait.until(FluentWait.java:248)
at com.test.pages.UserManagePage.goToDeptManagePage(UserManagePage.java:261)
at test.java.com.test.testSuite.TestCases.testEditDept(TestCases.java:601)
at sun.reflect.NativeMethodAccessorImpl.invoke0(Native Method)
at sun.reflect.NativeMethodAccessorImpl.invoke(NativeMethodAccessorImpl.java:62)
at sun.reflect.DelegatingMethodAccessorImpl.invoke(DelegatingMethodAccessorImpl.java:43)
at java.lang.reflect.Method.invoke(Method.java:483)
at org.testng.internal.MethodInvocationHelper.invokeMethod(MethodInvocationHelper.java:124)
at org.testng.internal.Invoker.invokeMethod(Invoker.java:583)
at org.testng.internal.Invoker.retryFailed(Invoker.java:839)
at org.testng.internal.Invoker.invokeTestMethods(Invoker.java:1010)
at org.testng.internal.TestMethodWorker.invokeTestMethods(TestMethodWorker.java:125)
at org.testng.internal.TestMethodWorker.run(TestMethodWorker.java:109)
at java.util.concurrent.ThreadPoolExecutor.runWorker(ThreadPoolExecutor.java:1142)
at java.util.concurrent.ThreadPoolExecutor$Worker.run(ThreadPoolExecutor.java:617)
at java.lang.Thread.run(Thread.java:744)
]]>
    </error>
  </testcase> <!-- testEditDept -->
  <testcase name="testAddDept" time="0.011" classname="test.java.com.test.testSuite.TestCases">
    <skipped/>
  </testcase> <!-- testAddDept -->
  <testcase name="testSelectFromDropListAndSearchRole" time="0.798" classname="test.java.com.test.testSuite.TestCases">
    <skipped/>
  </testcase> <!-- testSelectFromDropListAndSearchRole -->
  <testcase name="testConditionQueryAndLocate" time="7.515" classname="test.java.com.test.testSuite.TestCases"/>
  <testcase name="testDeleteDept" time="0.013" classname="test.java.com.test.testSuite.TestCases">
    <skipped/>
  </testcase> <!-- testDeleteDept -->
  <testcase name="testDeleteDept" time="0.010" classname="test.java.com.test.testSuite.TestCases">
    <skipped/>
  </testcase> <!-- testDeleteDept -->
  <testcase name="testDeleteDept" time="0.011" classname="test.java.com.test.testSuite.TestCases">
    <error type="java.lang.NullPointerException">
      <![CDATA[java.lang.NullPointerException
at org.openqa.selenium.support.ui.ExpectedConditions.elementIfVisible(ExpectedConditions.java:315)
at org.openqa.selenium.support.ui.ExpectedConditions.access$100(ExpectedConditions.java:44)
at org.openqa.selenium.support.ui.ExpectedConditions$10.apply(ExpectedConditions.java:301)
at org.openqa.selenium.support.ui.ExpectedConditions$10.apply(ExpectedConditions.java:298)
at org.openqa.selenium.support.ui.FluentWait.until(FluentWait.java:248)
at com.test.pages.UserManagePage.goToDeptManagePage(UserManagePage.java:261)
at test.java.com.test.testSuite.TestCases.testDeleteDept(TestCases.java:619)
at sun.reflect.NativeMethodAccessorImpl.invoke0(Native Method)
at sun.reflect.NativeMethodAccessorImpl.invoke(NativeMethodAccessorImpl.java:62)
at sun.reflect.DelegatingMethodAccessorImpl.invoke(DelegatingMethodAccessorImpl.java:43)
at java.lang.reflect.Method.invoke(Method.java:483)
at org.testng.internal.MethodInvocationHelper.invokeMethod(MethodInvocationHelper.java:124)
at org.testng.internal.Invoker.invokeMethod(Invoker.java:583)
at org.testng.internal.Invoker.retryFailed(Invoker.java:839)
at org.testng.internal.Invoker.invokeTestMethods(Invoker.java:1010)
at org.testng.internal.TestMethodWorker.invokeTestMethods(TestMethodWorker.java:125)
at org.testng.internal.TestMethodWorker.run(TestMethodWorker.java:109)
at java.util.concurrent.ThreadPoolExecutor.runWorker(ThreadPoolExecutor.java:1142)
at java.util.concurrent.ThreadPoolExecutor$Worker.run(ThreadPoolExecutor.java:617)
at java.lang.Thread.run(Thread.java:744)
]]>
    </error>
  </testcase> <!-- testDeleteDept -->
  <testcase name="testEditRole" time="0.012" classname="test.java.com.test.testSuite.TestCases">
    <error type="java.lang.NullPointerException">
      <![CDATA[java.lang.NullPointerException
at org.openqa.selenium.support.ui.ExpectedConditions.elementIfVisible(ExpectedConditions.java:315)
at org.openqa.selenium.support.ui.ExpectedConditions.access$100(ExpectedConditions.java:44)
at org.openqa.selenium.support.ui.ExpectedConditions$10.apply(ExpectedConditions.java:301)
at org.openqa.selenium.support.ui.ExpectedConditions$10.apply(ExpectedConditions.java:298)
at org.openqa.selenium.support.ui.FluentWait.until(FluentWait.java:248)
at com.test.pages.UserManagePage.goToRoleManagePage(UserManagePage.java:146)
at test.java.com.test.testSuite.TestCases.testEditRole(TestCases.java:457)
at sun.reflect.NativeMethodAccessorImpl.invoke0(Native Method)
at sun.reflect.NativeMethodAccessorImpl.invoke(NativeMethodAccessorImpl.java:62)
at sun.reflect.DelegatingMethodAccessorImpl.invoke(DelegatingMethodAccessorImpl.java:43)
at java.lang.reflect.Method.invoke(Method.java:483)
at org.testng.internal.MethodInvocationHelper.invokeMethod(MethodInvocationHelper.java:124)
at org.testng.internal.Invoker.invokeMethod(Invoker.java:583)
at org.testng.internal.Invoker.retryFailed(Invoker.java:839)
at org.testng.internal.Invoker.invokeTestMethods(Invoker.java:1010)
at org.testng.internal.TestMethodWorker.invokeTestMethods(TestMethodWorker.java:125)
at org.testng.internal.TestMethodWorker.run(TestMethodWorker.java:109)
at java.util.concurrent.ThreadPoolExecutor.runWorker(ThreadPoolExecutor.java:1142)
at java.util.concurrent.ThreadPoolExecutor$Worker.run(ThreadPoolExecutor.java:617)
at java.lang.Thread.run(Thread.java:744)
]]>
    </error>
  </testcase> <!-- testEditRole -->
  <testcase name="testAddUserFieldLength" time="1.503" classname="test.java.com.test.testSuite.TestCases"/>
  <testcase name="testInputKeywordAndSearchDept" time="0.012" classname="test.java.com.test.testSuite.TestCases">
    <skipped/>
  </testcase> <!-- testInputKeywordAndSearchDept -->
  <testcase name="testFenYeInUserRole" time="0.010" classname="test.java.com.test.testSuite.TestCases">
    <skipped/>
  </testcase> <!-- testFenYeInUserRole -->
  <testcase name="testSelectFromDropListAndSearchUser" time="0.501" classname="test.java.com.test.testSuite.TestCases"/>
  <testcase name="testInputKeywordAndSearchRole" time="0.352" classname="test.java.com.test.testSuite.TestCases"/>
  <testcase name="testSelectFromDropListAndSearchRole" time="0.014" classname="test.java.com.test.testSuite.TestCases">
    <skipped/>
  </testcase> <!-- testSelectFromDropListAndSearchRole -->
  <testcase name="testEditUser" time="9.358" classname="test.java.com.test.testSuite.TestCases"/>
  <testcase name="testInputKeywordAndSearchUser" time="0.336" classname="test.java.com.test.testSuite.TestCases"/>
  <testcase name="testSelectDataTypeAndMeasureInDataExport" time="2.981" classname="test.java.com.test.testSuite.TestCases"/>
  <testcase name="testVerifyDeptNameField" time="0.011" classname="test.java.com.test.testSuite.TestCases">
    <skipped/>
  </testcase> <!-- testVerifyDeptNameField -->
  <testcase name="testInputRoadNameAndLocateAndExportData" time="4.814" classname="test.java.com.test.testSuite.TestCases"/>
  <testcase name="testSelectFromDropListAndSearchRole" time="0.014" classname="test.java.com.test.testSuite.TestCases">
    <error type="java.lang.NullPointerException">
      <![CDATA[java.lang.NullPointerException
at org.openqa.selenium.support.ui.ExpectedConditions.elementIfVisible(ExpectedConditions.java:315)
at org.openqa.selenium.support.ui.ExpectedConditions.access$100(ExpectedConditions.java:44)
at org.openqa.selenium.support.ui.ExpectedConditions$10.apply(ExpectedConditions.java:301)
at org.openqa.selenium.support.ui.ExpectedConditions$10.apply(ExpectedConditions.java:298)
at org.openqa.selenium.support.ui.FluentWait.until(FluentWait.java:248)
at com.test.pages.UserManagePage.goToRoleManagePage(UserManagePage.java:146)
at test.java.com.test.testSuite.TestCases.testSelectFromDropListAndSearchRole(TestCases.java:444)
at sun.reflect.NativeMethodAccessorImpl.invoke0(Native Method)
at sun.reflect.NativeMethodAccessorImpl.invoke(NativeMethodAccessorImpl.java:62)
at sun.reflect.DelegatingMethodAccessorImpl.invoke(DelegatingMethodAccessorImpl.java:43)
at java.lang.reflect.Method.invoke(Method.java:483)
at org.testng.internal.MethodInvocationHelper.invokeMethod(MethodInvocationHelper.java:124)
at org.testng.internal.Invoker.invokeMethod(Invoker.java:583)
at org.testng.internal.Invoker.retryFailed(Invoker.java:839)
at org.testng.internal.Invoker.invokeTestMethods(Invoker.java:1010)
at org.testng.internal.TestMethodWorker.invokeTestMethods(TestMethodWorker.java:125)
at org.testng.internal.TestMethodWorker.run(TestMethodWorker.java:109)
at java.util.concurrent.ThreadPoolExecutor.runWorker(ThreadPoolExecutor.java:1142)
at java.util.concurrent.ThreadPoolExecutor$Worker.run(ThreadPoolExecutor.java:617)
at java.lang.Thread.run(Thread.java:744)
]]>
    </error>
  </testcase> <!-- testSelectFromDropListAndSearchRole -->
  <testcase name="testDataUpdateUploadFile" time="3.035" classname="test.java.com.test.testSuite.TestCases">
    <skipped/>
  </testcase> <!-- testDataUpdateUploadFile -->
  <testcase name="testUserNameNotAllowedDuplicate" time="1.397" classname="test.java.com.test.testSuite.TestCases"/>
  <testcase name="testRoleNameFieldVerify" time="2.193" classname="test.java.com.test.testSuite.TestCases"/>
  <testcase name="testInputKeywordAndSearchDept" time="0.012" classname="test.java.com.test.testSuite.TestCases">
    <error type="java.lang.NullPointerException">
      <![CDATA[java.lang.NullPointerException
at org.openqa.selenium.support.ui.ExpectedConditions.elementIfVisible(ExpectedConditions.java:315)
at org.openqa.selenium.support.ui.ExpectedConditions.access$100(ExpectedConditions.java:44)
at org.openqa.selenium.support.ui.ExpectedConditions$10.apply(ExpectedConditions.java:301)
at org.openqa.selenium.support.ui.ExpectedConditions$10.apply(ExpectedConditions.java:298)
at org.openqa.selenium.support.ui.FluentWait.until(FluentWait.java:248)
at com.test.pages.UserManagePage.goToDeptManagePage(UserManagePage.java:261)
at test.java.com.test.testSuite.TestCases.testInputKeywordAndSearchDept(TestCases.java:577)
at sun.reflect.NativeMethodAccessorImpl.invoke0(Native Method)
at sun.reflect.NativeMethodAccessorImpl.invoke(NativeMethodAccessorImpl.java:62)
at sun.reflect.DelegatingMethodAccessorImpl.invoke(DelegatingMethodAccessorImpl.java:43)
at java.lang.reflect.Method.invoke(Method.java:483)
at org.testng.internal.MethodInvocationHelper.invokeMethod(MethodInvocationHelper.java:124)
at org.testng.internal.Invoker.invokeMethod(Invoker.java:583)
at org.testng.internal.Invoker.retryFailed(Invoker.java:839)
at org.testng.internal.Invoker.invokeTestMethods(Invoker.java:1010)
at org.testng.internal.TestMethodWorker.invokeTestMethods(TestMethodWorker.java:125)
at org.testng.internal.TestMethodWorker.run(TestMethodWorker.java:109)
at java.util.concurrent.ThreadPoolExecutor.runWorker(ThreadPoolExecutor.java:1142)
at java.util.concurrent.ThreadPoolExecutor$Worker.run(ThreadPoolExecutor.java:617)
at java.lang.Thread.run(Thread.java:744)
]]>
    </error>
  </testcase> <!-- testInputKeywordAndSearchDept -->
  <testcase name="testFenYeInUserRole" time="0.011" classname="test.java.com.test.testSuite.TestCases">
    <skipped/>
  </testcase> <!-- testFenYeInUserRole -->
  <testcase name="testAddDept" time="0.012" classname="test.java.com.test.testSuite.TestCases">
    <skipped/>
  </testcase> <!-- testAddDept -->
  <testcase name="testInputRoadNameAndLocate" time="7.939" classname="test.java.com.test.testSuite.TestCases"/>
  <testcase name="testAddUserPass" time="7.495" classname="test.java.com.test.testSuite.TestCases"/>
  <testcase name="testDeleteRole" time="0.012" classname="test.java.com.test.testSuite.TestCases">
    <skipped/>
  </testcase> <!-- testDeleteRole -->
  <testcase name="testEditDept" time="0.011" classname="test.java.com.test.testSuite.TestCases">
    <skipped/>
  </testcase> <!-- testEditDept -->
  <testcase name="testDataRecover" time="3.023" classname="test.java.com.test.testSuite.TestCases">
    <skipped/>
  </testcase> <!-- testDataRecover -->
  <testcase name="testFenYeInUserRole" time="0.011" classname="test.java.com.test.testSuite.TestCases">
    <error type="java.lang.NullPointerException">
      <![CDATA[java.lang.NullPointerException
at org.openqa.selenium.support.ui.ExpectedConditions.elementIfVisible(ExpectedConditions.java:315)
at org.openqa.selenium.support.ui.ExpectedConditions.access$100(ExpectedConditions.java:44)
at org.openqa.selenium.support.ui.ExpectedConditions$10.apply(ExpectedConditions.java:301)
at org.openqa.selenium.support.ui.ExpectedConditions$10.apply(ExpectedConditions.java:298)
at org.openqa.selenium.support.ui.FluentWait.until(FluentWait.java:248)
at com.test.pages.UserManagePage.goToRoleManagePage(UserManagePage.java:146)
at test.java.com.test.testSuite.TestCases.testFenYeInUserRole(TestCases.java:477)
at sun.reflect.NativeMethodAccessorImpl.invoke0(Native Method)
at sun.reflect.NativeMethodAccessorImpl.invoke(NativeMethodAccessorImpl.java:62)
at sun.reflect.DelegatingMethodAccessorImpl.invoke(DelegatingMethodAccessorImpl.java:43)
at java.lang.reflect.Method.invoke(Method.java:483)
at org.testng.internal.MethodInvocationHelper.invokeMethod(MethodInvocationHelper.java:124)
at org.testng.internal.Invoker.invokeMethod(Invoker.java:583)
at org.testng.internal.Invoker.retryFailed(Invoker.java:839)
at org.testng.internal.Invoker.invokeTestMethods(Invoker.java:1010)
at org.testng.internal.TestMethodWorker.invokeTestMethods(TestMethodWorker.java:125)
at org.testng.internal.TestMethodWorker.run(TestMethodWorker.java:109)
at java.util.concurrent.ThreadPoolExecutor.runWorker(ThreadPoolExecutor.java:1142)
at java.util.concurrent.ThreadPoolExecutor$Worker.run(ThreadPoolExecutor.java:617)
at java.lang.Thread.run(Thread.java:744)
]]>
    </error>
  </testcase> <!-- testFenYeInUserRole -->
  <testcase name="testSelectFromDropListAndSearchDept" time="0.009" classname="test.java.com.test.testSuite.TestCases">
    <error type="java.lang.NullPointerException">
      <![CDATA[java.lang.NullPointerException
at org.openqa.selenium.support.ui.ExpectedConditions.elementIfVisible(ExpectedConditions.java:315)
at org.openqa.selenium.support.ui.ExpectedConditions.access$100(ExpectedConditions.java:44)
at org.openqa.selenium.support.ui.ExpectedConditions$10.apply(ExpectedConditions.java:301)
at org.openqa.selenium.support.ui.ExpectedConditions$10.apply(ExpectedConditions.java:298)
at org.openqa.selenium.support.ui.FluentWait.until(FluentWait.java:248)
at com.test.pages.UserManagePage.goToDeptManagePage(UserManagePage.java:261)
at test.java.com.test.testSuite.TestCases.testSelectFromDropListAndSearchDept(TestCases.java:588)
at sun.reflect.NativeMethodAccessorImpl.invoke0(Native Method)
at sun.reflect.NativeMethodAccessorImpl.invoke(NativeMethodAccessorImpl.java:62)
at sun.reflect.DelegatingMethodAccessorImpl.invoke(DelegatingMethodAccessorImpl.java:43)
at java.lang.reflect.Method.invoke(Method.java:483)
at org.testng.internal.MethodInvocationHelper.invokeMethod(MethodInvocationHelper.java:124)
at org.testng.internal.Invoker.invokeMethod(Invoker.java:583)
at org.testng.internal.Invoker.retryFailed(Invoker.java:839)
at org.testng.internal.Invoker.invokeTestMethods(Invoker.java:1010)
at org.testng.internal.TestMethodWorker.invokeTestMethods(TestMethodWorker.java:125)
at org.testng.internal.TestMethodWorker.run(TestMethodWorker.java:109)
at java.util.concurrent.ThreadPoolExecutor.runWorker(ThreadPoolExecutor.java:1142)
at java.util.concurrent.ThreadPoolExecutor$Worker.run(ThreadPoolExecutor.java:617)
at java.lang.Thread.run(Thread.java:744)
]]>
    </error>
  </testcase> <!-- testSelectFromDropListAndSearchDept -->
  <testcase name="testSelectFromDropListAndSearchDept" time="0.009" classname="test.java.com.test.testSuite.TestCases">
    <skipped/>
  </testcase> <!-- testSelectFromDropListAndSearchDept -->
  <testcase name="testDataUpdateUploadFile" time="3.027" classname="test.java.com.test.testSuite.TestCases">
    <skipped/>
  </testcase> <!-- testDataUpdateUploadFile -->
  <testcase name="testSelectDataTypeAndAreaMeasureInDataQueryFolder" time="2.063" classname="test.java.com.test.testSuite.TestCases"/>
  <testcase name="tearDown" time="0.043" classname="test.java.com.test.testSuite.TestCases">
    <error type="org.openqa.selenium.WebDriverException" message="unknown error: Cannot read property &#039;getAttribute&#039; of null
  (Session info: chrome=72.0.3626.96)
  (Driver info: chromedriver=2.40.565498 (ea082db3280dd6843ebfb08a625e3eb905c4f5ab),platform=Windows NT 10.0.17134 x86_64) (WARNING: The server did not provide any stacktrace information)
Command duration or timeout: 0 milliseconds
Build info: version: &#039;3.12.0&#039;, revision: &#039;7c6e0b3&#039;, time: &#039;2018-05-08T14:04:26.12Z&#039;
System info: host: &#039;DESKTOP-LPMN131&#039;, ip: &#039;192.168.10.160&#039;, os.name: &#039;Windows 8.1&#039;, os.arch: &#039;amd64&#039;, os.version: &#039;6.3&#039;, java.version: &#039;1.8.0&#039;
Driver info: org.openqa.selenium.chrome.ChromeDriver
Capabilities {acceptInsecureCerts: false, acceptSslCerts: false, applicationCacheEnabled: false, browserConnectionEnabled: false, browserName: chrome, chrome: {chromedriverVersion: 2.40.565498 (ea082db3280dd6..., userDataDir: C:\Users\w\AppData\Local\Te...}, cssSelectorsEnabled: true, databaseEnabled: false, handlesAlerts: true, hasTouchScreen: false, javascriptEnabled: true, locationContextEnabled: true, mobileEmulationEnabled: false, nativeEvents: true, networkConnectionEnabled: false, pageLoadStrategy: normal, platform: XP, platformName: XP, rotatable: false, setWindowRect: true, takesHeapSnapshot: true, takesScreenshot: true, unexpectedAlertBehaviour: , unhandledPromptBehavior: , version: 72.0.3626.96, webStorageEnabled: true}
Session ID: 341fa115e835f6d81c6eeb38dd5902e0">
      <![CDATA[org.openqa.selenium.WebDriverException: unknown error: Cannot read property 'getAttribute' of null
  (Session info: chrome=72.0.3626.96)
  (Driver info: chromedriver=2.40.565498 (ea082db3280dd6843ebfb08a625e3eb905c4f5ab),platform=Windows NT 10.0.17134 x86_64) (WARNING: The server did not provide any stacktrace information)
Command duration or timeout: 0 milliseconds
Build info: version: '3.12.0', revision: '7c6e0b3', time: '2018-05-08T14:04:26.12Z'
System info: host: 'DESKTOP-LPMN131', ip: '192.168.10.160', os.name: 'Windows 8.1', os.arch: 'amd64', os.version: '6.3', java.version: '1.8.0'
Driver info: org.openqa.selenium.chrome.ChromeDriver
Capabilities {acceptInsecureCerts: false, acceptSslCerts: false, applicationCacheEnabled: false, browserConnectionEnabled: false, browserName: chrome, chrome: {chromedriverVersion: 2.40.565498 (ea082db3280dd6..., userDataDir: C:\Users\w\AppData\Local\Te...}, cssSelectorsEnabled: true, databaseEnabled: false, handlesAlerts: true, hasTouchScreen: false, javascriptEnabled: true, locationContextEnabled: true, mobileEmulationEnabled: false, nativeEvents: true, networkConnectionEnabled: false, pageLoadStrategy: normal, platform: XP, platformName: XP, rotatable: false, setWindowRect: true, takesHeapSnapshot: true, takesScreenshot: true, unexpectedAlertBehaviour: , unhandledPromptBehavior: , version: 72.0.3626.96, webStorageEnabled: true}
Session ID: 341fa115e835f6d81c6eeb38dd5902e0
at sun.reflect.NativeConstructorAccessorImpl.newInstance0(Native Method)
at sun.reflect.NativeConstructorAccessorImpl.newInstance(NativeConstructorAccessorImpl.java:62)
at sun.reflect.DelegatingConstructorAccessorImpl.newInstance(DelegatingConstructorAccessorImpl.java:45)
at java.lang.reflect.Constructor.newInstance(Constructor.java:408)
at org.openqa.selenium.remote.ErrorHandler.createThrowable(ErrorHandler.java:214)
at org.openqa.selenium.remote.ErrorHandler.throwIfResponseFailed(ErrorHandler.java:166)
at org.openqa.selenium.remote.http.JsonHttpResponseCodec.reconstructValue(JsonHttpResponseCodec.java:40)
at org.openqa.selenium.remote.http.AbstractHttpResponseCodec.decode(AbstractHttpResponseCodec.java:80)
at org.openqa.selenium.remote.http.AbstractHttpResponseCodec.decode(AbstractHttpResponseCodec.java:44)
at org.openqa.selenium.remote.HttpCommandExecutor.execute(HttpCommandExecutor.java:158)
at org.openqa.selenium.remote.service.DriverCommandExecutor.execute(DriverCommandExecutor.java:83)
at org.openqa.selenium.remote.RemoteWebDriver.execute(RemoteWebDriver.java:543)
at org.openqa.selenium.remote.RemoteWebDriver.executeScript(RemoteWebDriver.java:480)
at com.test.basic.Functions.highlight(Functions.java:19)
at com.test.pages.MiddleMapPage.exitBtn(MiddleMapPage.java:267)
at test.java.com.test.testSuite.TestCases.tearDown(TestCases.java:37)
at sun.reflect.NativeMethodAccessorImpl.invoke0(Native Method)
at sun.reflect.NativeMethodAccessorImpl.invoke(NativeMethodAccessorImpl.java:62)
at sun.reflect.DelegatingMethodAccessorImpl.invoke(DelegatingMethodAccessorImpl.java:43)
at java.lang.reflect.Method.invoke(Method.java:483)
at org.testng.internal.MethodInvocationHelper.invokeMethod(MethodInvocationHelper.java:124)
at org.testng.internal.MethodInvocationHelper.invokeMethodConsideringTimeout(MethodInvocationHelper.java:59)
at org.testng.internal.Invoker.invokeConfigurationMethod(Invoker.java:458)
at org.testng.internal.Invoker.invokeConfigurations(Invoker.java:222)
at org.testng.internal.Invoker.invokeConfigurations(Invoker.java:142)
at org.testng.internal.TestMethodWorker.invokeAfterClassMethods(TestMethodWorker.java:214)
at org.testng.internal.TestMethodWorker.run(TestMethodWorker.java:111)
at java.util.concurrent.ThreadPoolExecutor.runWorker(ThreadPoolExecutor.java:1142)
at java.util.concurrent.ThreadPoolExecutor$Worker.run(ThreadPoolExecutor.java:617)
at java.lang.Thread.run(Thread.java:744)
]]>
    </error>
  </testcase> <!-- tearDown -->
  <testcase name="testDeleteRole" time="0.013" classname="test.java.com.test.testSuite.TestCases">
    <error type="java.lang.NullPointerException">
      <![CDATA[java.lang.NullPointerException
at org.openqa.selenium.support.ui.ExpectedConditions.elementIfVisible(ExpectedConditions.java:315)
at org.openqa.selenium.support.ui.ExpectedConditions.access$100(ExpectedConditions.java:44)
at org.openqa.selenium.support.ui.ExpectedConditions$10.apply(ExpectedConditions.java:301)
at org.openqa.selenium.support.ui.ExpectedConditions$10.apply(ExpectedConditions.java:298)
at org.openqa.selenium.support.ui.FluentWait.until(FluentWait.java:248)
at com.test.pages.UserManagePage.goToRoleManagePage(UserManagePage.java:146)
at test.java.com.test.testSuite.TestCases.testDeleteRole(TestCases.java:507)
at sun.reflect.NativeMethodAccessorImpl.invoke0(Native Method)
at sun.reflect.NativeMethodAccessorImpl.invoke(NativeMethodAccessorImpl.java:62)
at sun.reflect.DelegatingMethodAccessorImpl.invoke(DelegatingMethodAccessorImpl.java:43)
at java.lang.reflect.Method.invoke(Method.java:483)
at org.testng.internal.MethodInvocationHelper.invokeMethod(MethodInvocationHelper.java:124)
at org.testng.internal.Invoker.invokeMethod(Invoker.java:583)
at org.testng.internal.Invoker.retryFailed(Invoker.java:839)
at org.testng.internal.Invoker.invokeTestMethods(Invoker.java:1010)
at org.testng.internal.TestMethodWorker.invokeTestMethods(TestMethodWorker.java:125)
at org.testng.internal.TestMethodWorker.run(TestMethodWorker.java:109)
at java.util.concurrent.ThreadPoolExecutor.runWorker(ThreadPoolExecutor.java:1142)
at java.util.concurrent.ThreadPoolExecutor$Worker.run(ThreadPoolExecutor.java:617)
at java.lang.Thread.run(Thread.java:744)
]]>
    </error>
  </testcase> <!-- testDeleteRole -->
  <testcase name="testInputKeywordAndSearchDept" time="0.011" classname="test.java.com.test.testSuite.TestCases">
    <skipped/>
  </testcase> <!-- testInputKeywordAndSearchDept -->
  <testcase name="testSelectFromDropListAndSearchDept" time="0.012" classname="test.java.com.test.testSuite.TestCases">
    <skipped/>
  </testcase> <!-- testSelectFromDropListAndSearchDept -->
  <testcase name="testDeleteRole" time="0.012" classname="test.java.com.test.testSuite.TestCases">
    <skipped/>
  </testcase> <!-- testDeleteRole -->
  <testcase name="testEnlargeAndNarrowMap" time="14.142" classname="test.java.com.test.testSuite.TestCases"/>
  <testcase name="testDataRecover" time="3.025" classname="test.java.com.test.testSuite.TestCases">
    <error type="java.lang.NullPointerException">
      <![CDATA[java.lang.NullPointerException
at org.openqa.selenium.support.ui.ExpectedConditions.elementIfVisible(ExpectedConditions.java:315)
at org.openqa.selenium.support.ui.ExpectedConditions.access$100(ExpectedConditions.java:44)
at org.openqa.selenium.support.ui.ExpectedConditions$10.apply(ExpectedConditions.java:301)
at org.openqa.selenium.support.ui.ExpectedConditions$10.apply(ExpectedConditions.java:298)
at org.openqa.selenium.support.ui.FluentWait.until(FluentWait.java:248)
at test.java.com.test.testSuite.TestCases.testDataRecover(TestCases.java:207)
at sun.reflect.NativeMethodAccessorImpl.invoke0(Native Method)
at sun.reflect.NativeMethodAccessorImpl.invoke(NativeMethodAccessorImpl.java:62)
at sun.reflect.DelegatingMethodAccessorImpl.invoke(DelegatingMethodAccessorImpl.java:43)
at java.lang.reflect.Method.invoke(Method.java:483)
at org.testng.internal.MethodInvocationHelper.invokeMethod(MethodInvocationHelper.java:124)
at org.testng.internal.Invoker.invokeMethod(Invoker.java:583)
at org.testng.internal.Invoker.retryFailed(Invoker.java:839)
at org.testng.internal.Invoker.invokeTestMethods(Invoker.java:1010)
at org.testng.internal.TestMethodWorker.invokeTestMethods(TestMethodWorker.java:125)
at org.testng.internal.TestMethodWorker.run(TestMethodWorker.java:109)
at java.util.concurrent.ThreadPoolExecutor.runWorker(ThreadPoolExecutor.java:1142)
at java.util.concurrent.ThreadPoolExecutor$Worker.run(ThreadPoolExecutor.java:617)
at java.lang.Thread.run(Thread.java:744)
]]>
    </error>
  </testcase> <!-- testDataRecover -->
  <testcase name="testAddDept" time="0.010" classname="test.java.com.test.testSuite.TestCases">
    <error type="java.lang.NullPointerException">
      <![CDATA[java.lang.NullPointerException
at org.openqa.selenium.support.ui.ExpectedConditions.elementIfVisible(ExpectedConditions.java:315)
at org.openqa.selenium.support.ui.ExpectedConditions.access$100(ExpectedConditions.java:44)
at org.openqa.selenium.support.ui.ExpectedConditions$10.apply(ExpectedConditions.java:301)
at org.openqa.selenium.support.ui.ExpectedConditions$10.apply(ExpectedConditions.java:298)
at org.openqa.selenium.support.ui.FluentWait.until(FluentWait.java:248)
at com.test.pages.UserManagePage.goToDeptManagePage(UserManagePage.java:261)
at test.java.com.test.testSuite.TestCases.testAddDept(TestCases.java:535)
at sun.reflect.NativeMethodAccessorImpl.invoke0(Native Method)
at sun.reflect.NativeMethodAccessorImpl.invoke(NativeMethodAccessorImpl.java:62)
at sun.reflect.DelegatingMethodAccessorImpl.invoke(DelegatingMethodAccessorImpl.java:43)
at java.lang.reflect.Method.invoke(Method.java:483)
at org.testng.internal.MethodInvocationHelper.invokeMethod(MethodInvocationHelper.java:124)
at org.testng.internal.Invoker.invokeMethod(Invoker.java:583)
at org.testng.internal.Invoker.retryFailed(Invoker.java:839)
at org.testng.internal.Invoker.invokeTestMethods(Invoker.java:1010)
at org.testng.internal.TestMethodWorker.invokeTestMethods(TestMethodWorker.java:125)
at org.testng.internal.TestMethodWorker.run(TestMethodWorker.java:109)
at java.util.concurrent.ThreadPoolExecutor.runWorker(ThreadPoolExecutor.java:1142)
at java.util.concurrent.ThreadPoolExecutor$Worker.run(ThreadPoolExecutor.java:617)
at java.lang.Thread.run(Thread.java:744)
]]>
    </error>
  </testcase> <!-- testAddDept -->
  <testcase name="testVerifyDeptNameField" time="0.010" classname="test.java.com.test.testSuite.TestCases">
    <skipped/>
  </testcase> <!-- testVerifyDeptNameField -->
  <testcase name="testDataBrowseFolder" time="2.135" classname="test.java.com.test.testSuite.TestCases"/>
  <testcase name="testVerifyDeptNameField" time="0.010" classname="test.java.com.test.testSuite.TestCases">
    <error type="java.lang.NullPointerException">
      <![CDATA[java.lang.NullPointerException
at org.openqa.selenium.support.ui.ExpectedConditions.elementIfVisible(ExpectedConditions.java:315)
at org.openqa.selenium.support.ui.ExpectedConditions.access$100(ExpectedConditions.java:44)
at org.openqa.selenium.support.ui.ExpectedConditions$10.apply(ExpectedConditions.java:301)
at org.openqa.selenium.support.ui.ExpectedConditions$10.apply(ExpectedConditions.java:298)
at org.openqa.selenium.support.ui.FluentWait.until(FluentWait.java:248)
at com.test.pages.UserManagePage.goToDeptManagePage(UserManagePage.java:261)
at test.java.com.test.testSuite.TestCases.testVerifyDeptNameField(TestCases.java:548)
at sun.reflect.NativeMethodAccessorImpl.invoke0(Native Method)
at sun.reflect.NativeMethodAccessorImpl.invoke(NativeMethodAccessorImpl.java:62)
at sun.reflect.DelegatingMethodAccessorImpl.invoke(DelegatingMethodAccessorImpl.java:43)
at java.lang.reflect.Method.invoke(Method.java:483)
at org.testng.internal.MethodInvocationHelper.invokeMethod(MethodInvocationHelper.java:124)
at org.testng.internal.Invoker.invokeMethod(Invoker.java:583)
at org.testng.internal.Invoker.retryFailed(Invoker.java:839)
at org.testng.internal.Invoker.invokeTestMethods(Invoker.java:1010)
at org.testng.internal.TestMethodWorker.invokeTestMethods(TestMethodWorker.java:125)
at org.testng.internal.TestMethodWorker.run(TestMethodWorker.java:109)
at java.util.concurrent.ThreadPoolExecutor.runWorker(ThreadPoolExecutor.java:1142)
at java.util.concurrent.ThreadPoolExecutor$Worker.run(ThreadPoolExecutor.java:617)
at java.lang.Thread.run(Thread.java:744)
]]>
    </error>
  </testcase> <!-- testVerifyDeptNameField -->
  <testcase name="testAddRolePass" time="7.290" classname="test.java.com.test.testSuite.TestCases"/>
  <testcase name="testEditRole" time="0.013" classname="test.java.com.test.testSuite.TestCases">
    <skipped/>
  </testcase> <!-- testEditRole -->
  <testcase name="testDataRecover" time="3.011" classname="test.java.com.test.testSuite.TestCases">
    <skipped/>
  </testcase> <!-- testDataRecover -->
</testsuite> <!-- test.java.com.test.testSuite.TestCases -->
